1676864622.019711 nan nan nan
1676864622.023866 nan nan nan
1676864622.035376 nan nan nan
1676864622.046893 nan nan nan
1676864622.056968 nan nan nan
1676864622.071905 nan nan nan
1676864622.079624 nan nan nan
1676864622.091441 nan nan nan
1676864622.101960 nan nan nan
1676864622.116296 nan nan nan
1676864622.127794 nan nan nan
1676864622.139606 nan nan nan
1676864622.151421 nan nan nan
1676864622.163709 nan nan nan
1676864622.180456 nan nan nan
1676864622.191312 nan nan nan
1676864622.199314 nan nan nan
1676864622.210994 nan nan nan
1676864622.221921 nan nan nan
1676864622.231997 nan nan nan
1676864622.245300 nan nan nan
1676864622.256134 nan nan nan
1676864622.264092 nan nan nan
1676864622.273929 nan nan nan
1676864622.284282 nan nan nan
1676864622.294556 nan nan nan
1676864622.304564 nan nan nan
1676864622.314795 nan nan nan
1676864622.324798 nan nan nan
1676864622.334982 nan nan nan
1676864622.345353 nan nan nan
1676864622.355679 nan nan nan
1676864622.365389 nan nan nan
1676864622.375766 nan nan nan
1676864622.385608 nan nan nan
1676864622.396111 nan nan nan
1676864622.405933 nan nan nan
1676864622.416299 nan nan nan
1676864622.426705 nan nan nan
1676864622.436923 nan nan nan
1676864622.447270 nan nan nan
1676864622.457818 nan nan nan
1676864622.468247 nan nan nan
1676864622.480943 nan nan nan
1676864622.493534 nan nan nan
1676864622.505333 nan nan nan
1676864622.515727 nan nan nan
1676864622.525352 nan nan nan
1676864622.540741 nan nan nan
1676864622.551058 nan nan nan
1676864622.560761 nan nan nan
1676864622.570765 nan nan nan
1676864622.580642 nan nan nan
1676864622.590882 nan nan nan
1676864622.601119 nan nan nan
1676864622.611548 nan nan nan
1676864622.621128 nan nan nan
1676864622.631667 nan nan nan
1676864622.641384 nan nan nan
1676864622.652179 nan nan nan
1676864622.663920 nan nan nan
1676864622.673520 nan nan nan
1676864622.683742 nan nan nan
1676864622.693561 nan nan nan
1676864622.704226 nan nan nan
1676864622.715357 nan nan nan
1676864622.724607 nan nan nan
1676864622.734793 nan nan nan
1676864622.748976 nan nan nan
1676864622.755114 nan nan nan
1676864622.780426 nan nan nan
1676864622.784411 nan nan nan
1676864622.803494 nan nan nan
1676864622.807604 nan nan nan
1676864622.827829 nan nan nan
1676864622.835709 nan nan nan
1676864622.843265 nan nan nan
1676864622.852254 nan nan nan
1676864622.862424 nan nan nan
1676864622.873371 nan nan nan
1676864622.883077 nan nan nan
1676864622.892795 nan nan nan
1676864622.903072 nan nan nan
1676864622.913298 nan nan nan
1676864622.924579 nan nan nan
1676864622.933539 nan nan nan
1676864622.944116 nan nan nan
1676864622.953878 nan nan nan
1676864622.964368 nan nan nan
1676864622.974656 nan nan nan
1676864622.989158 nan nan nan
1676864623.001910 nan nan nan
1676864623.009866 nan nan nan
1676864623.020168 nan nan nan
1676864623.029983 nan nan nan
1676864623.040484 nan nan nan
1676864623.051015 nan nan nan
1676864623.060908 nan nan nan
1676864623.070982 nan nan nan
1676864623.081203 nan nan nan
1676864623.098929 nan nan nan
1676864623.112712 nan nan nan
1676864623.121845 nan nan nan
1676864623.136436 nan nan nan
1676864623.150790 nan nan nan
1676864623.156708 nan nan nan
1676864623.165773 nan nan nan
1676864623.177426 nan nan nan
1676864623.192073 nan nan nan
1676864623.203964 nan nan nan
1676864623.213054 nan nan nan
1676864623.231923 nan nan nan
1676864623.241062 nan nan nan
1676864623.256623 nan nan nan
1676864623.265582 nan nan nan
1676864623.279986 nan nan nan
1676864623.288780 nan nan nan
1676864623.299929 nan nan nan
1676864623.312052 nan nan nan
1676864623.327738 nan nan nan
1676864623.337990 nan nan nan
1676864623.351810 nan nan nan
1676864623.358032 nan nan nan
1676864623.371970 nan nan nan
1676864623.385703 nan nan nan
1676864623.394698 nan nan nan
1676864623.410542 nan nan nan
1676864623.418714 nan nan nan
1676864623.430506 nan nan nan
1676864623.447400 nan nan nan
1676864623.460569 nan nan nan
1676864623.471523 nan nan nan
1676864623.482438 nan nan nan
1676864623.495813 nan nan nan
1676864623.508423 nan nan nan
1676864623.517742 nan nan nan
1676864623.524902 nan nan nan
1676864623.541969 nan nan nan
1676864623.552661 nan nan nan
1676864623.563106 nan nan nan
1676864623.573362 nan nan nan
1676864623.583494 nan nan nan
1676864623.593373 nan nan nan
1676864623.603688 nan nan nan
1676864623.613766 nan nan nan
1676864623.624100 nan nan nan
1676864623.633872 nan nan nan
1676864623.644302 nan nan nan
1676864623.654069 nan nan nan
1676864623.665849 nan nan nan
1676864623.674700 nan nan nan
1676864623.684707 nan nan nan
1676864623.694835 nan nan nan
1676864623.704997 nan nan nan
1676864623.715552 nan nan nan
1676864623.725162 nan nan nan
1676864623.735567 nan nan nan
1676864623.745373 nan nan nan
1676864623.755832 nan nan nan
1676864623.766076 nan nan nan
1676864623.777509 nan nan nan
1676864623.787712 nan nan nan
1676864623.797453 nan nan nan
1676864623.807651 nan nan nan
1676864623.817698 nan nan nan
1676864623.828085 nan nan nan
1676864623.838064 nan nan nan
1676864623.851485 nan nan nan
1676864623.864560 nan nan nan
1676864623.878543 nan nan nan
1676864623.889294 nan nan nan
1676864623.900943 nan nan nan
1676864623.915162 nan nan nan
1676864623.921175 nan nan nan
1676864623.932157 nan nan nan
1676864623.941313 nan nan nan
1676864623.951451 nan nan nan
1676864623.961458 nan nan nan
1676864623.972380 nan nan nan
1676864623.982431 nan nan nan
1676864623.992502 nan nan nan
1676864624.004060 nan nan nan
1676864624.015155 nan nan nan
1676864624.025777 nan nan nan
1676864624.036972 nan nan nan
1676864624.046341 nan nan nan
1676864624.056717 nan nan nan
1676864624.067182 nan nan nan
1676864624.076833 nan nan nan
1676864624.087310 nan nan nan
1676864624.097354 nan nan nan
1676864624.107667 nan nan nan
1676864624.117504 nan nan nan
1676864624.127594 nan nan nan
1676864624.137662 nan nan nan
1676864624.148093 nan nan nan
1676864624.157969 nan nan nan
1676864624.168335 nan nan nan
1676864624.178571 nan nan nan
1676864624.188942 nan nan nan
