1676864904.0670373 654.0
1676864904.4554582 642.25
1676864904.8457255 635.25
1676864905.2667165 649.75
1676864905.656515 597.5
1676864906.0789442 513.25
1676864906.4676378 514.75
1676864906.857434 711.75
1676864907.2791293 760.25
1676864907.6692204 722.0
1676864908.0882473 637.0
1676864908.4807508 661.75
1676864908.871463 1024.75
1676864909.2893345 865.75
1676864909.682413 670.75
1676864910.1029696 693.5
1676864910.4910088 704.25
1676864910.8822432 681.25
1676864911.3032103 644.25
1676864911.691162 623.25
1676864912.111584 641.75
1676864912.5041041 644.25
1676864912.8927655 635.0
1676864913.3121223 633.75
1676864913.7051184 648.0
1676864914.123568 649.75
1676864914.5133889 647.25
1676864914.90611 650.0
1676864915.3242922 636.5
1676864915.7144578 644.75
1676864916.134057 662.0
1676864916.5253978 669.5
1676864916.9159954 671.25
1676864917.3349893 706.0
1676864917.7267504 996.75
1676864918.1459572 1071.75
1676864918.5360763 592.5
1676864918.9269364 456.25
1676864919.3471713 481.5
1676864919.7372158 545.25
1676864920.1578596 643.0
1676864920.547743 727.25
1676864920.9385717 807.0
1676864921.3588712 900.75
1676864921.7487307 826.25
1676864922.1717227 771.25
1676864922.559559 728.0
1676864922.949964 704.0
1676864923.3715973 666.5
1676864923.7606227 622.75
1676864924.1803102 687.5
1676864924.5729837 639.75
1676864924.9617689 665.25
1676864925.3813496 746.75
1676864925.7747436 883.75
1676864926.1952283 970.75
1676864926.5822673 946.0
1676864926.9739113 984.75
1676864927.3954573 928.75
1676864927.7828686 924.25
1676864928.203923 986.25
1676864928.59662 1046.75
1676864929.014477 1090.0
1676864929.4041765 1141.25
1676864929.7976809 1186.0
1676864930.215526 1222.75
1676864930.6051817 1232.25
1676864930.9995847 1223.5
1676864931.4166248 1223.75
1676864931.8060124 1216.75
1676864932.226703 1218.0
1676864932.6174295 1225.25
1676864933.0371234 1234.0
1676864933.4271586 1283.0
1676864933.8182285 1323.0
1676864934.237945 1394.5
1676864934.628256 1445.5
1676864935.0500145 1503.5
1676864935.4390738 1548.5
1676864935.8300314 1571.25
1676864936.2501698 1572.75
1676864936.6402287 1554.0
1676864937.0618055 1517.75
1676864937.4512901 1470.75
1676864937.8406727 1432.5
1676864938.262823 1410.5
1676864938.6518564 1404.75
1676864939.071465 1390.75
1676864939.4631793 1386.5
1676864939.8531008 1377.75
1676864940.2723722 1240.25
1676864940.6647396 1085.5
1676864941.0862622 910.75
1676864941.473428 820.75
1676864941.865279 774.0
1676864942.2869134 704.75
1676864942.6746898 652.0
1676864943.0953197 613.0
1676864943.4873095 598.25
1676864943.87519 572.5
1676864944.2954135 733.0
1676864944.6889422 846.5
1676864945.1075263 805.0
1676864945.4963555 785.0
1676864945.889473 847.25
1676864946.3078995 928.75
1676864946.6973665 978.25
1676864947.1176782 1022.75
1676864947.5111582 1052.25
1676864947.8982701 1095.0
1676864948.3185582 1149.25
1676864948.7097692 1191.75
1676864949.1292503 1256.75
1676864949.5194638 1316.75
1676864949.9107296 1370.5
1676864950.3305988 1429.0
1676864950.722065 1480.0
1676864951.142013 1508.5
1676864951.5311422 1494.75
1676864951.953318 1491.75
1676864952.343161 1480.0
1676864952.731899 1469.25
1676864953.1546593 1460.5
1676864953.543065 1482.0
1676864953.96367 1503.0
1676864954.354623 1498.75
1676864954.74474 1520.75
1676864955.1636443 1428.5
1676864955.5557451 1330.25
1676864955.9772148 1139.25
1676864956.365032 1003.25
1676864956.7577384 900.0
1676864957.1778235 808.25
1676864957.5657337 909.5
1676864957.9860091 938.75
1676864958.3797061 973.75
1676864958.768681 993.0
1676864959.1869652 1025.5
1676864959.5798717 1054.25
1676864959.9978929 1105.25
1676864960.388103 1200.0
1676864960.781102 1304.75
1676864961.19946 1414.5
1676864961.5883749 1527.75
1676864962.008953 1659.5
1676864962.399685 1774.25
1676864962.8214579 1882.5
1676864963.209728 1922.5
1676864963.6021237 1896.5
1676864964.0221689 1876.75
1676864964.4105048 1812.0
1676864964.832159 1790.25
1676864965.2219841 1779.5
1676864965.6115716 1757.0
1676864966.033219 1728.25
1676864966.4221559 1673.0
1676864966.8442178 1613.5
1676864967.2343872 1397.25
1676864967.6235213 1187.5
1676864968.0465117 1052.25
1676864968.4344053 920.5
1676864968.8539085 795.0
1676864969.2468174 737.5
1676864969.6362476 692.25
1676864970.0549536 667.75
1676864970.4471698 977.5
1676864970.8680494 948.5
1676864971.2556932 993.75
1676864971.6474657 1113.25
1676864972.0696945 1257.5
1676864972.4570317 1420.0
1676864972.8774154 1611.5
1676864973.2703145 1793.5
1676864973.658301 1938.5
1676864974.0791395 2100.5
1676864974.4718351 2007.0
1676864974.8893206 1808.5
1676864975.2787638 1484.25
1676864975.672884 1549.75
1676864976.0899508 1637.5
1676864976.4796824 1741.5
1676864976.9006007 1834.5
1676864977.291094 1922.25
1676864977.710715 2012.25
1676864978.1012228 2058.25
1676864978.491928 2051.5
1676864978.9117358 2021.75
1676864979.3020225 1969.75
1676864979.72375 1898.25
1676864980.1125934 1851.0
1676864980.5024438 1787.25
1676864980.9250174 1715.25
1676864981.3141704 1654.25
1676864981.735486 1635.25
1676864982.1256793 1582.0
1676864982.514303 1569.25
1676864982.937125 1554.75
1676864983.3256006 1526.25
1676864983.745438 1504.0
1676864984.137727 1465.0
1676864984.5267591 1468.25
1676864984.9461644 1441.5
1676864985.3383696 1468.5
1676864985.7599647 1502.5
1676864986.1475506 1534.0
1676864986.5385904 1571.75
1676864986.96092 1599.25
1676864987.3487282 1620.5
1676864987.7682388 1610.25
1676864988.1617477 1585.0
1676864988.5491455 1573.0
1676864988.969286 1500.25
1676864989.3620887 1446.0
1676864989.7803526 1362.75
1676864990.1700017 1282.75
1676864990.5632055 1153.0
1676864990.9814444 999.25
1676864991.3715584 900.5
1676864991.791136 803.25
1676864992.1823864 743.0
1676864992.6018815 696.0
1676864992.9926927 664.5
1676864993.3833299 668.25
1676864993.803647 849.5
1676864994.1932738 929.75
1676864994.614237 963.25
1676864995.0036542 1097.0
1676864995.3940594 1203.75
1676864995.8157947 1319.5
1676864996.2068076 1415.25
1676864996.6276684 1559.25
1676864997.016685 1692.0
1676864997.40588 1844.25
1676864997.8287888 2042.75
1676864998.2181203 2259.0
1676864998.6367357 2493.25
1676864999.0286636 2719.75
1676864999.4195838 2929.5
1676864999.8375556 2696.25
1676865000.2292619 2291.75
1676865000.6510134 2207.75
1676865001.0381792 2332.25
1676865001.4301083 2461.0
1676865001.8577313 2599.0
1676865002.2390218 2680.0
1676865002.6594434 2652.0
1676865003.0554996 2617.25
1676865003.4406567 2561.25
1676865003.8610797 2472.75
1676865004.2541082 2365.0
1676865004.6729136 2228.75
1676865005.0616095 2088.75
1676865005.4545836 1931.0
1676865005.8727367 1766.5
1676865006.2620392 1575.5
1676865006.682435 1341.0
1676865007.0735924 879.75
1676865007.493655 783.0
1676865007.883529 838.5
1676865008.274458 798.5
1676865008.6942682 746.0
1676865009.084263 692.0
1676865009.5056615 657.75
1676865009.8955038 1144.5
1676865010.2852328 1454.0
1676865010.70632 1723.25
1676865011.0960002 2082.0
1676865011.5177424 2433.0
1676865011.9097164 2724.25
1676865012.2968404 2685.25
1676865012.7197504 2345.0
1676865013.1091123 2131.25
1676865013.528291 2285.0
1676865013.9198067 2568.75
1676865014.310865 2885.0
1676865014.7287629 3236.0
1676865015.1214237 3568.75
1676865015.547338 3930.75
1676865015.9296753 4240.75
1676865016.3498924 4267.25
1676865016.743766 3316.25
1676865017.1304312 3345.75
1676865017.5506113 3522.75
1676865017.946652 3698.0
1676865018.363925 3888.0
1676865018.7515516 4061.5
1676865019.146861 4237.25
1676865019.565525 4171.25
1676865019.9525657 3469.0
1676865020.348017 3546.75
1676865020.7637715 3606.5
1676865021.154034 3601.25
1676865021.5741642 3613.5
1676865021.9673643 3563.75
1676865022.3866665 3457.75
1676865022.774579 3322.75
1676865023.165871 3214.5
1676865023.5857067 3096.5
1676865023.97557 3025.25
1676865024.3971786 2933.5
1676865024.7862334 2873.0
1676865025.1776333 2845.75
1676865025.5978389 2795.75
1676865025.9870703 2753.25
1676865026.4099164 2703.0
1676865026.7985902 2656.5
1676865027.1880689 2610.0
1676865027.6100037 2579.5
1676865027.9996362 2551.75
1676865028.4196255 2528.0
1676865028.8108082 2496.5
1676865029.2005935 2468.25
1676865029.6198387 2476.75
1676865030.0120215 2454.0
1676865030.4349668 2442.75
1676865030.8207753 2415.25
1676865031.2425559 2418.0
1676865031.6346793 2393.75
1676865032.0218008 2402.5
1676865032.4422119 2371.5
1676865032.835851 2352.0
1676865033.2540836 2349.75
1676865033.6429062 2337.0
1676865034.0370307 2313.5
1676865034.4544384 2321.75
1676865034.8437622 2293.0
1676865035.238609 2292.0
1676865035.6558423 2252.75
1676865036.04509 2223.0
1676865036.465017 2208.0
1676865036.8566475 2191.25
1676865037.276346 2196.0
1676865037.6658971 2177.25
1676865038.0576973 2181.0
1676865038.476721 2182.75
1676865038.8672035 2178.5
1676865039.289478 2179.75
1676865039.6783824 2174.75
1676865040.068068 2162.0
1676865040.4894462 2168.25
1676865040.8791254 2156.25
1676865041.3007889 2141.25
1676865041.6896644 2135.75
1676865042.0796936 2112.25
1676865042.5016599 2087.0
1676865042.890813 2062.75
1676865043.3101342 2029.75
1676865043.7023544 2018.75
1676865044.0917768 1994.5
1676865044.5109317 1977.75
1676865044.903787 1979.25
1676865045.3250077 1947.0
1676865045.7118099 1950.25
1676865046.105286 1954.5
1676865046.525425 1963.0
1676865046.9129307 1946.25
1676865047.3341663 1926.0
1676865047.7261245 1891.0
1676865048.145696 1874.75
1676865048.5343041 1851.75
1676865048.927971 1820.25
1676865049.3457627 1782.75
1676865049.7349396 1758.75
1676865050.1281781 1723.5
1676865050.5463142 1690.5
1676865050.9358103 1662.0
1676865051.3561592 1628.75
1676865051.7473044 1591.25
1676865052.1667802 1523.75
1676865052.5574055 1475.75
1676865052.9488685 1388.0
1676865053.367842 1096.0
1676865053.7581294 1028.0
1676865054.1793694 985.25
1676865054.5688486 899.25
1676865054.9591498 824.5
1676865055.3803415 783.25
1676865055.7697403 728.5
1676865056.1926272 702.0
1676865056.581519 685.25
1676865056.970388 681.75
1676865057.3926842 702.75
1676865057.7821631 1206.5
1676865058.2021542 1884.75
1676865058.5931284 1786.5
1676865058.9841654 1760.25
1676865059.402387 1760.75
1676865059.794157 1755.25
1676865060.2160127 1768.75
1676865060.6036408 1805.25
1676865061.023499 1907.75
1676865061.416826 2059.25
1676865061.804134 2231.75
1676865062.224577 2442.0
1676865062.6193442 2673.25
1676865063.0358298 2931.25
1676865063.4253948 3207.75
1676865063.819336 3492.25
1676865064.2372057 3824.5
1676865064.6261992 3880.75
1676865065.019933 2965.5
1676865065.437881 2995.0
1676865065.8271718 3161.0
1676865066.247443 3345.75
1676865066.6389692 3514.5
1676865067.05811 3696.25
1676865067.449153 3880.75
1676865067.8404927 4078.25
1676865068.2595842 4277.0
1676865068.6496754 4481.5
1676865069.0729303 4668.5
1676865069.4602656 4322.75
1676865069.850014 3810.0
1676865070.2733054 3881.75
1676865070.6614113 3938.0
1676865071.082905 3903.0
1676865071.4750333 3895.0
1676865071.8920372 3856.0
1676865072.2848485 3827.5
1676865072.6754048 3781.0
1676865073.0930507 3793.5
1676865073.4843338 3771.5
1676865073.8757567 3749.0
1676865074.2935457 3536.0
1676865074.6856828 3162.5
1676865075.1077998 2763.25
1676865075.494427 2800.0
1676865075.914902 2802.5
1676865076.3080857 2803.0
1676865076.6955984 2806.75
1676865077.1156638 2807.25
1676865077.5094848 2804.75
1676865077.9271245 2781.25
1676865078.3167958 2771.5
1676865078.710068 2755.25
1676865079.1280925 2747.25
1676865079.518067 2752.25
1676865079.9108646 2760.25
1676865080.3293252 2782.25
1676865080.7184768 2792.25
1676865081.1385322 2783.25
1676865081.5299265 2774.0
1676865081.9498367 2771.5
1676865082.340229 2778.25
1676865082.7312403 2780.75
1676865083.1503801 2779.25
1676865083.5408456 2779.75
1676865083.9629855 2788.5
1676865084.3511834 2786.5
1676865084.7423499 2788.0
1676865085.1635344 2784.25
1676865085.552306 2764.25
1676865085.974122 2765.75
1676865086.3642976 2736.5
1676865086.7531242 2753.75
1676865087.175454 2753.25
1676865087.5658746 2752.75
1676865087.985043 2758.25
1676865088.375696 2757.75
1676865088.766155 2755.75
1676865089.1848865 2748.25
1676865089.5766623 2740.0
1676865089.9987793 2734.5
1676865090.3855672 2714.75
1676865090.8061225 2703.5
1676865091.1994898 2708.5
1676865091.5878332 2694.25
1676865092.0068846 2686.5
1676865092.4006908 2684.25
1676865092.81803 2680.25
1676865093.2080088 2672.25
1676865093.6014662 2677.0
1676865094.0191383 2670.75
1676865094.4088564 2676.5
1676865094.8020647 2674.25
1676865095.220823 2677.5
1676865095.609783 2675.5
1676865096.030043 2681.75
1676865096.4215157 2673.75
1676865096.8409991 2677.0
1676865097.2311645 2696.25
1676865097.6218863 2709.0
1676865098.0417974 2741.5
1676865098.4323006 2766.5
1676865098.853475 2773.5
1676865099.2427034 2771.5
1676865099.6329286 2799.0
1676865100.0558596 2840.75
1676865100.4433799 2880.0
1676865100.8654795 2925.0
1676865101.2566924 2963.75
1676865101.6454494 3002.25
1676865102.0661817 3008.25
1676865102.45649 2994.5
1676865102.8751109 2982.5
1676865103.2666917 2978.5
1676865103.657003 2960.25
1676865104.0760174 2942.25
1676865104.4678094 2932.5
1676865104.8899908 2945.0
1676865105.277026 2919.75
1676865105.6689568 2917.5
1676865106.0907245 2910.75
1676865106.4784093 2905.75
1676865106.8981428 2899.0
1676865107.2919135 2894.0
1676865107.6791635 2885.5
1676865108.099434 2881.25
1676865108.4929738 2877.25
1676865108.9106839 2869.5
1676865109.3000784 2866.75
1676865109.6948779 2857.0
1676865110.1112778 2839.25
1676865110.5011556 2808.25
1676865110.9211829 2796.25
1676865111.3121135 2792.75
1676865111.7018971 2759.25
1676865112.12219 2743.0
1676865112.5136392 2723.25
1676865112.9332476 2703.5
1676865113.3230393 2684.75
1676865113.7141728 2660.5
1676865114.1337955 2642.0
1676865114.5238667 2623.25
1676865114.9460144 2604.5
1676865115.3349447 2581.75
1676865115.725054 2557.75
1676865116.1463938 2519.5
1676865116.5359206 2479.25
1676865116.9589715 2437.0
1676865117.3474553 2392.25
1676865117.7368257 2351.0
1676865118.1590283 2313.0
1676865118.5482757 2252.75
1676865118.9672675 2212.5
1676865119.3603344 2173.75
1676865119.7492867 2127.25
1676865120.1681633 2060.25
1676865120.5599022 1977.75
1676865120.981921 1818.75
1676865121.3690338 2461.75
1676865121.7614357 2329.75
1676865122.1828847 2199.25
1676865122.5697858 2097.5
1676865122.9903183 1868.5
1676865123.3838713 2115.0
1676865123.8019629 2250.75
1676865124.1911278 2124.5
1676865124.5843823 1941.75
1676865125.0036228 1793.25
1676865125.3920786 1568.5
1676865125.7852962 1311.0
1676865126.2033372 1222.0
1676865126.5931633 1074.75
1676865127.013397 929.0
1676865127.4052093 895.5
1676865127.824139 845.0
1676865128.214537 793.25
1676865128.6055634 754.0
1676865129.0257316 719.5
1676865129.4151697 689.0
1676865129.8360076 679.75
1676865130.2259471 674.5
1676865130.6160913 667.25
1676865131.0372767 662.0
1676865131.4268203 663.0
1676865131.849085 642.75
1676865132.2381368 631.5
1676865132.6278672 635.5
1676865133.0494905 643.25
1676865133.4392684 638.5
1676865133.8582723 636.75
1676865134.2504377 646.25
1676865134.6405582 659.75
1676865135.0593333 655.75
1676865135.4520009 660.25
1676865135.8731222 663.75
1676865136.2608237 654.0
1676865136.6521301 634.25
1676865137.0739555 650.25
1676865137.4617038 960.75
1676865137.8818119 1358.5
1676865138.274616 1400.25
1676865138.6620612 1531.5
1676865139.0824325 2019.5
1676865139.4762244 2420.5
1676865139.8942113 2658.0
1676865140.2833111 2329.0
1676865140.677046 2077.75
1676865141.0945697 1900.0
1676865141.4842799 1973.5
1676865141.877604 2086.5
1676865142.2960691 2232.25
1676865142.6897953 2380.0
1676865143.1057904 2558.25
1676865143.4978795 2734.0
1676865143.9162402 2942.75
1676865144.3077471 3147.25
1676865144.6978886 3338.5
1676865145.1177263 3535.0
1676865145.507497 3713.75
1676865145.9306679 3940.0
1676865146.3180158 4184.0
1676865146.7090836 4418.25
1676865147.131278 4312.75
1676865147.518921 3454.5
1676865147.9403536 3401.25
1676865148.3320365 3542.5
1676865148.7205997 3699.0
1676865149.1422307 3856.0
1676865149.5334864 4019.25
1676865149.9215353 4152.75
1676865150.3422236 4312.75
1676865150.7343247 4452.25
1676865151.151757 4592.75
1676865151.5444736 4724.25
1676865151.9355063 4851.0
1676865152.3531797 4970.0
1676865152.744534 4398.75
1676865153.1681266 3968.25
1676865153.5540385 4001.0
1676865153.9736078 4076.0
1676865154.3751078 4134.5
1676865154.7547133 3870.75
1676865155.1747541 3328.75
1676865155.5700848 3130.75
1676865155.986552 3123.5
1676865156.3755608 3134.0
1676865156.769541 3141.25
1676865157.1874914 3112.0
1676865157.5762804 3115.25
1676865157.9701998 3093.25
1676865158.3881156 3075.5
1676865158.7779517 3073.0
1676865159.198084 3095.25
1676865159.588642 3121.5
1676865160.0082102 3156.5
1676865160.3985343 3193.5
1676865160.7898996 3215.25
1676865161.2094252 3250.75
1676865161.5992403 3239.0
1676865162.0214815 3220.75
1676865162.4108288 3202.25
1676865162.801109 3207.75
1676865163.222285 3180.5
1676865163.6112285 3168.5
1676865164.0333445 3157.0
1676865164.4228497 3145.75
1676865164.8119314 3136.0
1676865165.233949 3124.25
1676865165.6251578 3110.0
1676865166.04281 3106.75
1676865166.4355018 3096.5
1676865166.8248203 3097.75
1676865167.2436652 3097.75
1676865167.636834 3091.5
1676865168.0580425 3121.0
1676865168.4448545 3161.0
1676865168.8366888 3198.25
1676865169.2585425 3232.75
1676865169.645801 3257.25
1676865170.0659802 3266.5
1676865170.4594321 3258.0
1676865170.8776314 3260.0
1676865171.2668886 3233.25
1676865171.6603796 3224.25
1676865172.0788996 3208.5
1676865172.4679694 3184.5
1676865172.8889453 3161.75
1676865173.279566 3140.5
1676865173.6688907 3143.25
1676865174.0892532 3136.0
1676865174.480049 3092.75
1676865174.8995073 3079.25
1676865175.289847 3078.0
1676865175.6807961 3068.0
1676865176.100561 3076.25
1676865176.4907508 3075.5
1676865176.913889 3100.25
1676865177.3016133 3115.75
1676865177.691572 3137.25
1676865178.11399 3126.75
1676865178.5023565 3105.5
1676865178.9254582 3080.5
1676865179.3146443 3052.5
1676865179.7029827 3036.25
1676865180.125064 3009.5
1676865180.5153706 2993.25
1676865180.9341636 2997.5
1676865181.326945 3000.5
1676865181.7175312 2997.0
1676865182.135085 2965.0
1676865182.526708 2957.75
1676865182.9487667 2914.25
1676865183.3358617 2889.0
1676865183.7305906 2877.75
1676865184.149845 2839.25
1676865184.5369492 2821.5
1676865184.958225 2802.5
1676865185.3506577 2778.75
1676865185.768911 2771.5
1676865186.1580753 2747.25
1676865186.5515642 2730.5
1676865186.970659 2706.0
1676865187.3591304 2688.5
1676865187.7526767 2665.5
1676865188.1702485 2630.0
1676865188.559813 2599.5
1676865188.9803653 2571.5
1676865189.3712165 2546.5
1676865189.7912967 2521.75
1676865190.1819067 2505.25
1676865190.572021 2485.5
1676865190.9917276 2459.0
1676865191.3817885 2430.5
1676865191.803945 2405.25
1676865192.1935153 2390.75
1676865192.5828643 2368.0
1676865193.0049818 2377.75
1676865193.3934896 2340.0
1676865193.8153224 2215.75
1676865194.2054102 2039.25
1676865194.5944698 1873.25
1676865195.0171824 1672.75
1676865195.406056 1498.0
1676865195.8255026 1333.0
1676865196.21737 1163.5
1676865196.6076903 994.75
1676865197.0262802 779.75
1676865197.4180212 684.0
1676865197.8396564 794.25
1676865198.2270825 1159.0
1676865198.619526 1119.25
1676865199.04066 1125.25
1676865199.4278893 1129.25
1676865199.8485262 1164.5
1676865200.2415648 1160.25
1676865200.6290832 1211.5
1676865201.0496397 1289.5
1676865201.4434364 1362.75
1676865201.8608913 1457.0
1676865202.250633 1569.75
1676865202.6430655 1683.5
1676865203.061745 1798.5
1676865203.4512486 1934.0
1676865203.8719501 2065.75
1676865204.2621577 2197.75
1676865204.651957 2325.0
1676865205.0725868 2462.5
1676865205.463378 2585.25
1676865205.8831527 2733.0
1676865206.2734008 2852.75
1676865206.6643012 2985.0
1676865207.084719 3116.5
1676865207.4741993 3243.75
1676865207.8957326 3378.25
1676865208.2850373 3498.75
1676865208.6751468 3634.5
1676865209.09788 3795.5
1676865209.4858165 3991.25
1676865209.9079976 4194.5
1676865210.2997763 4400.0
1676865210.7169204 4581.5
1676865211.1096504 3971.25
1676865211.5006564 3719.25
1676865211.9180477 3764.0
1676865212.310185 3861.75
1676865212.7013674 3967.0
1676865213.118356 4069.25
1676865213.5120716 3800.25
1676865213.9322815 3147.75
1676865214.3193166 3087.0
1676865214.7396467 3080.0
1676865215.1334565 3067.25
1676865215.5201907 3040.5
1676865215.9406822 3024.75
1676865216.335406 3019.75
1676865216.7518973 3012.0
1676865217.1415172 2979.5
1676865217.536752 2974.25
1676865217.953145 2955.0
1676865218.3428733 2942.75
1676865218.735907 2906.75
1676865219.154059 2881.75
1676865219.5431907 2862.5
1676865219.963499 2853.25
1676865220.3551023 2848.25
1676865220.7741878 2844.0
1676865221.1643715 2853.75
1676865221.5560975 2846.75
1676865221.9751477 2848.25
1676865222.3692892 2843.0
1676865222.7868779 2832.25
1676865223.1763496 2823.25
1676865223.5665166 2815.25
1676865223.9880064 2815.75
1676865224.3769186 2822.0
1676865224.798606 2833.75
1676865225.188803 2809.5
1676865225.577819 2814.75
1676865225.9999099 2794.75
1676865226.3899088 2772.5
1676865226.80891 2776.5
1676865227.2003365 2765.75
1676865227.5913022 2758.75
1676865228.009713 2747.25
1676865228.401886 2729.75
1676865228.8237894 2721.25
1676865229.210678 2691.0
1676865229.6032224 2677.0
1676865230.0242157 2666.5
1676865230.4120588 2661.75
1676865230.832283 2652.0
1676865231.2250745 2644.5
1676865231.6131334 2638.75
1676865232.03377 2639.25
1676865232.42608 2638.5
1676865232.843895 2635.5
1676865233.2335608 2630.0
1676865233.6271522 2634.75
1676865234.045325 2638.75
1676865234.4342852 2642.5
1676865234.8279462 2637.5
1676865235.2462573 2646.75
1676865235.6352415 2652.5
1676865236.05563 2680.25
1676865236.446854 2711.0
1676865236.8662531 2746.0
1676865237.2568588 2785.5
1676865237.6475542 2792.25
1676865238.06778 2789.0
1676865238.4577513 2773.0
1676865238.878973 2766.5
1676865239.2683702 2730.25
1676865239.659176 2728.25
1676865240.0806384 2708.0
1676865240.4699647 2717.25
1676865240.8914702 2688.0
1676865241.2815416 2655.25
1676865241.6701484 2656.25
1676865242.0915422 2645.5
1676865242.4821517 2626.75
1676865242.900898 2606.75
1676865243.293651 2582.0
1676865243.683128 2569.75
1676865244.1018388 2557.0
1676865244.4941916 2563.5
1676865244.9160953 2533.75
1676865245.3036792 2519.25
1676865245.6951225 2496.25
1676865246.1169455 2466.5
1676865246.503472 2418.75
1676865246.9238508 2356.25
1676865247.3177333 2302.25
1676865247.7046344 2236.75
1676865248.1251376 2169.5
1676865248.518238 2122.75
1676865248.9361167 2057.75
1676865249.325614 2003.25
1676865249.7193975 1945.75
1676865250.1372533 1894.5
1676865250.5266 1852.25
1676865250.946758 1833.5
1676865251.3378248 1839.25
1676865251.7275293 1827.25
1676865252.1481261 1834.0
1676865252.538744 1841.0
1676865252.958635 1846.75
1676865253.3489106 1853.75
1676865253.7396355 1862.25
1676865254.1595647 1873.75
1676865254.5495424 1883.0
1676865254.9713383 1886.5
1676865255.3603814 1892.5
1676865255.750838 1907.0
1676865256.1721485 1921.5
1676865256.5614505 1935.25
1676865256.9832404 1948.25
1676865257.3733764 1966.25
1676865257.7625678 1984.5
1676865258.185351 2001.25
1676865258.5741446 2017.75
1676865258.993226 2229.25
1676865259.3857937 2753.25
1676865259.7750583 2711.75
1676865260.1941483 2789.5
1676865260.5859735 2874.0
1676865261.0095117 2956.75
1676865261.3948135 3022.75
1676865261.786397 3095.75
1676865262.2089496 3167.75
1676865262.5965688 3241.75
1676865263.0161448 3028.25
1676865263.4095984 2501.5
1676865263.8273823 2518.25
1676865264.217037 2557.75
1676865264.610729 2573.75
1676865265.0287695 2590.0
1676865265.4179664 2589.75
1676865265.8112154 2591.5
1676865266.2300825 2583.75
1676865266.6188025 2576.75
1676865267.0391915 2567.5
1676865267.429961 2558.75
1676865267.8500984 2553.0
1676865268.240728 2550.5
1676865268.631059 2528.5
1676865269.0507607 2520.5
1676865269.4408243 2510.25
1676865269.8623662 2492.75
1676865270.2516835 2474.25
1676865270.641696 2453.75
1676865271.0637646 2429.75
1676865271.4527674 2426.0
1676865271.8743017 2411.75
1676865272.2642698 2387.0
1676865272.6539996 2373.75
1676865273.0762715 2363.5
1676865273.466222 2351.75
1676865273.8850508 2334.5
1676865274.2771096 2321.5
1676865274.6660554 2307.25
1676865275.085886 2293.75
1676865275.4774728 2291.25
1676865275.899431 2286.75
1676865276.285951 2261.75
1676865276.677706 2259.0
1676865277.1000092 2222.0
1676865277.4872444 2212.0
1676865277.9078515 2190.0
1676865278.3008804 2175.0
1676865278.687716 2181.5
1676865279.1082509 2145.5
1676865279.50122 2154.5
1676865279.9195557 2145.5
1676865280.3096404 2158.25
1676865280.7026849 2132.75
1676865281.1211276 2142.0
1676865281.5101948 2096.0
1676865281.9301949 2057.25
1676865282.3220758 1992.75
1676865282.7411573 1920.75
1676865283.131879 1990.5
1676865283.5226302 2340.75
1676865283.942665 2331.0
1676865284.3330374 2258.25
1676865284.7537858 2147.0
1676865285.142887 2169.5
1676865285.533016 2617.25
1676865285.9546366 2513.75
1676865286.3438282 2400.25
1676865286.7659752 2295.5
1676865287.155407 2208.0
1676865287.5450134 2165.25
1676865287.9674 2837.0
1676865288.356986 2874.5
1676865288.7756667 2690.0
1676865289.1679013 2659.5
1676865289.5573828 2554.75
1676865289.976311 2404.0
1676865290.369699 2244.75
1676865290.7901645 2043.75
1676865291.1774194 1852.0
1676865291.5692124 1548.75
1676865291.9909136 1252.0
1676865292.3840342 1127.5
1676865292.7985368 996.0
1676865293.1913524 873.75
1676865293.5789576 787.25
1676865293.9992878 723.75
1676865294.3921585 672.0
1676865294.8115635 638.5
1676865295.200285 602.75
1676865295.5944548 596.25
1676865296.0115128 605.25
1676865296.401334 627.0
1676865296.794656 650.5
1676865297.2130492 664.25
1676865297.6020396 673.5
1676865298.0222309 649.75
1676865298.4136548 645.0
1676865298.8332498 639.75
1676865299.223442 644.0
1676865299.6147285 649.25
1676865300.0347373 669.0
1676865300.4250104 681.0
1676865300.8458307 671.75
1676865301.2349658 659.75
1676865301.6256855 658.0
1676865302.0467718 650.0
1676865302.4359276 639.75
1676865302.8582604 637.5
1676865303.2469802 633.0
1676865303.6371908 654.75
1676865304.0586598 661.25
1676865304.4482274 646.0
1676865304.8677087 648.0
1676865305.2600358 652.75
1676865305.6497185 658.0
1676865306.068717 659.0
