1676860780.515110 nan nan nan nan nan nan
1676860780.621825 nan nan nan nan nan nan
1676860780.733081 nan nan nan nan nan nan
1676860780.836293 nan nan nan nan nan nan
1676860780.939093 nan nan nan nan nan nan
1676860781.042025 nan nan nan nan nan nan
1676860781.145152 nan nan nan nan nan nan
1676860781.248162 nan nan nan nan nan nan
1676860781.350959 nan nan nan nan nan nan
1676860781.459447 nan nan nan nan nan nan
1676860781.561679 nan nan nan nan nan nan
1676860781.663801 nan nan nan nan nan nan
1676860781.773318 nan nan nan nan nan nan
1676860781.885098 nan nan nan nan nan nan
1676860781.987971 nan nan nan nan nan nan
1676860782.091018 nan nan nan nan nan nan
1676860782.194403 nan nan nan nan nan nan
1676860782.299419 nan nan nan nan nan nan
1676860782.405595 nan nan nan nan nan nan
1676860782.508387 nan nan nan nan nan nan
1676860782.611381 nan nan nan nan nan nan
1676860782.714114 39.483498 -87.324048 123.900000 nan nan nan
1676860782.816126 39.483498 -87.324048 123.900000 nan nan nan
1676860782.925772 39.483498 -87.324048 123.900000 nan nan nan
1676860783.030390 39.483498 -87.324048 123.900000 nan nan nan
1676860783.137730 39.483498 -87.324048 123.900000 nan nan nan
1676860783.247601 39.483498 -87.324048 123.900000 nan nan nan
1676860783.351238 39.483498 -87.324048 123.900000 nan nan nan
1676860783.462321 39.483500 -87.324047 123.900000 0.000000 nan nan
1676860783.565141 39.483500 -87.324047 123.900000 0.000000 nan nan
1676860783.667357 39.483500 -87.324047 123.900000 0.000000 nan nan
1676860783.775140 39.483500 -87.324047 123.900000 0.000000 nan nan
1676860783.884885 39.483500 -87.324047 123.900000 0.000000 nan nan
1676860783.990853 39.483500 -87.324047 123.900000 0.000000 nan nan
1676860784.093262 39.483500 -87.324047 123.900000 0.000000 nan nan
1676860784.195405 39.483500 -87.324047 123.900000 0.000000 nan nan
1676860784.300067 39.483500 -87.324047 123.900000 0.000000 nan nan
1676860784.406469 39.483500 -87.324047 123.900000 0.000000 nan nan
1676860784.510889 39.483500 -87.324047 123.900000 0.000000 nan nan
1676860784.617129 39.483500 -87.324047 123.900000 0.000000 nan nan
1676860784.719395 39.483500 -87.324047 123.900000 0.000000 nan nan
1676860784.821791 39.483500 -87.324047 123.900000 0.000000 nan nan
1676860784.924196 39.483500 -87.324047 123.900000 0.000000 nan nan
1676860785.029970 39.483500 -87.324047 123.900000 0.000000 nan nan
1676860785.133826 39.483500 -87.324047 123.900000 0.000000 nan nan
1676860785.239525 39.483500 -87.324047 123.900000 0.000000 nan nan
1676860785.341992 39.483500 -87.324047 123.900000 0.000000 nan nan
1676860785.445741 39.483502 -87.324045 123.900000 0.000000 nan nan
1676860785.552541 39.483502 -87.324045 123.900000 0.000000 nan nan
1676860785.655985 39.483502 -87.324045 123.900000 0.000000 nan nan
1676860785.759061 39.483502 -87.324045 123.900000 0.000000 nan nan
1676860785.861919 39.483502 -87.324045 123.900000 0.000000 nan nan
1676860785.964867 39.483502 -87.324045 123.900000 0.000000 nan nan
1676860786.067861 39.483502 -87.324045 123.900000 0.000000 nan nan
1676860786.170877 39.483502 -87.324045 123.900000 0.000000 nan nan
1676860786.281008 39.483502 -87.324045 123.900000 0.000000 nan nan
1676860786.385798 39.483502 -87.324045 123.900000 0.000000 nan nan
1676860786.494009 39.483503 -87.324043 123.900000 0.000000 nan nan
1676860786.596133 39.483503 -87.324043 123.900000 0.000000 nan nan
1676860786.698399 39.483503 -87.324043 123.900000 0.000000 nan nan
1676860786.800833 39.483503 -87.324043 123.900000 0.000000 nan nan
1676860786.903649 39.483503 -87.324043 123.900000 0.000000 nan nan
1676860787.009873 39.483503 -87.324043 123.900000 0.000000 nan nan
1676860787.112854 39.483503 -87.324043 123.900000 0.000000 nan nan
1676860787.217770 39.483503 -87.324043 123.900000 0.000000 nan nan
1676860787.324977 39.483503 -87.324043 123.900000 0.000000 nan nan
1676860787.429830 39.483503 -87.324043 123.900000 0.000000 nan nan
1676860787.532582 39.483503 -87.324043 123.900000 0.000000 nan nan
1676860787.636398 39.483503 -87.324043 123.900000 0.000000 nan nan
1676860787.738812 39.483505 -87.324043 123.900000 0.000000 nan nan
1676860787.840869 39.483505 -87.324043 123.900000 0.000000 nan nan
1676860787.945651 39.483505 -87.324043 123.900000 0.000000 nan nan
1676860788.049625 39.483505 -87.324043 123.900000 0.000000 nan nan
1676860788.151685 39.483505 -87.324043 123.900000 0.000000 nan nan
1676860788.257015 39.483505 -87.324043 123.900000 0.000000 nan nan
1676860788.366071 39.483505 -87.324043 123.900000 0.000000 nan nan
1676860788.480574 39.483507 -87.324042 123.900000 0.000000 nan nan
1676860788.590920 39.483507 -87.324042 123.900000 0.000000 nan nan
1676860788.693149 39.483507 -87.324042 123.900000 0.000000 nan nan
1676860788.795136 39.483507 -87.324042 123.900000 0.000000 nan nan
1676860788.900836 39.483507 -87.324042 123.900000 0.000000 nan nan
1676860789.007599 39.483507 -87.324042 123.900000 0.000000 nan nan
1676860789.109970 39.483507 -87.324042 123.900000 0.000000 nan nan
1676860789.212071 39.483507 -87.324042 123.900000 0.000000 nan nan
1676860789.317099 39.483507 -87.324042 123.900000 0.000000 nan nan
1676860789.420693 39.483508 -87.324040 124.000000 0.100000 nan nan
1676860789.528422 39.483508 -87.324040 124.000000 0.100000 nan nan
1676860789.642319 39.483508 -87.324040 124.000000 0.100000 nan nan
1676860789.744716 39.483508 -87.324040 124.000000 0.100000 nan nan
1676860789.846648 39.483508 -87.324040 124.000000 0.100000 nan nan
1676860789.949054 39.483508 -87.324040 124.000000 0.100000 nan nan
1676860790.054420 39.483508 -87.324040 124.000000 0.100000 nan nan
1676860790.157094 39.483508 -87.324040 124.000000 0.100000 nan nan
1676860790.263140 39.483508 -87.324040 124.000000 0.100000 nan nan
1676860790.367249 39.483508 -87.324040 124.000000 0.100000 nan nan
1676860790.470976 39.483510 -87.324040 124.000000 0.000000 nan nan
1676860790.574962 39.483510 -87.324040 124.000000 0.000000 nan nan
1676860790.684339 39.483510 -87.324040 124.000000 0.000000 nan nan
1676860790.789004 39.483510 -87.324040 124.000000 0.000000 nan nan
1676860790.891854 39.483510 -87.324040 124.000000 0.000000 nan nan
