1676425455.155972 -0.246376 -0.169832 7.805096 -0.020230 0.004259 -0.012777
1676425455.158759 -0.245180 -0.163852 7.757256 -0.020230 0.004259 -0.012777
1676425455.169063 -0.240396 -0.180596 7.734532 -0.021294 0.004259 -0.012777
1676425455.179037 -0.240396 -0.180596 7.734532 -0.021294 0.004259 -0.012777
1676425455.189082 -0.235612 -0.180596 7.768020 -0.021294 0.003194 -0.011712
1676425455.199252 -0.235612 -0.180596 7.768020 -0.021294 0.003194 -0.011712
1676425455.209345 -0.253552 -0.184184 7.774000 -0.021294 0.003194 -0.011712
1676425455.219531 -0.253552 -0.184184 7.774000 -0.021294 0.003194 -0.011712
1676425455.229558 -0.251160 -0.186576 7.698652 -0.021294 0.003194 -0.012777
1676425455.240266 -0.251160 -0.186576 7.698652 -0.021294 0.003194 -0.012777
1676425455.250232 -0.248768 -0.171028 7.724964 -0.021294 0.004259 -0.011712
1676425455.260428 -0.248768 -0.171028 7.724964 -0.021294 0.004259 -0.011712
1676425455.270474 -0.247572 -0.177008 7.747688 -0.022359 0.003194 -0.011712
1676425455.281070 -0.247572 -0.177008 7.747688 -0.022359 0.003194 -0.011712
1676425455.290707 -0.246376 -0.161460 7.717788 -0.021294 0.003194 -0.011712
1676425455.302357 -0.246376 -0.161460 7.717788 -0.021294 0.003194 -0.011712
1676425455.311603 -0.271492 -0.168636 7.729748 -0.021294 0.003194 -0.012777
1676425455.321494 -0.271492 -0.168636 7.729748 -0.021294 0.003194 -0.012777
1676425455.331927 -0.260728 -0.161460 7.758452 -0.021294 0.003194 -0.012777
1676425455.341981 -0.260728 -0.161460 7.758452 -0.021294 0.003194 -0.012777
1676425455.352589 -0.270296 -0.163852 7.813468 -0.021294 0.003194 -0.011712
1676425455.362113 -0.270296 -0.163852 7.813468 -0.021294 0.003194 -0.011712
1676425455.372427 -0.251160 -0.161460 7.759648 -0.021294 0.004259 -0.011712
1676425455.382420 -0.251160 -0.161460 7.759648 -0.021294 0.004259 -0.011712
1676425455.392931 -0.234416 -0.177008 7.726160 -0.021294 0.003194 -0.012777
1676425455.402729 -0.234416 -0.177008 7.726160 -0.021294 0.003194 -0.012777
1676425455.413259 -0.252356 -0.155480 7.766824 -0.021294 0.003194 -0.012777
1676425455.423371 -0.252356 -0.155480 7.766824 -0.021294 0.003194 -0.012777
1676425455.433457 -0.259532 -0.187772 7.745296 -0.021294 0.003194 -0.012777
1676425455.444234 -0.259532 -0.187772 7.745296 -0.021294 0.003194 -0.012777
1676425455.453818 -0.254748 -0.182988 7.759648 -0.021294 0.003194 -0.012777
1676425455.464005 -0.254748 -0.182988 7.759648 -0.021294 0.003194 -0.012777
1676425455.474064 -0.260728 -0.168636 7.727356 -0.022359 0.003194 -0.012777
1676425455.484584 -0.260728 -0.168636 7.727356 -0.022359 0.003194 -0.012777
1676425455.494504 -0.266708 -0.178204 7.738120 -0.021294 0.003194 -0.011712
1676425455.508338 -0.266708 -0.178204 7.738120 -0.021294 0.004259 -0.011712
1676425455.514803 -0.275080 -0.151892 7.765628 -0.021294 0.004259 -0.011712
1676425455.525266 -0.275080 -0.151892 7.765628 -0.021294 0.004259 -0.011712
1676425455.535380 -0.246376 -0.182988 7.734532 -0.021294 0.003194 -0.011712
1676425455.545738 -0.246376 -0.182988 7.734532 -0.021294 0.003194 -0.011712
1676425455.556286 -0.252356 -0.174616 7.757256 -0.021294 0.003194 -0.011712
1676425455.565804 -0.252356 -0.174616 7.757256 -0.021294 0.003194 -0.011712
1676425455.576130 -0.245180 -0.172224 7.734532 -0.022359 0.003194 -0.012777
1676425455.586143 -0.245180 -0.172224 7.734532 -0.022359 0.003194 -0.012777
1676425455.596655 -0.236808 -0.180596 7.756060 -0.021294 0.003194 -0.011712
1676425455.606436 -0.236808 -0.180596 7.756060 -0.021294 0.003194 -0.011712
1676425455.616921 -0.246376 -0.173420 7.771608 -0.022359 0.003194 -0.011712
1676425455.626735 -0.246376 -0.173420 7.771608 -0.022359 0.003194 -0.011712
1676425455.637230 -0.246376 -0.168636 7.744100 -0.021294 0.003194 -0.012777
1676425455.647697 -0.246376 -0.168636 7.744100 -0.021294 0.003194 -0.012777
1676425455.657767 -0.259532 -0.159068 7.753668 -0.021294 0.004259 -0.011712
1676425455.667906 -0.259532 -0.159068 7.753668 -0.021294 0.004259 -0.011712
1676425455.677902 -0.248768 -0.157872 7.746492 -0.021294 0.004259 -0.011712
1676425455.688885 -0.248768 -0.157872 7.746492 -0.021294 0.004259 -0.011712
1676425455.698280 -0.243984 -0.177008 7.753668 -0.021294 0.004259 -0.012777
1676425455.708749 -0.243984 -0.177008 7.753668 -0.021294 0.003194 -0.011712
1676425455.718538 -0.261924 -0.154284 7.762040 -0.021294 0.003194 -0.011712
1676425455.729046 -0.261924 -0.173420 7.762040 -0.021294 0.003194 -0.012777
1676425455.741785 -0.253552 -0.173420 7.739316 -0.021294 0.003194 -0.012777
1676425455.749547 -0.257140 -0.169832 7.764432 -0.021294 0.003194 -0.011712
1676425455.759780 -0.257140 -0.169832 7.764432 -0.021294 0.003194 -0.011712
1676425455.769267 -0.257140 -0.182988 7.764432 -0.021294 0.003194 -0.011712
1676425455.779453 -0.257140 -0.182988 7.800312 -0.021294 0.003194 -0.011712
1676425455.790402 -0.265512 -0.186576 7.763236 -0.021294 0.003194 -0.011712
1676425455.800039 -0.265512 -0.186576 7.763236 -0.021294 0.003194 -0.011712
1676425455.809655 -0.238004 -0.159068 7.776392 -0.021294 0.004259 -0.011712
1676425455.820156 -0.238004 -0.159068 7.776392 -0.021294 0.004259 -0.011712
1676425455.829858 -0.247572 -0.162656 7.723768 -0.021294 0.003194 -0.011712
1676425455.840828 -0.247572 -0.162656 7.723768 -0.021294 0.003194 -0.011712
1676425455.850383 -0.261924 -0.166244 7.778784 -0.021294 0.003194 -0.012777
1676425455.860852 -0.261924 -0.166244 7.778784 -0.021294 0.003194 -0.012777
1676425455.870457 -0.239200 -0.162656 7.728552 -0.021294 0.003194 -0.011712
1676425455.880881 -0.239200 -0.162656 7.728552 -0.021294 0.003194 -0.011712
1676425455.893871 -0.243984 -0.177008 7.774000 -0.021294 0.003194 -0.012777
1676425455.901132 -0.243984 -0.177008 7.774000 -0.021294 0.003194 -0.012777
1676425455.911455 -0.236808 -0.175812 7.769216 -0.021294 0.003194 -0.012777
1676425455.921384 -0.236808 -0.175812 7.769216 -0.021294 0.003194 -0.012777
1676425455.931500 -0.247572 -0.157872 7.794332 -0.021294 0.003194 -0.011712
1676425455.941793 -0.247572 -0.157872 7.794332 -0.021294 0.003194 -0.011712
1676425455.952242 -0.246376 -0.194948 7.763236 -0.022359 0.003194 -0.011712
1676425455.961770 -0.246376 -0.194948 7.763236 -0.022359 0.003194 -0.011712
1676425455.971901 -0.246376 -0.178204 7.752472 -0.021294 0.003194 -0.011712
1676425455.981864 -0.246376 -0.178204 7.752472 -0.021294 0.003194 -0.011712
1676425455.992982 -0.246376 -0.166244 7.772804 -0.021294 0.003194 -0.011712
1676425456.002101 -0.246376 -0.166244 7.772804 -0.021294 0.003194 -0.011712
1676425456.012575 -0.234416 -0.187772 7.741708 -0.022359 0.004259 -0.011712
1676425456.022273 -0.234416 -0.187772 7.741708 -0.022359 0.004259 -0.011712
1676425456.032761 -0.247572 -0.145912 7.754864 -0.021294 0.004259 -0.012777
1676425456.042593 -0.247572 -0.145912 7.754864 -0.021294 0.004259 -0.012777
1676425456.053417 -0.247572 -0.171028 7.738120 -0.021294 0.003194 -0.012777
1676425456.063515 -0.247572 -0.171028 7.738120 -0.021294 0.003194 -0.012777
1676425456.073140 -0.253552 -0.166244 7.781176 -0.022359 0.003194 -0.011712
1676425456.083107 -0.253552 -0.166244 7.781176 -0.022359 0.003194 -0.011712
1676425456.093228 -0.258336 -0.163852 7.752472 -0.021294 0.003194 -0.012777
1676425456.103741 -0.258336 -0.163852 7.752472 -0.021294 0.003194 -0.012777
1676425456.113435 -0.251160 -0.179400 7.772804 -0.021294 0.003194 -0.011712
1676425456.123906 -0.251160 -0.179400 7.772804 -0.021294 0.003194 -0.011712
1676425456.133622 -0.269100 -0.173420 7.781176 -0.021294 0.003194 -0.011712
1676425456.144120 -0.269100 -0.173420 7.781176 -0.021294 0.003194 -0.011712
1676425456.154096 -0.251160 -0.150696 7.752472 -0.021294 0.003194 -0.011712
1676425456.164837 -0.251160 -0.150696 7.752472 -0.021294 0.003194 -0.011712
1676425456.174179 -0.234416 -0.151892 7.759648 -0.021294 0.003194 -0.011712
1676425456.184358 -0.234416 -0.151892 7.759648 -0.021294 0.003194 -0.011712
1676425456.194365 -0.251160 -0.154284 7.772804 -0.021294 0.003194 -0.011712
1676425456.204739 -0.251160 -0.154284 7.772804 -0.021294 0.003194 -0.011712
1676425456.214516 -0.261924 -0.154284 7.747688 -0.022359 0.003194 -0.011712
1676425456.225000 -0.261924 -0.154284 7.747688 -0.022359 0.003194 -0.011712
1676425456.234741 -0.263120 -0.168636 7.745296 -0.022359 0.003194 -0.012777
1676425456.245286 -0.263120 -0.168636 7.745296 -0.022359 0.003194 -0.012777
1676425456.255655 -0.245180 -0.149500 7.756060 -0.021294 0.002129 -0.011712
1676425456.265695 -0.245180 -0.149500 7.756060 -0.021294 0.002129 -0.011712
1676425456.275837 -0.263120 -0.190164 7.759648 -0.021294 0.003194 -0.012777
1676425456.285791 -0.263120 -0.190164 7.759648 -0.021294 0.003194 -0.012777
1676425456.296408 -0.248768 -0.175812 7.759648 -0.022359 0.003194 -0.012777
1676425456.305995 -0.248768 -0.175812 7.759648 -0.022359 0.003194 -0.012777
1676425456.316454 -0.249964 -0.178204 7.802704 -0.021294 0.003194 -0.011712
1676425456.326190 -0.249964 -0.178204 7.802704 -0.021294 0.003194 -0.011712
1676425456.336683 -0.267904 -0.156676 7.783568 -0.021294 0.004259 -0.012777
1676425456.346400 -0.267904 -0.156676 7.783568 -0.021294 0.004259 -0.012777
1676425456.357197 -0.252356 -0.173420 7.782372 -0.022359 0.003194 -0.011712
1676425456.367013 -0.252356 -0.173420 7.782372 -0.022359 0.003194 -0.011712
1676425456.377014 -0.242788 -0.159068 7.775196 -0.021294 0.002129 -0.011712
1676425456.387125 -0.242788 -0.159068 7.775196 -0.021294 0.002129 -0.011712
1676425456.397396 -0.252356 -0.182988 7.766824 -0.021294 0.003194 -0.012777
1676425456.407868 -0.252356 -0.182988 7.766824 -0.021294 0.003194 -0.012777
1676425456.417564 -0.253552 -0.179400 7.812272 -0.021294 0.003194 -0.012777
1676425456.428069 -0.253552 -0.179400 7.812272 -0.021294 0.003194 -0.012777
1676425456.437780 -0.246376 -0.166244 7.742904 -0.021294 0.003194 -0.012777
1676425456.448301 -0.246376 -0.166244 7.742904 -0.021294 0.003194 -0.012777
1676425456.458275 -0.252356 -0.169832 7.732140 -0.021294 0.003194 -0.011712
1676425456.468838 -0.252356 -0.169832 7.732140 -0.021294 0.003194 -0.011712
1676425456.478401 -0.240396 -0.162656 7.790744 -0.022359 0.003194 -0.011712
1676425456.488684 -0.240396 -0.162656 7.790744 -0.022359 0.003194 -0.011712
1676425456.498632 -0.241592 -0.169832 7.770412 -0.021294 0.003194 -0.011712
1676425456.516480 -0.252356 -0.190164 7.740512 -0.021294 0.003194 -0.011712
1676425456.519904 -0.252356 -0.190164 7.740512 -0.021294 0.003194 -0.011712
1676425456.532194 -0.252356 -0.180596 7.740512 -0.020230 0.003194 -0.011712
1676425456.539888 -0.263120 -0.180596 7.769216 -0.020230 0.003194 -0.011712
1676425456.550201 -0.263120 -0.181792 7.769216 -0.021294 0.003194 -0.011712
1676425456.560702 -0.267904 -0.181792 7.724964 -0.021294 0.003194 -0.011712
1676425456.570262 -0.252356 -0.155480 7.724964 -0.021294 0.002129 -0.011712
1676425456.580321 -0.252356 -0.155480 7.764432 -0.021294 0.002129 -0.011712
1676425456.590349 -0.248768 -0.174616 7.764432 -0.021294 0.002129 -0.012777
1676425456.600782 -0.248768 -0.174616 7.760844 -0.021294 0.002129 -0.012777
1676425456.610514 -0.249964 -0.173420 7.752472 -0.021294 0.003194 -0.011712
1676425456.620976 -0.249964 -0.173420 7.752472 -0.021294 0.003194 -0.011712
1676425456.630736 -0.257140 -0.157872 7.756060 -0.021294 0.003194 -0.012777
1676425456.641225 -0.257140 -0.157872 7.756060 -0.021294 0.003194 -0.012777
1676425456.651437 -0.239200 -0.173420 7.758452 -0.021294 0.003194 -0.012777
1676425456.661638 -0.239200 -0.173420 7.758452 -0.021294 0.003194 -0.012777
1676425456.672282 -0.241592 -0.187772 7.758452 -0.021294 0.003194 -0.012777
1676425456.681674 -0.241592 -0.187772 7.758452 -0.021294 0.003194 -0.012777
1676425456.691983 -0.232024 -0.160264 7.759648 -0.021294 0.003194 -0.011712
1676425456.701898 -0.232024 -0.160264 7.759648 -0.021294 0.003194 -0.011712
1676425456.712435 -0.255944 -0.159068 7.781176 -0.021294 0.003194 -0.011712
1676425456.722725 -0.255944 -0.159068 7.781176 -0.021294 0.003194 -0.011712
1676425456.732770 -0.248768 -0.169832 7.734532 -0.020230 0.003194 -0.011712
1676425456.745124 -0.248768 -0.169832 7.734532 -0.020230 0.003194 -0.011712
1676425456.754436 -0.267904 -0.141128 7.768020 -0.021294 0.003194 -0.011712
1676425456.765201 -0.267904 -0.141128 7.768020 -0.021294 0.003194 -0.011712
1676425456.775084 -0.259532 -0.179400 7.788352 -0.021294 0.004259 -0.012777
1676425456.785060 -0.259532 -0.179400 7.788352 -0.021294 0.004259 -0.012777
1676425456.795173 -0.242788 -0.174616 7.784764 -0.021294 0.003194 -0.011712
1676425456.805439 -0.242788 -0.174616 7.784764 -0.021294 0.003194 -0.011712
1676425456.816004 -0.245180 -0.174616 7.740512 -0.021294 0.002129 -0.011712
1676425456.825721 -0.245180 -0.174616 7.740512 -0.021294 0.002129 -0.011712
1676425456.836182 -0.258336 -0.167440 7.758452 -0.021294 0.003194 -0.011712
1676425456.846090 -0.258336 -0.167440 7.758452 -0.021294 0.003194 -0.011712
1676425456.856560 -0.246376 -0.162656 7.759648 -0.021294 0.003194 -0.011712
1676425456.866643 -0.246376 -0.162656 7.759648 -0.021294 0.003194 -0.011712
1676425456.877138 -0.252356 -0.186576 7.772804 -0.020230 0.003194 -0.011712
1676425456.886690 -0.252356 -0.186576 7.772804 -0.020230 0.003194 -0.011712
1676425456.897180 -0.247572 -0.174616 7.710612 -0.021294 0.003194 -0.011712
1676425456.907386 -0.247572 -0.174616 7.710612 -0.021294 0.003194 -0.011712
1676425456.917427 -0.251160 -0.187772 7.733336 -0.021294 0.003194 -0.011712
1676425456.927725 -0.251160 -0.187772 7.733336 -0.021294 0.003194 -0.011712
1676425456.937544 -0.246376 -0.157872 7.757256 -0.021294 0.003194 -0.011712
1676425456.948163 -0.246376 -0.157872 7.757256 -0.021294 0.003194 -0.011712
1676425456.957842 -0.252356 -0.157872 7.764432 -0.021294 0.003194 -0.011712
1676425456.968629 -0.252356 -0.157872 7.764432 -0.021294 0.003194 -0.011712
1676425456.978355 -0.243984 -0.138736 7.757256 -0.021294 0.003194 -0.011712
1676425456.988466 -0.243984 -0.138736 7.757256 -0.021294 0.003194 -0.011712
1676425456.998587 -0.254748 -0.155480 7.729748 -0.021294 0.003194 -0.011712
1676425457.009274 -0.254748 -0.155480 7.729748 -0.021294 0.003194 -0.011712
1676425457.018798 -0.257140 -0.181792 7.768020 -0.021294 0.003194 -0.012777
1676425457.029339 -0.257140 -0.181792 7.768020 -0.021294 0.003194 -0.012777
1676425457.039496 -0.239200 -0.174616 7.778784 -0.020230 0.002129 -0.011712
1676425457.050141 -0.239200 -0.174616 7.778784 -0.021294 0.003194 -0.011712
1676425457.060213 -0.242788 -0.147108 7.760844 -0.021294 0.003194 -0.012777
1676425457.070145 -0.242788 -0.147108 7.760844 -0.021294 0.003194 -0.012777
1676425457.080742 -0.263120 -0.161460 7.768020 -0.021294 0.003194 -0.012777
1676425457.090357 -0.263120 -0.167440 7.768020 -0.022359 0.003194 -0.012777
1676425457.100747 -0.252356 -0.167440 7.757256 -0.022359 0.003194 -0.012777
1676425457.110633 -0.252356 -0.156676 7.757256 -0.021294 0.003194 -0.011712
1676425457.121150 -0.252356 -0.156676 7.764432 -0.021294 0.003194 -0.011712
1676425457.131268 -0.260728 -0.187772 7.764432 -0.021294 0.003194 -0.012777
1676425457.141411 -0.260728 -0.187772 7.740512 -0.021294 0.003194 -0.012777
1676425457.151625 -0.253552 -0.185380 7.774000 -0.021294 0.003194 -0.011712
1676425457.161626 -0.253552 -0.185380 7.774000 -0.021294 0.003194 -0.011712
1676425457.172429 -0.254748 -0.166244 7.751276 -0.022359 0.003194 -0.012777
1676425457.182165 -0.254748 -0.166244 7.751276 -0.022359 0.003194 -0.012777
1676425457.192313 -0.258336 -0.155480 7.742904 -0.021294 0.003194 -0.012777
1676425457.202402 -0.258336 -0.155480 7.742904 -0.021294 0.003194 -0.012777
1676425457.212888 -0.238004 -0.181792 7.795528 -0.021294 0.003194 -0.012777
1676425457.222665 -0.238004 -0.181792 7.795528 -0.021294 0.003194 -0.012777
1676425457.233164 -0.242788 -0.162656 7.777588 -0.021294 0.003194 -0.011712
1676425457.243248 -0.242788 -0.162656 7.777588 -0.021294 0.003194 -0.011712
1676425457.253330 -0.242788 -0.181792 7.776392 -0.021294 0.003194 -0.011712
1676425457.263596 -0.242788 -0.181792 7.776392 -0.021294 0.003194 -0.011712
1676425457.273801 -0.251160 -0.160264 7.774000 -0.021294 0.002129 -0.011712
1676425457.284260 -0.251160 -0.160264 7.774000 -0.021294 0.002129 -0.011712
1676425457.293805 -0.255944 -0.171028 7.766824 -0.021294 0.003194 -0.011712
1676425457.304313 -0.255944 -0.171028 7.766824 -0.021294 0.003194 -0.011712
1676425457.314181 -0.254748 -0.154284 7.770412 -0.021294 0.003194 -0.012777
1676425457.324726 -0.254748 -0.154284 7.770412 -0.021294 0.003194 -0.012777
1676425457.334433 -0.248768 -0.186576 7.787156 -0.020230 0.003194 -0.012777
1676425457.344989 -0.248768 -0.186576 7.787156 -0.020230 0.003194 -0.012777
1676425457.355308 -0.255944 -0.160264 7.777588 -0.021294 0.003194 -0.012777
1676425457.365256 -0.255944 -0.160264 7.777588 -0.021294 0.003194 -0.012777
1676425457.375721 -0.263120 -0.173420 7.733336 -0.021294 0.003194 -0.011712
1676425457.385820 -0.263120 -0.173420 7.733336 -0.021294 0.003194 -0.011712
1676425457.395990 -0.246376 -0.186576 7.769216 -0.021294 0.003194 -0.011712
1676425457.405897 -0.246376 -0.186576 7.769216 -0.021294 0.003194 -0.011712
1676425457.416644 -0.235612 -0.151892 7.764432 -0.021294 0.003194 -0.011712
1676425457.426256 -0.235612 -0.151892 7.764432 -0.021294 0.003194 -0.011712
1676425457.436908 -0.257140 -0.191360 7.769216 -0.022359 0.003194 -0.012777
1676425457.446575 -0.257140 -0.191360 7.769216 -0.022359 0.003194 -0.012777
1676425457.457244 -0.240396 -0.185380 7.790744 -0.022359 0.003194 -0.011712
1676425457.466729 -0.240396 -0.185380 7.790744 -0.022359 0.003194 -0.011712
1676425457.477437 -0.248768 -0.172224 7.760844 -0.021294 0.002129 -0.011712
1676425457.487613 -0.248768 -0.172224 7.760844 -0.021294 0.002129 -0.011712
1676425457.497224 -0.261924 -0.162656 7.768020 -0.021294 0.003194 -0.011712
1676425457.507442 -0.261924 -0.162656 7.768020 -0.021294 0.003194 -0.011712
1676425457.517407 -0.229632 -0.172224 7.750080 -0.021294 0.003194 -0.011712
1676425457.527921 -0.229632 -0.172224 7.750080 -0.021294 0.003194 -0.011712
1676425457.540861 -0.267904 -0.161460 7.748884 -0.021294 0.003194 -0.012777
1676425457.551649 -0.267904 -0.161460 7.748884 -0.021294 0.003194 -0.012777
1676425457.559313 -0.252356 -0.174616 7.748884 -0.021294 0.003194 -0.012777
1676425457.569431 -0.252356 -0.174616 7.748884 -0.021294 0.003194 -0.012777
1676425457.579956 -0.246376 -0.172224 7.752472 -0.021294 0.003194 -0.012777
1676425457.589738 -0.246376 -0.172224 7.752472 -0.021294 0.003194 -0.012777
1676425457.599920 -0.248768 -0.171028 7.776392 -0.021294 0.003194 -0.011712
1676425457.609830 -0.248768 -0.171028 7.776392 -0.021294 0.003194 -0.011712
1676425457.620328 -0.249964 -0.166244 7.775196 -0.022359 0.003194 -0.011712
1676425457.630033 -0.249964 -0.166244 7.775196 -0.022359 0.003194 -0.011712
1676425457.640756 -0.249964 -0.159068 7.775196 -0.021294 0.003194 -0.011712
1676425457.650258 -0.249964 -0.159068 7.775196 -0.021294 0.004259 -0.011712
1676425457.660710 -0.239200 -0.173420 7.793136 -0.021294 0.004259 -0.012777
1676425457.670542 -0.239200 -0.173420 7.793136 -0.020230 0.003194 -0.012777
1676425457.681232 -0.255944 -0.168636 7.735728 -0.020230 0.003194 -0.012777
1676425457.691387 -0.255944 -0.168636 7.735728 -0.021294 0.003194 -0.011712
1676425457.701098 -0.265512 -0.167440 7.756060 -0.021294 0.003194 -0.011712
1676425457.711058 -0.265512 -0.185380 7.756060 -0.021294 0.003194 -0.011712
1676425457.721295 -0.247572 -0.185380 7.769216 -0.021294 0.003194 -0.011712
1676425457.731645 -0.248768 -0.147108 7.769216 -0.021294 0.003194 -0.011712
1676425457.741415 -0.248768 -0.147108 7.736924 -0.021294 0.003194 -0.011712
1676425457.752611 -0.261924 -0.178204 7.741708 -0.021294 0.003194 -0.011712
1676425457.761988 -0.261924 -0.178204 7.741708 -0.021294 0.003194 -0.011712
1676425457.772438 -0.253552 -0.165048 7.756060 -0.022359 0.003194 -0.011712
1676425457.782448 -0.253552 -0.165048 7.756060 -0.022359 0.003194 -0.011712
1676425457.792958 -0.243984 -0.138736 7.766824 -0.021294 0.003194 -0.011712
1676425457.802651 -0.243984 -0.138736 7.766824 -0.021294 0.003194 -0.011712
1676425457.812829 -0.230828 -0.169832 7.777588 -0.022359 0.003194 -0.011712
1676425457.822751 -0.230828 -0.169832 7.777588 -0.022359 0.003194 -0.011712
1676425457.833246 -0.253552 -0.179400 7.757256 -0.021294 0.003194 -0.011712
1676425457.843348 -0.253552 -0.179400 7.757256 -0.021294 0.003194 -0.011712
1676425457.853500 -0.254748 -0.186576 7.762040 -0.021294 0.003194 -0.012777
1676425457.863931 -0.254748 -0.186576 7.762040 -0.021294 0.003194 -0.012777
1676425457.873651 -0.276276 -0.184184 7.768020 -0.021294 0.003194 -0.012777
1676425457.884478 -0.276276 -0.184184 7.768020 -0.021294 0.003194 -0.012777
1676425457.894073 -0.247572 -0.160264 7.782372 -0.021294 0.003194 -0.012777
1676425457.904515 -0.247572 -0.160264 7.782372 -0.021294 0.003194 -0.012777
1676425457.914267 -0.265512 -0.177008 7.778784 -0.020230 0.003194 -0.011712
1676425457.924797 -0.265512 -0.177008 7.778784 -0.020230 0.003194 -0.011712
1676425457.934412 -0.276276 -0.180596 7.765628 -0.021294 0.003194 -0.011712
1676425457.944816 -0.276276 -0.180596 7.765628 -0.021294 0.003194 -0.011712
1676425457.954685 -0.245180 -0.159068 7.710612 -0.020230 0.003194 -0.011712
1676425457.965138 -0.245180 -0.159068 7.710612 -0.020230 0.003194 -0.011712
1676425457.975182 -0.249964 -0.166244 7.752472 -0.020230 0.002129 -0.011712
1676425457.985559 -0.249964 -0.166244 7.752472 -0.020230 0.002129 -0.011712
1676425457.995791 -0.249964 -0.182988 7.751276 -0.022359 0.003194 -0.012777
1676425458.005363 -0.249964 -0.182988 7.751276 -0.022359 0.003194 -0.012777
1676425458.015472 -0.261924 -0.159068 7.746492 -0.022359 0.003194 -0.012777
1676425458.025493 -0.261924 -0.159068 7.746492 -0.022359 0.003194 -0.012777
1676425458.037358 -0.253552 -0.180596 7.742904 -0.021294 0.002129 -0.012777
1676425458.045705 -0.253552 -0.180596 7.742904 -0.021294 0.002129 -0.012777
1676425458.056214 -0.254748 -0.173420 7.736924 -0.021294 0.003194 -0.011712
1676425458.065944 -0.254748 -0.173420 7.736924 -0.021294 0.003194 -0.011712
1676425458.076447 -0.260728 -0.151892 7.802704 -0.021294 0.002129 -0.011712
1676425458.086390 -0.260728 -0.151892 7.802704 -0.021294 0.002129 -0.011712
1676425458.096963 -0.270296 -0.179400 7.801508 -0.021294 0.003194 -0.011712
1676425458.106491 -0.270296 -0.179400 7.801508 -0.021294 0.003194 -0.011712
1676425458.116727 -0.247572 -0.168636 7.748884 -0.021294 0.003194 -0.010647
1676425458.126721 -0.247572 -0.168636 7.748884 -0.021294 0.003194 -0.010647
1676425458.137184 -0.254748 -0.187772 7.751276 -0.021294 0.003194 -0.011712
1676425458.147294 -0.254748 -0.187772 7.751276 -0.021294 0.003194 -0.011712
1676425458.157372 -0.258336 -0.198536 7.779980 -0.022359 0.003194 -0.011712
1676425458.167471 -0.258336 -0.198536 7.779980 -0.022359 0.003194 -0.011712
1676425458.177389 -0.254748 -0.181792 7.781176 -0.021294 0.003194 -0.011712
1676425458.188198 -0.254748 -0.181792 7.781176 -0.021294 0.003194 -0.011712
1676425458.197776 -0.243984 -0.188968 7.759648 -0.021294 0.003194 -0.011712
1676425458.207947 -0.243984 -0.188968 7.759648 -0.021294 0.003194 -0.011712
1676425458.217864 -0.261924 -0.190164 7.769216 -0.021294 0.003194 -0.011712
1676425458.228528 -0.261924 -0.190164 7.769216 -0.021294 0.003194 -0.011712
1676425458.238061 -0.253552 -0.178204 7.765628 -0.021294 0.003194 -0.011712
1676425458.248557 -0.253552 -0.178204 7.765628 -0.021294 0.003194 -0.011712
1676425458.258244 -0.247572 -0.188968 7.757256 -0.021294 0.003194 -0.011712
1676425458.268750 -0.247572 -0.188968 7.757256 -0.021294 0.003194 -0.011712
1676425458.278484 -0.271492 -0.173420 7.736924 -0.021294 0.003194 -0.012777
1676425458.289273 -0.271492 -0.173420 7.736924 -0.021294 0.003194 -0.012777
1676425458.299436 -0.245180 -0.165048 7.753668 -0.021294 0.003194 -0.012777
1676425458.309104 -0.245180 -0.165048 7.753668 -0.021294 0.003194 -0.012777
1676425458.319122 -0.251160 -0.179400 7.777588 -0.021294 0.003194 -0.011712
1676425458.329214 -0.251160 -0.179400 7.777588 -0.021294 0.003194 -0.011712
1676425458.339650 -0.248768 -0.160264 7.766824 -0.021294 0.003194 -0.011712
1676425458.349471 -0.248768 -0.160264 7.766824 -0.021294 0.003194 -0.011712
1676425458.359937 -0.245180 -0.173420 7.765628 -0.021294 0.003194 -0.011712
1676425458.369636 -0.245180 -0.173420 7.765628 -0.021294 0.003194 -0.011712
1676425458.380142 -0.252356 -0.159068 7.772804 -0.020230 0.003194 -0.011712
1676425458.390091 -0.252356 -0.159068 7.772804 -0.020230 0.003194 -0.011712
1676425458.400688 -0.232024 -0.174616 7.757256 -0.021294 0.003194 -0.012777
1676425458.410197 -0.232024 -0.174616 7.757256 -0.021294 0.003194 -0.012777
1676425458.420480 -0.240396 -0.154284 7.772804 -0.021294 0.003194 -0.011712
1676425458.430422 -0.240396 -0.154284 7.772804 -0.021294 0.003194 -0.011712
1676425458.440974 -0.246376 -0.171028 7.752472 -0.021294 0.002129 -0.011712
1676425458.450616 -0.246376 -0.171028 7.752472 -0.021294 0.002129 -0.011712
1676425458.461119 -0.266708 -0.169832 7.759648 -0.021294 0.003194 -0.011712
1676425458.471339 -0.266708 -0.169832 7.759648 -0.021294 0.003194 -0.011712
1676425458.481398 -0.248768 -0.168636 7.762040 -0.022359 0.004259 -0.012777
1676425458.491915 -0.248768 -0.168636 7.762040 -0.022359 0.004259 -0.012777
1676425458.501815 -0.253552 -0.180596 7.756060 -0.022359 0.004259 -0.011712
1676425458.512058 -0.253552 -0.168636 7.756060 -0.020230 0.003194 -0.011712
1676425458.522158 -0.248768 -0.168636 7.789548 -0.020230 0.003194 -0.011712
1676425458.532734 -0.247572 -0.168636 7.789548 -0.021294 0.003194 -0.011712
1676425458.542462 -0.247572 -0.168636 7.753668 -0.021294 0.003194 -0.011712
1676425458.552966 -0.240396 -0.155480 7.748884 -0.021294 0.003194 -0.012777
1676425458.568981 -0.240396 -0.155480 7.748884 -0.021294 0.003194 -0.012777
1676425458.575752 -0.257140 -0.180596 7.790744 -0.021294 0.003194 -0.012777
1676425458.585176 -0.257140 -0.180596 7.790744 -0.021294 0.003194 -0.012777
1676425458.595544 -0.252356 -0.162656 7.758452 -0.021294 0.003194 -0.011712
1676425458.605519 -0.252356 -0.162656 7.758452 -0.021294 0.003194 -0.011712
1676425458.615345 -0.261924 -0.163852 7.764432 -0.021294 0.003194 -0.011712
1676425458.625383 -0.261924 -0.163852 7.764432 -0.021294 0.003194 -0.011712
1676425458.635955 -0.263120 -0.178204 7.715396 -0.021294 0.003194 -0.011712
1676425458.645665 -0.263120 -0.178204 7.715396 -0.021294 0.003194 -0.011712
1676425458.656192 -0.249964 -0.151892 7.752472 -0.021294 0.003194 -0.011712
1676425458.665974 -0.249964 -0.151892 7.752472 -0.021294 0.003194 -0.011712
1676425458.676422 -0.252356 -0.186576 7.751276 -0.021294 0.003194 -0.011712
1676425458.686252 -0.252356 -0.186576 7.751276 -0.021294 0.003194 -0.011712
1676425458.697107 -0.254748 -0.166244 7.774000 -0.021294 0.003194 -0.011712
1676425458.706791 -0.254748 -0.166244 7.774000 -0.021294 0.003194 -0.011712
1676425458.716946 -0.254748 -0.167440 7.782372 -0.021294 0.003194 -0.011712
1676425458.727056 -0.254748 -0.167440 7.782372 -0.021294 0.003194 -0.011712
1676425458.737387 -0.261924 -0.162656 7.778784 -0.021294 0.003194 -0.011712
1676425458.747649 -0.261924 -0.162656 7.778784 -0.021294 0.003194 -0.011712
1676425458.757576 -0.238004 -0.190164 7.748884 -0.021294 0.003194 -0.011712
1676425458.768093 -0.238004 -0.190164 7.748884 -0.021294 0.003194 -0.011712
1676425458.777836 -0.246376 -0.168636 7.748884 -0.021294 0.002129 -0.012777
1676425458.788414 -0.246376 -0.168636 7.748884 -0.021294 0.002129 -0.012777
1676425458.798460 -0.246376 -0.175812 7.746492 -0.021294 0.003194 -0.011712
1676425458.808933 -0.246376 -0.175812 7.746492 -0.021294 0.003194 -0.011712
1676425458.818472 -0.266708 -0.180596 7.756060 -0.022359 0.003194 -0.011712
1676425458.828792 -0.266708 -0.180596 7.756060 -0.022359 0.003194 -0.011712
1676425458.839189 -0.269100 -0.154284 7.772804 -0.021294 0.003194 -0.012777
1676425458.849346 -0.269100 -0.154284 7.772804 -0.021294 0.003194 -0.012777
1676425458.859480 -0.261924 -0.168636 7.742904 -0.022359 0.002129 -0.012777
1676425458.869505 -0.261924 -0.168636 7.742904 -0.022359 0.002129 -0.012777
1676425458.879923 -0.239200 -0.161460 7.740512 -0.021294 0.003194 -0.011712
1676425458.889698 -0.239200 -0.161460 7.740512 -0.021294 0.003194 -0.011712
1676425458.900605 -0.266708 -0.165048 7.726160 -0.021294 0.002129 -0.012777
1676425458.910217 -0.266708 -0.165048 7.726160 -0.021294 0.002129 -0.012777
1676425458.920456 -0.261924 -0.161460 7.777588 -0.021294 0.003194 -0.012777
1676425458.930399 -0.261924 -0.161460 7.777588 -0.021294 0.003194 -0.012777
1676425458.940922 -0.259532 -0.181792 7.751276 -0.021294 0.003194 -0.012777
1676425458.950773 -0.259532 -0.181792 7.751276 -0.021294 0.003194 -0.012777
1676425458.961254 -0.265512 -0.181792 7.732140 -0.021294 0.002129 -0.012777
1676425458.971365 -0.265512 -0.181792 7.732140 -0.021294 0.002129 -0.012777
1676425458.981451 -0.247572 -0.174616 7.740512 -0.021294 0.003194 -0.011712
1676425458.991987 -0.247572 -0.174616 7.740512 -0.021294 0.003194 -0.011712
1676425459.001989 -0.248768 -0.166244 7.763236 -0.021294 0.003194 -0.011712
1676425459.012614 -0.248768 -0.166244 7.763236 -0.021294 0.003194 -0.012777
1676425459.022100 -0.253552 -0.161460 7.748884 -0.021294 0.003194 -0.012777
1676425459.032532 -0.253552 -0.169832 7.748884 -0.021294 0.003194 -0.012777
1676425459.042486 -0.255944 -0.169832 7.768020 -0.021294 0.003194 -0.012777
1676425459.052971 -0.249964 -0.168636 7.768020 -0.021294 0.003194 -0.011712
1676425459.063174 -0.249964 -0.168636 7.754864 -0.021294 0.003194 -0.011712
1676425459.073277 -0.251160 -0.179400 7.787156 -0.021294 0.003194 -0.012777
1676425459.083482 -0.251160 -0.179400 7.787156 -0.021294 0.003194 -0.012777
1676425459.093483 -0.266708 -0.172224 7.777588 -0.021294 0.003194 -0.012777
1676425459.104233 -0.266708 -0.172224 7.777588 -0.021294 0.003194 -0.012777
1676425459.113805 -0.258336 -0.144716 7.750080 -0.021294 0.002129 -0.011712
1676425459.123945 -0.258336 -0.144716 7.750080 -0.021294 0.002129 -0.011712
1676425459.133922 -0.263120 -0.178204 7.770412 -0.021294 0.002129 -0.011712
1676425459.144559 -0.263120 -0.178204 7.770412 -0.021294 0.002129 -0.011712
1676425459.154128 -0.243984 -0.161460 7.777588 -0.021294 0.003194 -0.011712
1676425459.164588 -0.243984 -0.161460 7.777588 -0.021294 0.003194 -0.011712
1676425459.174338 -0.243984 -0.155480 7.757256 -0.021294 0.003194 -0.011712
1676425459.184824 -0.243984 -0.155480 7.757256 -0.021294 0.003194 -0.011712
1676425459.194532 -0.259532 -0.185380 7.751276 -0.022359 0.003194 -0.011712
1676425459.205354 -0.259532 -0.185380 7.751276 -0.022359 0.003194 -0.011712
1676425459.216387 -0.263120 -0.156676 7.781176 -0.021294 0.003194 -0.012777
1676425459.225523 -0.263120 -0.156676 7.781176 -0.021294 0.003194 -0.012777
1676425459.235647 -0.235612 -0.174616 7.752472 -0.021294 0.002129 -0.012777
1676425459.245698 -0.235612 -0.174616 7.752472 -0.021294 0.002129 -0.012777
1676425459.256163 -0.243984 -0.165048 7.771608 -0.021294 0.003194 -0.011712
1676425459.265838 -0.243984 -0.165048 7.771608 -0.021294 0.003194 -0.011712
1676425459.276358 -0.265512 -0.161460 7.738120 -0.021294 0.003194 -0.011712
1676425459.286070 -0.265512 -0.161460 7.738120 -0.021294 0.003194 -0.011712
1676425459.301549 -0.238004 -0.181792 7.762040 -0.021294 0.002129 -0.011712
1676425459.307223 -0.238004 -0.181792 7.762040 -0.021294 0.002129 -0.011712
1676425459.317331 -0.248768 -0.162656 7.758452 -0.021294 0.003194 -0.011712
1676425459.327038 -0.248768 -0.162656 7.758452 -0.021294 0.003194 -0.011712
1676425459.337198 -0.261924 -0.159068 7.793136 -0.021294 0.003194 -0.011712
1676425459.347518 -0.261924 -0.159068 7.793136 -0.021294 0.003194 -0.011712
1676425459.357415 -0.260728 -0.159068 7.781176 -0.021294 0.003194 -0.011712
1676425459.367885 -0.260728 -0.159068 7.781176 -0.021294 0.003194 -0.011712
1676425459.377597 -0.255944 -0.169832 7.771608 -0.021294 0.002129 -0.011712
1676425459.388047 -0.255944 -0.169832 7.771608 -0.021294 0.002129 -0.011712
1676425459.397813 -0.236808 -0.159068 7.754864 -0.021294 0.003194 -0.011712
1676425459.408605 -0.236808 -0.159068 7.754864 -0.021294 0.003194 -0.011712
1676425459.418226 -0.269100 -0.174616 7.759648 -0.021294 0.003194 -0.011712
1676425459.428321 -0.269100 -0.174616 7.759648 -0.021294 0.003194 -0.011712
1676425459.438377 -0.258336 -0.160264 7.740512 -0.022359 0.004259 -0.012777
1676425459.448768 -0.258336 -0.160264 7.740512 -0.022359 0.004259 -0.012777
1676425459.458508 -0.253552 -0.190164 7.752472 -0.021294 0.003194 -0.012777
1676425459.468990 -0.253552 -0.190164 7.752472 -0.021294 0.003194 -0.012777
1676425459.479241 -0.271492 -0.169832 7.776392 -0.020230 0.004259 -0.012777
1676425459.489233 -0.271492 -0.169832 7.776392 -0.020230 0.004259 -0.012777
1676425459.499411 -0.241592 -0.165048 7.778784 -0.020230 0.003194 -0.012777
1676425459.509666 -0.241592 -0.165048 7.778784 -0.020230 0.003194 -0.012777
1676425459.520268 -0.251160 -0.165048 7.772804 -0.021294 0.002129 -0.012777
1676425459.529754 -0.251160 -0.165048 7.772804 -0.021294 0.002129 -0.012777
1676425459.539968 -0.266708 -0.191360 7.762040 -0.021294 0.003194 -0.012777
1676425459.549937 -0.266708 -0.191360 7.762040 -0.021294 0.003194 -0.012777
1676425459.560824 -0.234416 -0.166244 7.753668 -0.020230 0.003194 -0.012777
1676425459.570199 -0.234416 -0.166244 7.753668 -0.020230 0.003194 -0.012777
1676425459.580674 -0.243984 -0.177008 7.727356 -0.021294 0.003194 -0.012777
1676425459.596961 -0.238004 -0.181792 7.727356 -0.021294 0.002129 -0.011712
1676425459.600701 -0.238004 -0.181792 7.771608 -0.021294 0.002129 -0.011712
1676425459.611277 -0.238004 -0.181792 7.771608 -0.021294 0.002129 -0.011712
1676425459.621443 -0.253552 -0.169832 7.746492 -0.021294 0.003194 -0.011712
1676425459.631129 -0.253552 -0.169832 7.746492 -0.021294 0.003194 -0.011712
1676425459.641256 -0.249964 -0.173420 7.741708 -0.021294 0.003194 -0.011712
1676425459.651808 -0.249964 -0.173420 7.741708 -0.021294 0.003194 -0.011712
1676425459.661525 -0.260728 -0.167440 7.747688 -0.021294 0.003194 -0.011712
1676425459.671938 -0.260728 -0.167440 7.747688 -0.021294 0.003194 -0.011712
1676425459.681662 -0.260728 -0.162656 7.726160 -0.022359 0.002129 -0.011712
1676425459.692162 -0.260728 -0.162656 7.726160 -0.022359 0.002129 -0.011712
1676425459.701951 -0.254748 -0.159068 7.766824 -0.021294 0.003194 -0.011712
1676425459.712719 -0.254748 -0.159068 7.766824 -0.022359 0.004259 -0.011712
1676425459.722302 -0.254748 -0.149500 7.789548 -0.022359 0.004259 -0.011712
1676425459.732423 -0.254748 -0.149500 7.789548 -0.022359 0.003194 -0.011712
1676425459.742360 -0.264316 -0.156676 7.753668 -0.021294 0.003194 -0.011712
1676425459.753143 -0.264316 -0.156676 7.753668 -0.021294 0.002129 -0.012777
1676425459.762668 -0.255944 -0.161460 7.775196 -0.021294 0.002129 -0.012777
1676425459.773139 -0.255944 -0.161460 7.775196 -0.021294 0.003194 -0.011712
1676425459.783347 -0.269100 -0.186576 7.757256 -0.021294 0.003194 -0.011712
1676425459.793303 -0.269100 -0.161460 7.757256 -0.021294 0.002129 -0.012777
1676425459.803498 -0.254748 -0.161460 7.764432 -0.021294 0.002129 -0.012777
1676425459.813702 -0.251160 -0.169832 7.764432 -0.021294 0.002129 -0.011712
1676425459.824207 -0.251160 -0.169832 7.784764 -0.021294 0.002129 -0.011712
1676425459.833694 -0.241592 -0.178204 7.784764 -0.021294 0.003194 -0.011712
1676425459.843940 -0.241592 -0.178204 7.735728 -0.021294 0.003194 -0.011712
1676425459.853938 -0.239200 -0.178204 7.756060 -0.021294 0.003194 -0.012777
1676425459.864433 -0.239200 -0.178204 7.756060 -0.021294 0.003194 -0.012777
1676425459.874108 -0.234416 -0.180596 7.777588 -0.021294 0.003194 -0.011712
1676425459.884648 -0.234416 -0.180596 7.777588 -0.021294 0.003194 -0.011712
1676425459.894346 -0.254748 -0.182988 7.762040 -0.021294 0.003194 -0.011712
1676425459.905147 -0.254748 -0.182988 7.762040 -0.021294 0.003194 -0.011712
1676425459.915394 -0.253552 -0.173420 7.785960 -0.021294 0.003194 -0.011712
1676425459.925436 -0.253552 -0.173420 7.785960 -0.021294 0.003194 -0.011712
1676425459.935090 -0.269100 -0.162656 7.774000 -0.021294 0.002129 -0.011712
1676425459.945212 -0.269100 -0.162656 7.774000 -0.021294 0.002129 -0.011712
1676425459.955785 -0.246376 -0.171028 7.794332 -0.020230 0.003194 -0.011712
1676425459.965461 -0.246376 -0.171028 7.794332 -0.020230 0.003194 -0.011712
1676425459.975990 -0.254748 -0.165048 7.758452 -0.021294 0.003194 -0.012777
1676425459.985640 -0.254748 -0.165048 7.758452 -0.021294 0.003194 -0.012777
1676425459.996152 -0.255944 -0.157872 7.724964 -0.021294 0.002129 -0.011712
1676425460.005945 -0.255944 -0.157872 7.724964 -0.021294 0.002129 -0.011712
1676425460.016706 -0.258336 -0.160264 7.751276 -0.021294 0.003194 -0.011712
1676425460.026263 -0.258336 -0.160264 7.751276 -0.021294 0.003194 -0.011712
1676425460.037524 -0.254748 -0.185380 7.760844 -0.021294 0.002129 -0.011712
1676425460.047710 -0.254748 -0.185380 7.760844 -0.021294 0.002129 -0.011712
1676425460.057646 -0.240396 -0.165048 7.768020 -0.021294 0.002129 -0.011712
1676425460.068156 -0.240396 -0.165048 7.768020 -0.021294 0.002129 -0.011712
1676425460.077830 -0.246376 -0.184184 7.783568 -0.021294 0.002129 -0.012777
1676425460.088297 -0.246376 -0.184184 7.783568 -0.021294 0.002129 -0.012777
1676425460.098088 -0.257140 -0.185380 7.788352 -0.021294 0.003194 -0.012777
1676425460.108552 -0.257140 -0.185380 7.788352 -0.021294 0.003194 -0.012777
1676425460.118544 -0.243984 -0.163852 7.774000 -0.021294 0.003194 -0.011712
1676425460.129078 -0.243984 -0.163852 7.774000 -0.021294 0.003194 -0.011712
1676425460.138683 -0.269100 -0.156676 7.766824 -0.021294 0.003194 -0.011712
1676425460.148948 -0.269100 -0.156676 7.766824 -0.021294 0.003194 -0.011712
1676425460.159382 -0.242788 -0.169832 7.779980 -0.022359 0.004259 -0.011712
1676425460.169522 -0.242788 -0.169832 7.779980 -0.022359 0.004259 -0.011712
1676425460.179620 -0.265512 -0.171028 7.759648 -0.021294 0.002129 -0.011712
1676425460.189541 -0.265512 -0.171028 7.759648 -0.021294 0.002129 -0.011712
1676425460.200018 -0.251160 -0.177008 7.784764 -0.021294 0.003194 -0.011712
1676425460.209786 -0.251160 -0.177008 7.784764 -0.021294 0.003194 -0.011712
1676425460.220613 -0.236808 -0.171028 7.728552 -0.021294 0.003194 -0.012777
1676425460.230598 -0.236808 -0.171028 7.728552 -0.021294 0.003194 -0.012777
1676425460.240563 -0.258336 -0.186576 7.770412 -0.022359 0.003194 -0.011712
1676425460.250599 -0.258336 -0.186576 7.770412 -0.022359 0.003194 -0.011712
1676425460.261297 -0.247572 -0.167440 7.782372 -0.021294 0.002129 -0.011712
1676425460.271276 -0.247572 -0.167440 7.782372 -0.021294 0.002129 -0.011712
1676425460.281369 -0.275080 -0.144716 7.807488 -0.021294 0.003194 -0.011712
1676425460.291586 -0.275080 -0.144716 7.807488 -0.021294 0.003194 -0.011712
1676425460.301591 -0.255944 -0.173420 7.760844 -0.021294 0.003194 -0.011712
1676425460.312029 -0.255944 -0.173420 7.760844 -0.021294 0.003194 -0.011712
1676425460.322048 -0.261924 -0.167440 7.756060 -0.020230 0.003194 -0.012777
1676425460.332544 -0.261924 -0.167440 7.756060 -0.020230 0.003194 -0.012777
1676425460.342090 -0.253552 -0.199732 7.748884 -0.021294 0.003194 -0.011712
1676425460.352426 -0.253552 -0.199732 7.748884 -0.021294 0.003194 -0.011712
1676425460.362428 -0.261924 -0.184184 7.790744 -0.021294 0.003194 -0.011712
1676425460.372977 -0.261924 -0.184184 7.790744 -0.021294 0.003194 -0.011712
1676425460.382720 -0.254748 -0.161460 7.764432 -0.021294 0.002129 -0.011712
1676425460.393237 -0.254748 -0.161460 7.764432 -0.021294 0.002129 -0.011712
1676425460.403354 -0.242788 -0.178204 7.751276 -0.021294 0.002129 -0.011712
1676425460.413452 -0.242788 -0.178204 7.751276 -0.021294 0.003194 -0.011712
1676425460.424333 -0.254748 -0.181792 7.784764 -0.021294 0.003194 -0.012777
1676425460.433820 -0.254748 -0.181792 7.784764 -0.022359 0.003194 -0.011712
1676425460.444110 -0.245180 -0.161460 7.762040 -0.022359 0.003194 -0.011712
1676425460.454077 -0.245180 -0.175812 7.762040 -0.022359 0.003194 -0.011712
1676425460.464573 -0.238004 -0.175812 7.741708 -0.022359 0.003194 -0.011712
1676425460.474306 -0.252356 -0.165048 7.741708 -0.021294 0.002129 -0.011712
1676425460.484866 -0.252356 -0.165048 7.753668 -0.021294 0.002129 -0.011712
1676425460.494635 -0.248768 -0.166244 7.789548 -0.021294 0.003194 -0.012777
1676425460.505170 -0.248768 -0.166244 7.789548 -0.021294 0.003194 -0.012777
1676425460.515311 -0.263120 -0.159068 7.762040 -0.020230 0.003194 -0.012777
1676425460.525721 -0.263120 -0.159068 7.762040 -0.020230 0.003194 -0.012777
1676425460.535959 -0.252356 -0.180596 7.759648 -0.021294 0.003194 -0.011712
1676425460.545378 -0.252356 -0.180596 7.759648 -0.021294 0.003194 -0.011712
1676425460.555613 -0.264316 -0.186576 7.736924 -0.021294 0.003194 -0.011712
1676425460.565728 -0.264316 -0.186576 7.736924 -0.021294 0.003194 -0.011712
1676425460.576161 -0.234416 -0.157872 7.745296 -0.021294 0.003194 -0.012777
1676425460.585905 -0.234416 -0.157872 7.745296 -0.021294 0.003194 -0.012777
1676425460.596446 -0.252356 -0.145912 7.765628 -0.021294 0.002129 -0.012777
1676425460.606215 -0.252356 -0.145912 7.765628 -0.021294 0.002129 -0.012777
1676425460.621706 -0.233220 -0.175812 7.740512 -0.021294 0.003194 -0.011712
1676425460.632954 -0.233220 -0.175812 7.740512 -0.021294 0.003194 -0.011712
1676425460.642036 -0.263120 -0.178204 7.774000 -0.021294 0.003194 -0.011712
