1676415595.252303 15.363937 0.109464 0.000000
1676415595.255438 15.329567 0.176907 -0.001743
1676415595.265652 15.295333 0.244430 -0.005231
1676415595.275624 15.261569 0.312029 -0.010385
1676415595.285713 15.227736 0.379706 -0.017314
1676415595.295953 15.194957 0.447461 -0.025689
1676415595.305901 15.161653 0.515294 -0.035997
1676415595.316868 15.130202 0.583206 -0.047313
1676415595.326527 15.097545 0.651196 -0.060907
1676415595.337039 15.067719 0.719262 -0.074805
1676415595.347306 15.035725 0.787402 -0.090711
1676415595.357616 15.007752 0.855623 -0.106668
1676415595.367678 14.976691 0.923922 -0.126372
1676415595.377684 14.950761 0.992303 -0.144040
1676415595.387708 14.920630 1.060758 -0.166657
1676415595.397747 14.896860 1.129299 -0.185558
1676415595.408602 14.867725 1.197904 -0.210925
1676415595.418324 14.846177 1.266607 -0.230579
1676415595.428357 14.818095 1.335360 -0.258542
1676415595.439401 14.798775 1.404234 -0.278490
1676415595.451117 14.771111 1.473079 -0.302620
1676415595.460968 14.753948 1.542128 -0.322148
1676415595.471067 14.728023 1.611176 -0.354389
1676415595.481399 14.712970 1.680418 -0.373422
1676415595.491420 14.688173 1.749616 -0.407794
1676415595.501598 14.675119 1.819068 -0.425986
1676415595.512391 14.651454 1.888413 -0.462337
1676415595.522085 14.640268 1.958096 -0.479393
1676415595.532153 14.617730 2.027591 -0.517568
1676415595.542391 14.608262 2.097529 -0.533239
1676415595.553176 14.584875 2.166864 -0.554897
1676415595.563075 14.576934 2.237053 -0.568674
1676415595.573187 14.556509 2.306838 -0.609273
1676415595.583301 14.549972 2.377338 -0.621373
1676415595.593390 14.530618 2.447280 -0.663446
1676415595.603979 14.525324 2.518130 -0.673762
1676415595.613723 14.507010 2.588234 -0.717195
1676415595.628902 14.502801 2.659473 -0.725651
1676415595.639570 14.485494 2.729741 -0.770340
1676415595.647071 14.482222 2.801412 -0.776903
1676415595.656812 14.461941 2.870790 -0.786268
1676415595.666931 14.459454 2.942795 -0.790744
1676415595.676873 14.443907 3.013382 -0.836445
1676415595.687212 14.442089 3.085899 -0.839084
1676415595.697359 14.427437 3.156668 -0.885843
1676415595.707303 14.426171 3.229746 -0.886680
1676415595.717738 14.412373 3.300702 -0.934421
1676415595.728479 14.411546 3.374390 -0.933499
1676415595.738164 14.398562 3.445542 -0.982154
1676415595.748840 14.398080 3.519901 -0.979541
1676415595.758715 14.379143 3.588376 -0.968863
1676415595.769156 14.378960 3.663028 -0.964641
1676415595.779067 14.367291 3.734530 -1.013343
1676415595.789379 14.367291 3.809925 -1.007606
1676415595.799442 14.356324 3.881641 -1.057142
1676415595.809883 14.356441 3.957844 -1.049974
1676415595.820329 14.346139 4.029785 -1.100300
1676415595.830516 14.346315 4.106858 -1.091790
1676415595.841472 14.336641 4.179038 -1.142865
1676415595.851702 14.336825 4.257046 -1.133101
1676415595.862602 14.317511 4.322818 -1.096253
1676415595.872717 14.317781 4.400812 -1.085489
1676415595.883163 14.309018 4.473360 -1.135997
1676415595.893280 14.309221 4.552352 -1.124157
1676415595.903384 14.300994 4.625155 -1.175407
1676415595.913600 14.301096 4.705214 -1.162577
1676415595.923833 14.293374 4.778286 -1.214538
1676415595.934022 14.293356 4.859479 -1.200813
1676415595.944956 14.286108 4.932835 -1.253457
1676415595.954654 14.285947 5.015236 -1.238926
1676415595.966697 14.264867 5.075799 -1.170578
1676415595.977327 14.264764 5.157520 -1.155509
1676415595.987588 14.258089 5.231256 -1.207154
1676415595.997839 14.257810 5.314237 -1.191397
1676415596.008065 14.251549 5.388261 -1.243765
1676415596.017964 14.251080 5.472577 -1.227412
1676415596.028034 14.245212 5.546908 -1.280479
1676415596.038060 14.244557 5.632638 -1.263613
1676415596.053717 14.239053 5.707297 -1.317362
1676415596.058561 14.238201 5.794514 -1.300066
1676415596.071584 14.213946 5.845404 -1.194985
1676415596.081819 14.213228 5.930774 -1.177348
1676415596.092671 14.208042 6.005748 -1.229782
1676415596.102194 14.207113 6.092649 -1.211779
1676415596.112383 14.202247 6.167943 -1.264947
1676415596.122417 14.201111 6.256461 -1.246655
1676415596.133195 14.196545 6.332093 -1.300538
1676415596.143187 14.195205 6.422303 -1.282034
1676415596.153654 14.190923 6.498293 -1.336619
1676415596.164055 14.189382 6.590284 -1.317989
1676415596.173878 14.160866 6.625912 -1.170572
1676415596.184391 14.159596 6.714311 -1.151539
1676415596.194283 14.155434 6.790496 -1.204498
1676415596.204650 14.153951 6.880714 -1.185332
1676415596.214457 14.150044 6.957231 -1.239046
1676415596.225441 14.148355 7.049359 -1.219818
1676415596.235479 14.144690 7.126230 -1.274277
1676415596.245415 14.142800 7.220360 -1.255073
1676415596.255830 14.139363 7.297614 -1.310261
1676415596.266240 14.137281 7.393839 -1.291162
1676415596.279312 14.103553 7.407392 -1.095200
1676415596.289333 14.101914 7.497612 -1.075350
1676415596.299457 14.098444 7.574881 -1.128602
1676415596.309590 14.096593 7.667248 -1.108783
1676415596.319928 14.093338 7.744847 -1.162823
1676415596.330322 14.091284 7.839461 -1.143115
1676415596.339980 14.088233 7.917417 -1.197923
1676415596.350040 14.085986 8.014376 -1.178405
1676415596.360649 14.083126 8.092716 -1.233970
1676415596.371011 14.080694 8.192126 -1.214734
1676415596.382626 14.040907 8.175854 -0.963415
1676415596.392885 14.039126 8.266071 -0.942835
1676415596.402957 14.036115 8.344180 -0.996127
1676415596.413324 14.034121 8.436917 -0.975677
1676415596.423423 14.031297 8.515335 -1.029780
1676415596.433642 14.029100 8.610705 -1.009545
1676415596.444153 14.026450 8.689465 -1.064442
1676415596.454402 14.024059 8.787562 -1.044508
1676415596.464192 14.021573 8.866694 -1.100185
1676415596.474440 14.018996 8.967627 -1.080638
1676415596.484959 13.972362 8.913405 -0.766660
1676415596.494910 13.970688 9.001085 -0.744978
1676415596.505077 13.967956 9.079684 -0.798006
1676415596.515145 13.966052 9.170317 -0.776502
1676415596.525336 13.963492 9.249176 -0.830347
1676415596.535902 13.961373 9.342868 -0.809104
1676415596.547103 13.958971 9.422025 -0.863748
1676415596.556260 13.956647 9.518885 -0.842858
1676415596.565991 13.954392 9.598384 -0.898289
1676415596.576366 13.951869 9.698514 -0.877841
1676415596.586718 13.897651 9.598635 -0.493666
1676415596.597329 13.896336 9.680511 -0.470183
1676415596.607162 13.893756 9.759129 -0.522537
1676415596.617498 13.892178 9.844476 -0.499191
1676415596.628157 13.889763 9.923285 -0.552372
1676415596.637986 13.887942 10.012190 -0.529273
1676415596.653510 13.885677 10.091237 -0.583253
1676415596.665867 13.883614 10.183798 -0.560491
1676415596.675400 13.881494 10.263126 -0.615255
1676415596.685959 13.879205 10.359439 -0.592924
1676415596.698516 13.816715 10.207757 -0.131216
1676415596.708970 13.816017 10.279810 -0.104954
1676415596.719165 13.813511 10.357882 -0.156190
1676415596.729348 13.812503 10.433968 -0.129968
1676415596.739529 13.810159 10.512128 -0.182009
1676415596.749545 13.808857 10.592341 -0.155936
1676415596.760176 13.806664 10.670643 -0.208762
1676415596.769880 13.805081 10.755054 -0.182940
1676415596.779896 13.803031 10.833551 -0.236531
1676415596.790210 13.801178 10.922230 -0.211062
1676415596.800724 13.729742 10.715587 0.334836
1676415596.810637 13.729945 10.772997 0.364933
1676415596.820989 13.727456 10.849868 0.315338
1676415596.831095 13.727279 10.911953 0.345599
1676415596.846020 13.724958 10.988783 0.295213
1676415596.851019 13.724422 11.055590 0.325525
1676415596.861372 13.722257 11.132438 0.274371
1676415596.872107 13.721380 11.204012 0.304616
1676415596.881634 13.719361 11.280942 0.252716
1676415596.892178 13.718160 11.357336 0.282775
1676415596.903029 13.639069 11.097189 0.918214
1676415596.913212 13.640465 11.134405 0.953109
1676415596.923462 13.637981 11.209378 0.905660
1676415596.934021 13.638909 11.252034 0.941007
1676415596.943777 13.636600 11.326796 0.892797
1676415596.953812 13.637094 11.374862 0.928480
1676415596.964479 13.634947 11.449485 0.879535
1676415596.974121 13.635029 11.502927 0.915431
1676415596.987489 13.633032 11.577477 0.865774
1676415596.998093 13.632725 11.636284 0.901756
1676415597.010669 13.543387 11.331206 1.630427
1676415597.021264 13.546339 11.342228 1.670632
1676415597.031477 13.543838 11.414575 1.625819
1676415597.041402 13.546226 11.431895 1.666895
1676415597.051992 13.543908 11.503822 1.621335
1676415597.061993 13.545756 11.527311 1.663140
1676415597.072108 13.543614 11.598902 1.616868
1676415597.082029 13.544959 11.628440 1.659265
1676415597.092912 13.542980 11.699769 1.612312
1676415597.104488 13.543855 11.735224 1.655167
1676415597.114062 13.443678 11.402268 2.478751
1676415597.124518 13.448555 11.381012 2.523991
1676415597.134612 13.446047 11.450048 2.482201
1676415597.144712 13.450242 11.436106 2.528843
1676415597.154674 13.447931 11.504479 2.486315
1676415597.165456 13.451472 11.497549 2.534207
1676415597.175549 13.449350 11.565355 2.490973
1676415597.185505 13.452291 11.565171 2.539951
1676415597.195960 13.450339 11.632498 2.496050
1676415597.206110 13.452710 11.638807 2.545952
1676415597.216054 13.340731 11.304991 3.464426
1676415597.225983 13.347914 11.245822 3.513297
1676415597.236540 13.345406 11.310969 3.474768
1676415597.246600 13.351770 11.260419 3.525708
1676415597.256722 13.349475 11.324626 3.486418
1676415597.266692 13.355059 11.282168 3.539214
1676415597.277507 13.352964 11.345546 3.499215
1676415597.287893 13.357830 11.310726 3.553676
1676415597.297484 13.355925 11.373385 3.513013
1676415597.307956 13.360130 11.345731 3.568955
1676415597.319702 13.235168 11.047916 4.581507
1676415597.329606 13.244996 10.946815 4.631174
1676415597.340190 13.242507 11.007701 4.595989
1676415597.350171 13.251319 10.916954 4.648526
1676415597.360221 13.249070 10.976618 4.612531
1676415597.370153 13.256949 10.895331 4.667682
1676415597.381750 13.254921 10.953900 4.630924
1676415597.390438 13.261951 10.881308 4.688422
1676415597.401148 13.260130 10.938891 4.650953
1676415597.411322 13.266378 10.874287 4.710564
1676415597.422992 13.127067 10.656850 5.817174
1676415597.433314 13.139720 10.511873 5.863456
1676415597.443462 13.137285 10.568425 5.831472
1676415597.453400 13.148720 10.435973 5.881629
1676415597.463753 13.146546 10.491006 5.848730
1676415597.473778 13.156881 10.369710 5.902399
1676415597.484258 13.154946 10.423369 5.868645
1676415597.494203 13.164275 10.312062 5.925473
1676415597.505156 13.162564 10.364476 5.890919
1676415597.527264 13.170986 10.262180 5.950577
1676415597.530198 13.015824 10.172365 7.153942
1676415597.540482 13.031387 9.983751 7.191587
1676415597.550505 13.029014 10.036222 7.162504
1676415597.561053 13.043134 9.862943 7.205317
1676415597.571493 13.041041 9.913612 7.175174
1676415597.581495 13.053884 9.753707 7.222614
1676415597.592130 13.052045 9.802744 7.191489
1676415597.601919 13.063735 9.654580 7.243083
1676415597.611999 13.062131 9.702136 7.211030
1676415597.622234 13.072785 9.564320 7.266304
1676415597.633065 12.900285 9.645812 8.573445
1676415597.642739 12.918747 9.416354 8.596705
1676415597.653004 12.916425 9.465364 8.570161
1676415597.667120 12.933216 9.254697 8.600294
1676415597.677840 12.931189 9.301643 8.572503
1676415597.688752 12.946487 9.107094 8.608719
1676415597.698046 12.944735 9.152172 8.579772
1676415597.708820 12.958711 8.971486 8.621370
1676415597.718486 12.957210 9.014868 8.591344
1676415597.729627 12.970004 8.846157 8.637677
1676415597.742700 12.778970 9.132312 10.060342
1676415597.753352 12.800182 8.866788 10.063601
1676415597.763464 12.797903 8.913226 10.039262
1676415597.773644 12.817164 8.670467 10.051646
1676415597.784031 12.815199 8.714607 10.025849
1676415597.793929 12.832760 8.490873 10.046168
1676415597.804020 12.831084 8.532945 10.019014
1676415597.814304 12.847145 8.325315 10.046261
1676415597.824673 12.845735 8.365514 10.017846
1676415597.835403 12.860474 8.171698 10.051147
1676415597.845131 12.650221 8.680801 11.604730
1676415597.855402 12.673972 8.384999 11.583009
1676415597.865540 12.671706 8.429924 11.560666
1676415597.875728 12.693221 8.161214 11.551005
1676415597.885691 12.691280 8.203642 11.526971
1676415597.895866 12.710879 7.957180 11.527606
1676415597.906061 12.709235 7.997370 11.502007
1676415597.916826 12.727165 7.769464 11.511514
1676415597.926699 12.725796 7.807635 11.484465
1676415597.937467 12.742258 7.595401 11.501640
1676415597.950620 12.514670 8.340058 13.204604
1676415597.960660 12.540644 8.020759 13.153850
1676415597.970907 12.538349 8.065326 13.133520
1676415597.981355 12.561750 7.777733 13.098572
1676415597.991393 12.559797 7.819638 13.076312
1676415598.001693 12.581046 7.557550 13.054579
1676415598.011996 12.579403 7.597083 13.030542
1676415598.022043 12.598823 7.355927 13.020024
1676415598.033613 12.597463 7.393331 12.994343
1676415598.043149 12.615272 7.169689 12.993434
1676415598.052831 12.368841 8.124380 14.859853
1676415598.063064 12.396657 7.789975 14.777912
1676415598.073310 12.394287 7.835184 14.759789
1676415598.083811 12.419240 7.536642 14.698037
1676415598.093686 12.417215 7.579069 14.677744
1676415598.105506 12.439820 7.308862 14.632551
1676415598.114324 12.438108 7.348828 14.610270
1676415598.124970 12.458707 7.101577 14.578943
1676415598.135065 12.457288 7.139344 14.554837
1676415598.145298 12.476164 6.911137 14.535297
1676415598.155712 12.212456 8.050625 16.577600
1676415598.165561 12.241652 7.710141 16.464058
1676415598.175432 12.239146 7.756864 16.448572
1676415598.185961 12.265187 7.455707 16.360130
1676415598.197181 12.263032 7.499570 16.342247
1676415598.206137 12.286537 7.228887 16.273977
1676415598.216932 12.284701 7.270238 16.253911
1676415598.226626 12.306093 7.023901 16.202295
1676415598.236866 12.304552 7.063013 16.180228
1676415598.247358 12.324141 6.836635 16.142636
1676415598.257281 12.044813 8.128973 18.368886
1676415598.267097 12.074849 7.791438 18.225046
1676415598.278606 12.072149 7.840363 18.212767
1676415598.288218 12.098800 7.544442 18.099109
1676415598.297892 12.096456 7.590480 18.084213
1676415598.308089 12.120442 7.326354 17.994433
1676415598.318207 12.118418 7.369869 17.977167
1676415598.328765 12.140209 7.130925 17.906916
1676415598.339042 12.138478 7.172197 17.887498
1676415598.349445 12.158405 6.953651 17.833539
1676415598.367794 11.865262 8.364634 20.247515
1676415598.378385 11.895523 8.038999 20.076517
1676415598.388751 11.892572 8.090644 20.068155
1676415598.398694 11.919307 7.807498 19.932222
1676415598.408642 11.916712 7.856290 19.921047
1676415598.418559 11.940684 7.605329 19.812571
1676415598.429026 11.938415 7.651631 19.798867
1676415598.439087 11.960141 7.425900 19.712634
1676415598.449239 11.958170 7.469989 19.696640
1676415598.459645 11.978027 7.264546 19.628843
1676415598.469628 11.672800 8.760853 22.230740
1676415598.479775 11.702655 8.455140 22.037090
1676415598.489755 11.699407 8.509908 22.033452
1676415598.500226 11.725689 8.246364 21.879384
1676415598.509970 11.722791 8.298351 21.872760
1676415598.520377 11.746314 8.066429 21.749363
1676415598.530155 11.743734 8.116001 21.740071
1676415598.540651 11.765021 7.908708 21.641363
1676415598.550346 11.762737 7.956145 21.629666
1676415598.561138 11.782151 7.768619 21.551399
1676415598.571233 11.466352 9.319656 24.338701
1676415598.580904 11.495189 9.040889 24.128051
1676415598.591037 11.491589 9.099091 24.130013
1676415598.601328 11.516887 8.860895 23.962720
1676415598.611451 11.513633 8.916444 23.961556
1676415598.621748 11.536206 8.708579 23.827730
1676415598.632798 11.533270 8.761821 23.823789
1676415598.641944 11.553660 8.577445 23.716771
1676415598.652421 11.551014 8.628650 23.710335
1676415598.665241 11.569583 8.463001 23.625421
1676415598.672527 11.244436 10.041540 26.593652
1676415598.682228 11.271717 9.795318 26.372303
1676415598.696488 11.267701 9.857214 26.380792
1676415598.707827 11.291545 9.649113 26.205844
1676415598.714348 11.287868 9.708520 26.211103
1676415598.724709 11.309074 9.528827 26.071851
1676415598.734428 11.305709 9.586068 26.074246
1676415598.744867 11.324812 9.428341 25.963563
1676415598.754646 11.321731 9.483666 25.963403
1676415598.765376 11.339099 9.343275 25.876098
1676415598.775550 11.005480 10.925240 29.019185
1676415598.785173 11.030710 10.715785 28.793660
1676415598.795365 11.026211 10.781636 28.809614
1676415598.805389 11.048147 10.607253 28.632773
1676415598.815849 11.043979 10.670808 28.645423
1676415598.825605 11.063414 10.522491 28.505928
1676415598.836088 11.059548 10.584058 28.515660
1676415598.845826 11.076994 10.455849 28.405998
1676415598.856290 11.073403 10.515660 28.413125
1676415598.866287 11.089187 10.403417 28.328043
1676415598.876776 10.747672 11.967254 31.638315
1676415598.886267 10.770387 11.797871 31.415693
1676415598.896974 10.765324 11.867939 31.440081
1676415598.906569 10.784950 11.730118 31.267504
1676415598.917023 10.780201 11.798123 31.288546
1676415598.928690 10.797474 11.683788 31.154397
1676415598.937471 10.793014 11.750006 31.172497
1676415598.947950 10.808401 11.653823 31.069123
1676415598.957641 10.804210 11.718456 31.084609
1676415598.968429 10.818059 11.636559 31.006409
1676415598.977974 10.475739 13.174083 34.481427
1676415598.988181 10.495449 13.046500 34.267923
1676415598.998229 10.489754 13.121152 34.301738
1676415599.008653 10.506587 13.021474 34.138965
1676415599.018314 10.501194 13.094313 34.169426
1676415599.028826 10.515847 13.015459 34.045632
1676415599.038583 10.510728 13.086739 34.073142
1676415599.049115 10.523648 13.023994 33.980537
1676415599.059168 10.518781 13.093902 34.005423
1676415599.069581 10.530278 13.043922 33.938496
1676415599.079698 10.180999 14.523422 37.558654
1676415599.089227 10.197495 14.438556 37.360876
1676415599.099474 10.191045 14.518162 37.404991
1676415599.109506 10.204881 14.457430 37.257710
1676415599.119963 10.198714 14.535501 37.298486
1676415599.129687 10.210537 14.492842 37.190059
1676415599.140271 10.204631 14.569599 37.227894
1676415599.150112 10.214852 14.540993 37.150642
1676415599.160622 10.209187 14.616598 37.185864
1676415599.170625 10.218087 14.599158 37.134349
1676415599.181020 9.862313 16.001638 40.884069
1676415599.190619 9.875431 15.958753 40.707388
1676415599.201192 9.868106 16.043733 40.762580
1676415599.211460 9.878781 16.021276 40.635366
1676415599.221440 9.871722 16.105009 40.687247
1676415599.231920 9.880550 16.097952 40.598221
1676415599.241619 9.873732 16.180629 40.647188
1676415599.252255 9.881093 16.185594 40.588866
1676415599.262027 9.874500 16.267354 40.635239
1676415599.272823 9.880655 16.281918 40.602283
1676415599.282586 9.528482 17.588038 44.466248
1676415599.293057 9.538120 17.584787 44.314260
1676415599.302908 9.529866 17.675600 44.381178
1676415599.313293 9.537282 17.689252 44.277024
1676415599.323304 9.529280 17.779106 44.340673
1676415599.333431 9.535014 17.805612 44.273592
1676415599.343855 9.527241 17.894667 44.334357
1676415599.355911 9.531632 17.931271 44.297158
1676415599.364185 9.524071 18.019644 44.355352
1676415599.374258 9.527354 18.064380 44.342934
1676415599.384802 9.171578 19.254344 48.292597
1676415599.394183 9.177792 19.287324 48.168107
1676415599.404495 9.168509 19.384370 48.247199
1676415599.414422 9.172728 19.430969 48.168275
1676415599.424933 9.163680 19.527332 48.244145
1676415599.435259 9.166390 19.584368 48.200647
1676415599.445320 9.157556 19.680183 48.273663
1676415599.455419 9.159064 19.745497 48.258813
1676415599.465439 9.150428 19.840861 48.329277
1676415599.476174 9.150942 19.912892 48.338251
1676415599.485776 8.793224 20.967182 52.345215
1676415599.495881 8.796249 21.031743 52.248989
1676415599.505988 8.785837 21.135336 52.340470
1676415599.516674 8.787086 21.210543 52.287089
1676415599.526310 8.776895 21.313706 52.375394
1676415599.536796 8.776797 21.397153 52.355495
1676415599.546582 8.766808 21.499991 52.440974
1676415599.557076 8.765639 21.590022 52.448214
1676415599.567254 8.755837 21.692615 52.531152
1676415599.577592 8.753783 21.788026 52.560997
1676415599.587725 8.396196 22.688062 56.593372
1676415599.597252 8.396392 22.778826 56.524676
1676415599.607632 8.384777 22.889098 56.628512
1676415599.620310 8.383391 22.987955 56.599757
1676415599.628286 8.371985 23.098016 56.700462
1676415599.638457 8.369399 23.203201 56.703079
1676415599.648752 8.358188 23.313135 56.800982
1676415599.658654 8.354652 23.423421 56.829092
1676415599.669483 8.343621 23.533290 56.924461
1676415599.679734 8.339304 23.647775 56.973854
1676415599.689691 7.984267 24.376907 60.997614
1676415599.699819 7.982052 24.488473 60.954821
1676415599.709783 7.969192 24.605357 61.070747
1676415599.724539 7.965572 24.722875 61.064846
1676415599.735569 7.952911 24.839734 61.177678
1676415599.741559 7.948222 24.961972 61.200945
1676415599.750498 7.935747 25.078867 61.310990
1676415599.761017 7.930214 25.204941 61.358081
1676415599.771114 7.917917 25.321920 61.465595
1676415599.781680 7.911690 25.451167 61.532661
1676415599.791629 7.561831 25.995536 65.513295
1676415599.801166 7.557607 26.122837 65.494179
1676415599.811505 7.543484 26.246041 65.621710
1676415599.821707 7.537994 26.377581 65.636657
1676415599.831975 7.524066 26.500894 65.761134
1676415599.841698 7.517624 26.635825 65.803093
1676415599.852130 7.503877 26.759301 65.924798
1676415599.861894 7.496684 26.897020 65.988920
1676415599.872415 7.483107 27.020695 66.108093
1676415599.882423 7.475296 27.160760 66.190888
1676415599.892930 7.139327 27.519160 70.094570
1676415599.902502 7.133280 27.657824 70.096915
1676415599.912806 7.117907 27.786846 70.235379
1676415599.923146 7.110744 27.928430 70.269054
1676415599.935684 7.095565 28.057672 70.404494
1676415599.943481 7.087556 28.201631 70.463224
1676415599.953376 7.072552 28.331135 70.595911
1676415599.963852 7.063872 28.477058 70.675339
1676415599.973582 7.049043 28.606841 70.805494
1676415599.987652 7.039808 28.754393 70.902452
1676415599.994246 6.714484 28.910351 74.698320
1676415600.004296 6.707102 29.056543 74.720063
1676415600.014296 6.690544 29.190655 74.868651
1676415600.024909 6.682146 29.338785 74.919170
1676415600.036130 6.665774 29.473204 75.064761
1676415600.044938 6.656594 29.622910 75.138601
1676415600.055115 6.640407 29.757651 75.281464
1676415600.065200 6.630607 29.908665 75.374695
1676415600.075253 6.614593 30.043738 75.515043
1676415600.086128 6.604287 30.195881 75.624718
1676415600.096554 6.304435 30.146396 79.288886
1676415600.106320 6.295736 30.296995 79.328212
1676415600.116401 6.278169 30.435346 79.486018
1676415600.126299 6.268582 30.587099 79.551981
1676415600.136796 6.251210 30.725799 79.706852
1676415600.146542 6.240938 30.878525 79.794536
1676415600.157437 6.223744 31.017587 79.946702
1676415600.167860 6.212925 31.171125 80.052503
1676415600.177604 6.195904 31.310562 80.202171
1676415600.188402 6.184633 31.464789 80.323437
1676415600.198327 5.900716 31.210754 83.828644
1676415600.208360 5.891067 31.363080 83.884146
1676415600.218384 5.872602 31.504690 84.050218
1676415600.228844 5.862155 31.657586 84.130347
1676415600.238616 5.843878 31.799568 84.293534
1676415600.249060 5.832813 31.952944 84.393858
1676415600.259204 5.814720 32.095310 84.554385
1676415600.269485 5.803167 32.249121 84.671633
1676415600.279417 5.785252 32.391885 84.829674
1676415600.289613 5.773287 32.546066 84.961459
1676415600.300100 5.507166 32.091979 88.288102
1676415600.309696 5.496847 32.243791 88.358410
1676415600.320004 5.477607 32.387623 88.531721
1676415600.329931 5.466571 32.539569 88.624719
1676415600.340386 5.447534 32.683789 88.795197
1676415600.350120 5.435936 32.835871 88.906988
1676415600.360598 5.417090 32.980488 89.074836
1676415600.370322 5.405029 33.132697 89.202575
1676415600.380778 5.386361 33.277711 89.367972
1676415600.391242 5.373904 33.430031 89.509429
1676415600.401448 5.127115 32.783824 92.641867
1676415600.411089 5.116352 32.933225 92.725851
1676415600.421198 5.096487 33.078224 92.905351
1676415600.431736 5.085059 33.227428 93.010280
1676415600.441514 5.065392 33.372815 93.187003
1676415600.451883 5.053436 33.521874 93.309390
1676415600.461599 5.033961 33.667657 93.483526
1676415600.472095 5.021568 33.816604 93.620795
1676415600.481799 5.002281 33.962780 93.792508
1676415600.492587 4.989509 34.111639 93.942665
1676415600.502160 4.763217 33.284365 96.868913
1676415600.512307 4.752201 33.429718 96.965173
1676415600.522299 4.731856 33.574854 97.149775
1676415600.532699 4.720234 33.719754 97.265291
1676415600.543537 4.700093 33.865272 97.447172
1676415600.552827 4.687981 34.009808 97.578925
1676415600.563127 4.668037 34.155710 97.758260
1676415600.573214 4.655502 34.299947 97.904021
1676415600.587802 4.635750 34.446224 98.080970
1676415600.597897 4.622851 34.590195 98.238898
