1676864904.157084 14.11764705882353
1676864904.5471718 14.11764705882353
1676864904.9659302 13.725490196078432
1676864905.3584394 13.725490196078432
1676864905.7789075 13.725490196078432
1676864906.1665878 14.50980392156863
1676864906.5589182 14.901960784313726
1676864906.9801626 14.50980392156863
1676864907.3677752 14.11764705882353
1676864907.78786 14.11764705882353
1676864908.1809287 16.07843137254902
1676864908.5688837 16.47058823529412
1676864908.989102 12.941176470588236
1676864909.3817453 14.901960784313726
1676864909.8000665 14.901960784313726
1676864910.189695 14.11764705882353
1676864910.5831916 14.11764705882353
1676864911.0012474 13.725490196078432
1676864911.3909209 14.11764705882353
1676864911.7834284 14.11764705882353
1676864912.2046406 13.725490196078432
1676864912.591424 13.725490196078432
1676864913.0122638 14.11764705882353
1676864913.4028862 13.725490196078432
1676864913.8224716 13.725490196078432
1676864914.2130756 13.725490196078432
1676864914.60384 13.725490196078432
1676864915.0234463 14.11764705882353
1676864915.4140592 14.11764705882353
1676864915.8345966 13.725490196078432
1676864916.2241495 13.725490196078432
1676864916.6153746 13.725490196078432
1676864917.0354319 13.333333333333334
1676864917.425418 20.3921568627451
1676864917.8472404 18.823529411764707
1676864918.2366915 17.647058823529413
1676864918.626958 19.215686274509807
1676864919.048379 14.50980392156863
1676864919.4373486 16.07843137254902
1676864919.857129 16.47058823529412
1676864920.249946 16.47058823529412
1676864920.638114 16.862745098039216
1676864921.058056 13.725490196078432
1676864921.450283 14.11764705882353
1676864921.8725944 14.50980392156863
1676864922.259067 14.11764705882353
1676864922.6510646 14.11764705882353
1676864923.072257 14.11764705882353
1676864923.4595783 14.11764705882353
1676864923.8799934 16.07843137254902
1676864924.2738025 14.50980392156863
1676864924.6609573 18.43137254901961
1676864925.0811932 17.647058823529413
1676864925.4744174 18.03921568627451
1676864925.8925388 13.333333333333334
1676864926.2818754 14.901960784313726
1676864926.674713 16.47058823529412
1676864927.093497 16.862745098039216
1676864927.485819 18.43137254901961
1676864927.9031188 18.03921568627451
1676864928.2941604 18.03921568627451
1676864928.6833658 18.03921568627451
1676864929.1046853 18.03921568627451
1676864929.4948363 18.03921568627451
1676864929.91585 18.03921568627451
1676864930.3048537 16.862745098039216
1676864930.6958385 16.862745098039216
1676864931.1163058 16.862745098039216
1676864931.5058475 16.862745098039216
1676864931.9273448 16.862745098039216
1676864932.316597 16.862745098039216
1676864932.7381594 16.862745098039216
1676864933.1283605 17.254901960784316
1676864933.517428 17.254901960784316
1676864933.9394426 17.254901960784316
1676864934.329535 17.254901960784316
1676864934.7481694 17.254901960784316
1676864935.1427588 17.254901960784316
1676864935.5308554 17.254901960784316
1676864935.9493866 17.254901960784316
1676864936.3420053 16.47058823529412
1676864936.7627015 16.47058823529412
1676864937.1507509 16.47058823529412
1676864937.541728 16.47058823529412
1676864937.9631057 16.07843137254902
1676864938.3509128 16.862745098039216
1676864938.7714772 16.862745098039216
1676864939.1641207 16.862745098039216
1676864939.5547943 16.862745098039216
1676864939.972081 14.50980392156863
1676864940.365914 14.901960784313726
1676864940.7834404 14.11764705882353
1676864941.1731546 14.11764705882353
1676864941.5668135 13.725490196078432
1676864941.9846785 13.725490196078432
1676864942.3739495 13.725490196078432
1676864942.7945864 13.725490196078432
1676864943.1856532 13.725490196078432
1676864943.5749137 16.07843137254902
1676864943.99515 18.43137254901961
1676864944.3875072 18.43137254901961
1676864944.805906 18.823529411764707
1676864945.1968362 18.43137254901961
1676864945.586995 18.03921568627451
1676864946.0066738 17.254901960784316
1676864946.3971488 16.47058823529412
1676864946.8178344 16.862745098039216
1676864947.2077172 16.862745098039216
1676864947.5979064 16.47058823529412
1676864948.019923 16.47058823529412
1676864948.408848 17.647058823529413
1676864948.8307428 18.03921568627451
1676864949.2202828 18.03921568627451
1676864949.6097279 18.823529411764707
1676864950.0323095 18.823529411764707
1676864950.4215047 18.823529411764707
1676864950.8403597 18.823529411764707
1676864951.233371 14.901960784313726
1676864951.6217155 16.07843137254902
1676864952.0413966 17.254901960784316
1676864952.4342659 17.647058823529413
1676864952.854509 18.03921568627451
1676864953.2422733 18.03921568627451
1676864953.634501 18.03921568627451
1676864954.055448 17.254901960784316
1676864954.4430358 16.07843137254902
1676864954.8633785 16.47058823529412
1676864955.2575433 16.47058823529412
1676864955.6750622 15.294117647058824
1676864956.0647428 15.294117647058824
1676864956.457293 14.901960784313726
1676864956.875606 14.50980392156863
1676864957.2651265 14.50980392156863
1676864957.6856055 18.03921568627451
1676864958.0770025 18.03921568627451
1676864958.4659262 17.254901960784316
1676864958.8863726 17.254901960784316
1676864959.278096 17.647058823529413
1676864959.6973703 18.43137254901961
1676864960.0872362 19.607843137254903
1676864960.4783483 20.0
1676864960.897966 20.784313725490197
1676864961.2882035 21.176470588235297
1676864961.7102625 21.568627450980394
1676864962.1005375 21.568627450980394
1676864962.4893663 21.568627450980394
1676864962.91098 20.0
1676864963.2999132 17.254901960784316
1676864963.7229505 17.254901960784316
1676864964.110957 17.254901960784316
1676864964.501092 17.254901960784316
1676864964.9234443 17.254901960784316
1676864965.312552 16.862745098039216
1676864965.7345018 16.862745098039216
1676864966.124785 16.862745098039216
1676864966.5134187 16.862745098039216
1676864966.9329557 15.686274509803923
1676864967.3242166 15.686274509803923
1676864967.7467415 14.901960784313726
1676864968.1351862 14.901960784313726
1676864968.5540142 14.50980392156863
1676864968.9472287 14.50980392156863
1676864969.334241 14.11764705882353
1676864969.754805 14.11764705882353
1676864970.1474836 16.862745098039216
1676864970.5662034 17.254901960784316
1676864970.9568021 19.215686274509807
1676864971.3488538 19.607843137254903
1676864971.7671273 21.568627450980394
1676864972.1570706 22.745098039215687
1676864972.5503716 23.137254901960787
1676864972.968588 23.529411764705884
1676864973.3576696 22.745098039215687
1676864973.777953 23.137254901960787
1676864974.169263 20.0
1676864974.5883763 16.47058823529412
1676864974.978798 16.47058823529412
1676864975.369449 23.137254901960787
1676864975.789354 25.88235294117647
1676864976.1794016 30.58823529411765
1676864976.6010969 28.627450980392158
1676864976.9902973 28.23529411764706
1676864977.3802302 29.01960784313726
1676864977.8025644 27.450980392156865
1676864978.1911705 18.03921568627451
1676864978.6139348 17.647058823529413
1676864979.002702 17.254901960784316
1676864979.39234 17.254901960784316
1676864979.8155615 16.862745098039216
1676864980.2035372 16.07843137254902
1676864980.6228817 15.686274509803923
1676864981.015688 15.686274509803923
1676864981.4375563 16.07843137254902
1676864981.8235698 16.47058823529412
1676864982.2159824 16.47058823529412
1676864982.6369686 16.862745098039216
1676864983.0247815 16.862745098039216
1676864983.4450588 16.47058823529412
1676864983.8387492 16.47058823529412
1676864984.2256353 16.862745098039216
1676864984.6459434 18.03921568627451
1676864985.038623 20.0
1676864985.4576602 21.176470588235297
1676864985.8475068 20.784313725490197
1676864986.239888 20.3921568627451
1676864986.658015 20.3921568627451
1676864987.048143 20.0
1676864987.4681823 18.03921568627451
1676864987.8596017 16.07843137254902
1676864988.2486806 16.47058823529412
1676864988.6693184 16.47058823529412
1676864989.0597074 16.47058823529412
1676864989.4892602 16.07843137254902
1676864989.8697956 16.07843137254902
1676864990.2607899 15.686274509803923
1676864990.6807077 15.294117647058824
1676864991.0709395 14.901960784313726
1676864991.4915974 14.50980392156863
1676864991.8815722 14.50980392156863
1676864992.303853 14.11764705882353
1676864992.6931787 14.11764705882353
1676864993.082947 14.11764705882353
1676864993.5053616 18.823529411764707
1676864993.8948176 19.607843137254903
1676864994.283899 19.607843137254903
1676864994.7058299 20.0
1676864995.0949295 20.784313725490197
1676864995.5138977 20.3921568627451
1676864995.9075937 20.3921568627451
1676864996.3292694 21.176470588235297
1676864996.7158062 21.568627450980394
1676864997.1067123 21.96078431372549
1676864997.5286708 24.705882352941178
1676864997.91589 27.058823529411768
1676864998.336237 27.450980392156865
1676864998.729713 28.23529411764706
1676864999.1170876 28.23529411764706
1676864999.5376153 21.568627450980394
1676864999.9307065 17.254901960784316
1676865000.3486178 27.450980392156865
1676865000.7379909 30.58823529411765
1676865001.1330667 30.98039215686275
1676865001.549367 30.196078431372552
1676865001.9391823 29.411764705882355
1676865002.359104 18.03921568627451
1676865002.7507648 18.03921568627451
1676865003.1414149 17.647058823529413
1676865003.5599422 17.647058823529413
1676865003.951415 16.47058823529412
1676865004.3707218 15.686274509803923
1676865004.7614477 15.686274509803923
1676865005.1525111 15.294117647058824
1676865005.5722945 14.901960784313726
1676865005.9621503 14.50980392156863
1676865006.3827553 14.11764705882353
1676865006.7728198 16.47058823529412
1676865007.1946676 17.254901960784316
1676865007.5837445 13.725490196078432
1676865007.975329 14.50980392156863
1676865008.395406 14.50980392156863
1676865008.7853844 14.50980392156863
1676865009.2042835 14.11764705882353
1676865009.5972724 19.215686274509807
1676865009.986268 22.35294117647059
1676865010.4055178 22.35294117647059
1676865010.7977278 25.490196078431374
1676865011.2194474 24.705882352941178
1676865011.6076634 24.31372549019608
1676865011.997753 24.31372549019608
1676865012.4197536 16.862745098039216
1676865012.8070195 19.215686274509807
1676865013.227446 31.764705882352942
1676865013.6212149 33.72549019607843
1676865014.008187 41.96078431372549
1676865014.42942 45.09803921568628
1676865014.8224607 40.0
1676865015.2401042 40.0
1676865015.6292772 39.21568627450981
1676865016.025171 39.21568627450981
1676865016.4416866 19.215686274509807
1676865016.8303373 46.274509803921575
1676865017.2504048 69.41176470588236
1676865017.6423657 45.88235294117647
1676865018.0613189 45.490196078431374
1676865018.4513636 44.70588235294118
1676865018.8425636 41.1764705882353
1676865019.2621295 38.03921568627451
1676865019.6521358 25.098039215686278
1676865020.0756705 58.82352941176471
1676865020.4629755 38.03921568627451
1676865020.8534427 21.568627450980394
1676865021.275206 18.823529411764707
1676865021.6640782 18.823529411764707
1676865022.086099 18.823529411764707
1676865022.4767458 18.43137254901961
1676865022.865339 17.647058823529413
1676865023.2880616 16.862745098039216
1676865023.6773922 16.862745098039216
1676865024.095673 16.47058823529412
1676865024.4882388 16.47058823529412
1676865024.877205 16.47058823529412
1676865025.296767 16.47058823529412
1676865025.6889436 16.47058823529412
1676865026.110414 16.862745098039216
1676865026.497394 16.862745098039216
1676865026.8894083 16.862745098039216
1676865027.3110979 16.862745098039216
1676865027.6986778 16.862745098039216
1676865028.1238143 16.862745098039216
1676865028.512273 16.862745098039216
1676865028.8997831 16.47058823529412
1676865029.3196185 16.47058823529412
1676865029.7131317 18.03921568627451
1676865030.1315637 18.43137254901961
1676865030.5207205 17.647058823529413
1676865030.9141793 17.647058823529413
1676865031.3330386 18.03921568627451
1676865031.7214956 18.03921568627451
1676865032.142376 17.647058823529413
1676865032.532968 18.43137254901961
1676865032.9532692 18.43137254901961
1676865033.342607 18.823529411764707
1676865033.7337952 18.43137254901961
1676865034.1534495 18.43137254901961
1676865034.5435894 18.03921568627451
1676865034.9343567 18.03921568627451
1676865035.3541803 17.647058823529413
1676865035.7450867 17.647058823529413
1676865036.1665196 17.254901960784316
1676865036.555228 17.647058823529413
1676865036.9779103 18.03921568627451
1676865037.3667564 18.03921568627451
1676865037.75595 18.03921568627451
1676865038.1787984 18.03921568627451
1676865038.5671666 18.03921568627451
1676865038.986859 18.03921568627451
1676865039.3807676 18.03921568627451
1676865039.7687998 18.03921568627451
1676865040.1897964 18.03921568627451
1676865040.5796194 18.03921568627451
1676865041.001411 17.647058823529413
1676865041.3889587 17.254901960784316
1676865041.7808123 17.254901960784316
1676865042.2025838 17.254901960784316
1676865042.5896406 17.254901960784316
1676865043.0098662 16.47058823529412
1676865043.4034636 16.07843137254902
1676865043.7902985 16.47058823529412
1676865044.2113848 16.47058823529412
1676865044.6041174 16.862745098039216
1676865045.0227091 18.03921568627451
1676865045.4118278 18.823529411764707
1676865045.8053033 20.0
1676865046.223617 19.607843137254903
1676865046.6126597 18.03921568627451
1676865047.0333486 16.862745098039216
1676865047.4240713 16.862745098039216
1676865047.8135114 16.862745098039216
1676865048.234501 16.47058823529412
1676865048.6249354 15.686274509803923
1676865049.0454533 15.294117647058824
1676865049.4345977 15.294117647058824
1676865049.825751 15.294117647058824
1676865050.2454598 15.294117647058824
1676865050.6355999 15.294117647058824
1676865051.0572839 15.294117647058824
1676865051.4462638 14.901960784313726
1676865051.867932 15.294117647058824
1676865052.2579796 15.294117647058824
1676865052.647532 15.294117647058824
1676865053.0696392 15.294117647058824
1676865053.4591224 15.294117647058824
1676865053.8779955 13.725490196078432
1676865054.2709143 14.50980392156863
1676865054.659181 14.50980392156863
1676865055.079594 14.11764705882353
1676865055.4718273 14.11764705882353
1676865055.8930624 14.11764705882353
1676865056.2803617 14.11764705882353
1676865056.671691 14.11764705882353
1676865057.0933611 14.11764705882353
1676865057.4811954 14.901960784313726
1676865057.902288 16.07843137254902
1676865058.2943203 17.254901960784316
1676865058.7127814 17.254901960784316
1676865059.10202 17.647058823529413
1676865059.4951522 17.647058823529413
1676865059.9132562 18.43137254901961
1676865060.303047 19.215686274509807
1676865060.6968331 21.568627450980394
1676865061.1143064 24.31372549019608
1676865061.5038607 25.490196078431374
1676865061.924222 27.450980392156865
1676865062.315072 27.84313725490196
1676865062.7348835 30.98039215686275
1676865063.1252446 31.764705882352942
1676865063.5162408 34.11764705882353
1676865063.9358742 34.90196078431373
1676865064.326417 36.47058823529412
1676865064.749208 19.215686274509807
1676865065.137546 54.117647058823536
1676865065.527078 70.19607843137256
1676865065.9503944 75.68627450980392
1676865066.3380413 75.29411764705883
1676865066.7601674 75.29411764705883
1676865067.1510878 75.68627450980392
1676865067.5393124 75.68627450980392
1676865067.9649727 75.68627450980392
1676865068.3537483 75.68627450980392
1676865068.769443 75.68627450980392
1676865069.162332 69.41176470588236
1676865069.5528173 37.254901960784316
1676865069.970259 75.68627450980392
1676865070.3628974 75.68627450980392
1676865070.7855263 21.96078431372549
1676865071.1710129 19.215686274509807
1676865071.5636866 19.215686274509807
1676865071.9854743 19.607843137254903
1676865072.3722496 20.784313725490197
1676865072.792248 22.745098039215687
1676865073.1871138 23.137254901960787
1676865073.5728295 21.568627450980394
1676865073.9933965 20.3921568627451
1676865074.3881035 17.254901960784316
1676865074.8054068 20.0
1676865075.194518 24.31372549019608
1676865075.5881 23.137254901960787
1676865076.0061796 24.31372549019608
1676865076.3956058 24.31372549019608
1676865076.815355 23.529411764705884
1676865077.2063918 22.745098039215687
1676865077.6267016 20.0
1676865078.0167966 19.215686274509807
1676865078.4078162 19.607843137254903
1676865078.8271527 21.176470588235297
1676865079.2171974 22.35294117647059
1676865079.6389043 24.705882352941178
1676865080.0283666 25.098039215686278
1676865080.418319 25.098039215686278
1676865080.8396552 22.745098039215687
1676865081.2294571 18.43137254901961
1676865081.6504433 21.568627450980394
1676865082.0430229 23.137254901960787
1676865082.4298642 23.137254901960787
1676865082.853803 22.35294117647059
1676865083.2430394 22.35294117647059
1676865083.6619642 21.96078431372549
1676865084.054038 21.568627450980394
1676865084.4425309 21.176470588235297
1676865084.8616421 21.176470588235297
1676865085.2543573 18.43137254901961
1676865085.6749883 18.03921568627451
1676865086.0623538 18.823529411764707
1676865086.4546726 20.3921568627451
1676865086.8763115 21.176470588235297
1676865087.263706 20.784313725490197
1676865087.6835861 20.3921568627451
1676865088.0776708 20.0
1676865088.4641757 20.0
1676865088.8846903 20.0
1676865089.2785451 20.0
1676865089.6956687 18.03921568627451
1676865090.085633 18.03921568627451
1676865090.4795172 18.03921568627451
1676865090.8979 20.0
1676865091.286491 20.0
1676865091.706834 20.0
1676865092.0979564 20.0
1676865092.4874744 20.0
1676865092.9074762 20.0
1676865093.2985349 20.3921568627451
1676865093.7185173 20.3921568627451
1676865094.108562 20.784313725490197
1676865094.499727 20.784313725490197
1676865094.9191158 20.784313725490197
1676865095.3097258 20.784313725490197
1676865095.7326922 20.3921568627451
1676865096.121067 20.784313725490197
1676865096.5431488 20.3921568627451
1676865096.9317467 21.176470588235297
1676865097.321217 25.88235294117647
1676865097.745061 27.84313725490196
1676865098.1326554 27.450980392156865
1676865098.5518887 22.35294117647059
1676865098.9461799 18.43137254901961
1676865099.3336277 25.490196078431374
1676865099.7529345 30.196078431372552
1676865100.145092 30.98039215686275
1676865100.5347135 30.98039215686275
1676865100.953676 30.98039215686275
1676865101.3455718 30.98039215686275
1676865101.7691317 28.627450980392158
1676865102.1545112 18.43137254901961
1676865102.5746741 18.43137254901961
1676865102.968596 18.43137254901961
1676865103.355429 18.43137254901961
1676865103.7757378 18.43137254901961
1676865104.169642 18.43137254901961
1676865104.586958 18.43137254901961
1676865104.9766538 20.784313725490197
1676865105.3707263 21.176470588235297
1676865105.7888508 21.176470588235297
1676865106.1776621 21.176470588235297
1676865106.5716422 21.176470588235297
1676865106.9889998 21.176470588235297
1676865107.3785326 20.3921568627451
1676865107.7987006 20.3921568627451
1676865108.1898327 20.3921568627451
1676865108.6099036 20.784313725490197
1676865108.9998615 20.784313725490197
1676865109.3908513 20.784313725490197
1676865109.8108299 20.784313725490197
1676865110.2004964 18.43137254901961
1676865110.622143 18.03921568627451
1676865111.0112526 18.43137254901961
1676865111.4019065 18.823529411764707
1676865111.8233361 18.823529411764707
1676865112.212244 18.43137254901961
1676865112.6341512 18.43137254901961
1676865113.0243015 18.43137254901961
1676865113.4132113 18.43137254901961
1676865113.8353775 18.43137254901961
1676865114.225107 18.43137254901961
1676865114.6439223 18.43137254901961
1676865115.036312 17.647058823529413
1676865115.4256825 17.647058823529413
1676865115.8447907 17.647058823529413
1676865116.236893 17.647058823529413
1676865116.6588187 16.862745098039216
1676865117.0461266 16.07843137254902
1676865117.4381955 16.07843137254902
1676865117.8594484 15.686274509803923
1676865118.2467961 15.686274509803923
1676865118.6669688 15.686274509803923
1676865119.0608716 15.686274509803923
1676865119.447866 15.294117647058824
1676865119.8678637 15.294117647058824
1676865120.261728 16.07843137254902
1676865120.6795602 16.07843137254902
1676865121.0690215 25.098039215686278
1676865121.4625957 19.215686274509807
1676865121.8805723 17.647058823529413
1676865122.2695873 17.254901960784316
1676865122.6897957 17.254901960784316
1676865123.0814924 25.098039215686278
1676865123.4711604 13.725490196078432
1676865123.8908715 18.03921568627451
1676865124.2817633 17.254901960784316
1676865124.7017715 16.47058823529412
1676865125.0918033 15.686274509803923
1676865125.4828987 15.686274509803923
1676865125.902581 15.294117647058824
1676865126.2928338 14.901960784313726
1676865126.713653 14.50980392156863
1676865127.1035023 14.901960784313726
1676865127.526151 14.50980392156863
1676865127.9144728 14.50980392156863
1676865128.3052359 14.11764705882353
1676865128.7269256 14.11764705882353
1676865129.1158094 14.11764705882353
1676865129.5351841 14.11764705882353
1676865129.9276166 14.11764705882353
1676865130.3165796 13.725490196078432
1676865130.7363627 13.725490196078432
1676865131.1279204 14.11764705882353
1676865131.5174975 13.725490196078432
1676865131.9371357 14.11764705882353
1676865132.3293746 14.11764705882353
1676865132.7510433 14.11764705882353
1676865133.1377301 14.11764705882353
1676865133.5296772 14.11764705882353
1676865133.9511452 14.11764705882353
1676865134.3387835 14.11764705882353
1676865134.759121 14.11764705882353
1676865135.1520228 14.11764705882353
1676865135.5396907 13.725490196078432
1676865135.9600148 13.725490196078432
1676865136.3569603 13.725490196078432
1676865136.7712958 13.725490196078432
1676865137.16104 21.568627450980394
1676865137.55402 24.31372549019608
1676865137.9720361 25.88235294117647
1676865138.361915 27.84313725490196
1676865138.7820451 26.666666666666668
1676865139.176237 25.88235294117647
1676865139.5930417 25.88235294117647
1676865139.9828582 14.901960784313726
1676865140.3741722 17.254901960784316
1676865140.7938788 21.176470588235297
1676865141.184125 21.568627450980394
1676865141.605742 21.96078431372549
1676865141.995063 21.96078431372549
1676865142.385658 23.529411764705884
1676865142.806453 24.705882352941178
1676865143.1962683 25.88235294117647
1676865143.6181216 27.84313725490196
1676865144.0091655 28.23529411764706
1676865144.3975215 27.84313725490196
1676865144.818424 27.84313725490196
1676865145.208746 27.84313725490196
1676865145.601707 28.627450980392158
1676865146.0199952 31.764705882352942
1676865146.4111147 31.372549019607845
1676865146.828895 31.764705882352942
1676865147.2201593 19.215686274509807
1676865147.610114 36.47058823529412
1676865148.029693 38.03921568627451
1676865148.4210813 34.50980392156863
1676865148.8435845 34.50980392156863
1676865149.2298832 35.68627450980392
1676865149.6227632 35.68627450980392
1676865150.046079 36.07843137254902
1676865150.4308057 36.07843137254902
1676865150.8516262 36.07843137254902
1676865151.2469099 36.07843137254902
1676865151.631849 36.07843137254902
1676865152.0521696 36.47058823529412
1676865152.4475822 25.490196078431374
1676865152.863756 28.627450980392158
1676865153.2535715 34.11764705882353
1676865153.6490698 33.333333333333336
1676865154.0650954 34.90196078431373
1676865154.453944 32.94117647058824
1676865154.8745933 17.254901960784316
1676865155.265504 23.92156862745098
1676865155.6852462 26.666666666666668
1676865156.0752616 28.23529411764706
1676865156.4668088 27.84313725490196
1676865156.886041 20.3921568627451
1676865157.2767174 19.215686274509807
1676865157.6977062 20.3921568627451
1676865158.0868998 20.784313725490197
1676865158.4775057 21.176470588235297
1676865158.898396 22.35294117647059
1676865159.2886307 36.86274509803922
1676865159.709729 32.54901960784314
1676865160.0996265 31.372549019607845
1676865160.4890268 30.58823529411765
1676865160.9103053 30.58823529411765
1676865161.3008 29.80392156862745
1676865161.7194984 19.215686274509807
1676865162.1120636 19.607843137254903
1676865162.5017908 20.3921568627451
1676865162.921052 19.607843137254903
1676865163.312756 19.607843137254903
1676865163.7346067 20.0
1676865164.1216905 20.3921568627451
1676865164.5138965 20.0
1676865164.9353383 20.784313725490197
1676865165.3222063 20.784313725490197
1676865165.742678 20.784313725490197
1676865166.1374955 20.784313725490197
1676865166.52312 20.3921568627451
1676865166.943418 20.3921568627451
1676865167.338345 20.0
1676865167.7551606 25.88235294117647
1676865168.144898 30.98039215686275
1676865168.5393255 30.58823529411765
1676865168.9557157 29.411764705882355
1676865169.3454552 28.627450980392158
1676865169.7402503 28.627450980392158
1676865170.157839 20.3921568627451
1676865170.5766642 18.43137254901961
1676865170.9671962 18.43137254901961
1676865171.35784 18.823529411764707
1676865171.777576 19.215686274509807
1676865172.1677983 19.607843137254903
1676865172.588966 19.215686274509807
1676865172.978821 19.215686274509807
1676865173.368096 19.215686274509807
1676865173.7898095 18.823529411764707
1676865174.179031 19.215686274509807
1676865174.600949 19.215686274509807
1676865174.990657 19.607843137254903
1676865175.3799467 23.92156862745098
1676865175.801677 23.137254901960787
1676865176.1921284 23.137254901960787
1676865176.6112425 25.098039215686278
1676865177.0032187 29.01960784313726
1676865177.3946207 29.01960784313726
1676865177.8116395 28.627450980392158
1676865178.2042553 18.03921568627451
1676865178.6252887 18.43137254901961
1676865179.0136254 18.43137254901961
1676865179.4043646 18.43137254901961
1676865179.8268406 18.823529411764707
1676865180.2136064 19.607843137254903
1676865180.63408 25.490196078431374
1676865181.0274556 25.88235294117647
1676865181.4145565 26.27450980392157
1676865181.834698 18.03921568627451
1676865182.229862 18.43137254901961
1676865182.6458364 18.03921568627451
1676865183.0355995 18.43137254901961
1676865183.4291458 18.43137254901961
1676865183.8476195 18.43137254901961
1676865184.2366784 18.03921568627451
1676865184.657612 18.03921568627451
1676865185.0498269 18.03921568627451
1676865185.4376807 18.03921568627451
1676865185.8579302 18.03921568627451
1676865186.25072 18.03921568627451
1676865186.6691134 18.03921568627451
1676865187.0589066 18.03921568627451
1676865187.4499424 18.03921568627451
1676865187.8701668 18.03921568627451
1676865188.259591 17.254901960784316
1676865188.6809633 16.47058823529412
1676865189.070652 16.07843137254902
1676865189.4922411 16.07843137254902
1676865189.8819802 16.47058823529412
1676865190.271948 16.862745098039216
1676865190.6930525 16.862745098039216
1676865191.0824375 16.47058823529412
1676865191.472818 16.07843137254902
1676865191.8947115 16.07843137254902
1676865192.2842119 17.647058823529413
1676865192.7029142 20.0
1676865193.0950825 17.647058823529413
1676865193.5169747 16.862745098039216
1676865193.9038386 17.254901960784316
1676865194.296478 16.862745098039216
1676865194.7175112 16.07843137254902
1676865195.1050498 14.901960784313726
1676865195.5249434 14.901960784313726
1676865195.9181263 14.50980392156863
1676865196.305731 14.50980392156863
1676865196.726207 14.11764705882353
1676865197.1189072 16.47058823529412
1676865197.5375428 12.941176470588236
1676865197.926816 16.07843137254902
1676865198.3202672 18.43137254901961
1676865198.7382982 16.862745098039216
1676865199.1277962 15.294117647058824
1676865199.5213706 16.862745098039216
1676865199.939872 17.254901960784316
1676865200.329028 18.43137254901961
1676865200.7489445 21.176470588235297
1676865201.141038 23.137254901960787
1676865201.55984 24.705882352941178
1676865201.95008 27.84313725490196
1676865202.3411467 28.627450980392158
1676865202.7608404 28.23529411764706
1676865203.1506598 28.23529411764706
1676865203.5719419 29.01960784313726
1676865203.9620798 29.411764705882355
1676865204.351924 29.01960784313726
1676865204.7732623 29.411764705882355
1676865205.162262 30.58823529411765
1676865205.5850742 30.98039215686275
1676865205.9739797 31.372549019607845
1676865206.3638866 31.372549019607845
1676865206.7858639 31.764705882352942
1676865207.176332 32.15686274509804
1676865207.594139 32.15686274509804
1676865207.986934 32.54901960784314
1676865208.3770826 33.333333333333336
1676865208.7949033 33.333333333333336
1676865209.187635 65.88235294117648
1676865209.6115446 75.68627450980392
1676865209.9958959 75.29411764705883
1676865210.388097 75.29411764705883
1676865210.811741 30.58823529411765
1676865211.1971624 32.54901960784314
1676865211.6174517 45.88235294117647
1676865212.012966 38.82352941176471
1676865212.3976612 39.21568627450981
1676865212.8181198 41.1764705882353
1676865213.21339 29.01960784313726
1676865213.6310256 18.43137254901961
1676865214.019039 27.450980392156865
1676865214.4131043 24.705882352941178
1676865214.8303578 18.43137254901961
1676865215.2215807 18.43137254901961
1676865215.6402051 18.43137254901961
1676865216.0320559 19.215686274509807
1676865216.4212055 18.823529411764707
1676865216.8414667 19.215686274509807
1676865217.2326963 18.43137254901961
1676865217.6517558 18.03921568627451
1676865218.042179 18.03921568627451
1676865218.4331157 18.03921568627451
1676865218.8533697 17.254901960784316
1676865219.242922 16.862745098039216
1676865219.6642613 17.254901960784316
1676865220.0537875 18.43137254901961
1676865220.4442215 19.607843137254903
1676865220.8658404 21.568627450980394
1676865221.2549958 21.176470588235297
1676865221.6776254 21.176470588235297
1676865222.067862 21.568627450980394
1676865222.4859686 20.3921568627451
1676865222.8776674 19.215686274509807
1676865223.2672858 20.3921568627451
1676865223.6867576 22.745098039215687
1676865224.078293 23.529411764705884
1676865224.4687083 24.705882352941178
1676865224.8872213 20.784313725490197
1676865225.279177 18.03921568627451
1676865225.7012877 18.03921568627451
1676865226.087956 18.03921568627451
1676865226.5087516 18.03921568627451
1676865226.901767 18.823529411764707
1676865227.2892156 18.823529411764707
1676865227.7095003 19.607843137254903
1676865228.1027365 18.43137254901961
1676865228.521198 18.43137254901961
1676865228.9101868 18.43137254901961
1676865229.3034873 18.823529411764707
1676865229.7231557 19.607843137254903
1676865230.1120281 21.176470588235297
1676865230.5059576 21.568627450980394
1676865230.9223776 19.607843137254903
1676865231.312053 19.215686274509807
1676865231.7328444 19.215686274509807
1676865232.123887 19.215686274509807
1676865232.5430984 19.607843137254903
1676865232.9336839 19.607843137254903
1676865233.3248737 19.215686274509807
1676865233.7440047 19.215686274509807
1676865234.1349258 19.215686274509807
1676865234.5562618 19.215686274509807
1676865234.945604 19.215686274509807
1676865235.3351407 19.215686274509807
1676865235.7568753 20.0
1676865236.1458132 25.490196078431374
1676865236.567722 27.84313725490196
1676865236.9578252 26.666666666666668
1676865237.3467798 26.666666666666668
1676865237.7695882 18.43137254901961
1676865238.1587365 18.03921568627451
1676865238.5777173 18.03921568627451
1676865238.9698818 18.03921568627451
1676865239.3598652 18.823529411764707
1676865239.778458 18.823529411764707
1676865240.1707885 19.215686274509807
1676865240.592145 19.215686274509807
1676865240.9792671 18.43137254901961
1676865241.3712857 18.43137254901961
1676865241.793745 18.03921568627451
1676865242.1802628 18.03921568627451
1676865242.6006505 18.03921568627451
1676865242.9942045 17.647058823529413
1676865243.3813076 17.647058823529413
1676865243.8017414 18.03921568627451
1676865244.195264 18.03921568627451
1676865244.61383 18.03921568627451
1676865245.002393 18.03921568627451
1676865245.3957655 17.647058823529413
1676865245.8140125 17.254901960784316
1676865246.2031248 17.254901960784316
1676865246.5970385 17.254901960784316
1676865247.0144997 16.47058823529412
1676865247.4046693 15.686274509803923
1676865247.8246136 15.294117647058824
1676865248.2157462 15.294117647058824
1676865248.6352708 15.294117647058824
1676865249.0255284 15.294117647058824
1676865249.4162555 14.901960784313726
1676865249.8361692 14.901960784313726
1676865250.2264364 14.901960784313726
1676865250.648043 15.686274509803923
1676865251.037364 16.862745098039216
1676865251.4269898 18.43137254901961
1676865251.8491025 18.43137254901961
1676865252.2380795 19.215686274509807
1676865252.659904 19.607843137254903
1676865253.0492804 19.607843137254903
1676865253.4389126 19.607843137254903
1676865253.8612096 20.3921568627451
1676865254.2498422 20.3921568627451
1676865254.6698802 20.3921568627451
1676865255.0624058 20.3921568627451
1676865255.450989 20.784313725490197
1676865255.8709342 21.176470588235297
1676865256.2640622 21.568627450980394
1676865256.684769 22.745098039215687
1676865257.0714822 22.745098039215687
1676865257.4650955 22.745098039215687
1676865257.8853545 22.745098039215687
1676865258.2725265 22.35294117647059
1676865258.6929998 23.137254901960787
1676865259.0861452 18.03921568627451
1676865259.4735422 27.84313725490196
1676865259.8940816 32.15686274509804
1676865260.289759 32.54901960784314
1676865260.7054784 31.764705882352942
1676865261.0944335 30.58823529411765
1676865261.4895005 30.58823529411765
1676865261.9057572 29.411764705882355
1676865262.2954452 29.411764705882355
1676865262.7165835 26.666666666666668
1676865263.1071641 16.862745098039216
1676865263.4963517 24.31372549019608
1676865263.91694 27.450980392156865
1676865264.3076792 27.058823529411768
1676865264.7287924 17.647058823529413
1676865265.117676 18.823529411764707
1676865265.509346 18.823529411764707
1676865265.9287808 18.823529411764707
1676865266.3186195 18.823529411764707
1676865266.7405944 19.215686274509807
1676865267.1294546 20.0
1676865267.5512125 20.0
1676865267.9414678 20.0
1676865268.3303277 19.215686274509807
1676865268.7518437 17.647058823529413
1676865269.1422408 18.43137254901961
1676865269.5610442 18.823529411764707
1676865269.9530275 18.823529411764707
1676865270.3428051 19.215686274509807
1676865270.7619905 19.215686274509807
1676865271.1541424 19.215686274509807
1676865271.5762587 19.215686274509807
1676865271.962786 19.215686274509807
1676865272.3550546 18.823529411764707
1676865272.7768657 18.823529411764707
1676865273.1641252 18.823529411764707
1676865273.5843008 18.823529411764707
1676865273.9778996 18.823529411764707
1676865274.365634 18.823529411764707
1676865274.7850313 19.215686274509807
1676865275.1784053 19.607843137254903
1676865275.5960252 21.568627450980394
1676865275.9859269 18.03921568627451
1676865276.3793414 17.647058823529413
1676865276.7972908 17.254901960784316
1676865277.187237 17.254901960784316
1676865277.5805225 16.862745098039216
1676865277.9982588 16.862745098039216
1676865278.387401 17.254901960784316
1676865278.8082266 17.647058823529413
1676865279.1996572 18.03921568627451
1676865279.6187506 18.03921568627451
1676865280.009181 18.03921568627451
1676865280.3997748 18.03921568627451
1676865280.8200505 17.254901960784316
1676865281.209722 16.862745098039216
1676865281.6314676 16.862745098039216
1676865282.020538 17.647058823529413
1676865282.4107447 18.03921568627451
1676865282.8321276 18.43137254901961
1676865283.221525 24.31372549019608
1676865283.6440272 16.862745098039216
1676865284.0329576 18.43137254901961
1676865284.4221222 18.43137254901961
1676865284.844783 18.823529411764707
1676865285.233903 22.745098039215687
1676865285.6531959 15.686274509803923
1676865286.0453138 17.647058823529413
1676865286.4351764 17.647058823529413
1676865286.8540642 17.647058823529413
1676865287.2466075 16.862745098039216
1676865287.6679337 22.35294117647059
1676865288.0550346 16.47058823529412
1676865288.448117 18.03921568627451
1676865288.8693786 17.647058823529413
1676865289.2561765 17.647058823529413
1676865289.6762989 17.254901960784316
1676865290.069543 16.862745098039216
1676865290.4886615 15.686274509803923
1676865290.877599 14.901960784313726
1676865291.270211 16.07843137254902
1676865291.6886482 14.901960784313726
1676865292.0781493 14.50980392156863
1676865292.4709702 13.725490196078432
1676865292.8895278 13.725490196078432
1676865293.2788868 13.725490196078432
1676865293.6991472 13.725490196078432
1676865294.0904524 13.333333333333334
1676865294.5099502 13.333333333333334
1676865294.9000764 13.333333333333334
1676865295.291053 13.725490196078432
1676865295.710808 13.725490196078432
1676865296.1010277 13.725490196078432
1676865296.5219812 14.11764705882353
1676865296.911702 14.11764705882353
1676865297.3018558 13.725490196078432
1676865297.7228432 14.11764705882353
1676865298.1127264 14.11764705882353
1676865298.5346193 14.11764705882353
1676865298.9237368 14.11764705882353
1676865299.313704 14.11764705882353
1676865299.7354767 14.11764705882353
1676865300.126123 14.11764705882353
1676865300.5442963 14.11764705882353
1676865300.9373765 14.11764705882353
1676865301.3257675 14.11764705882353
1676865301.7454214 14.11764705882353
1676865302.1379073 14.11764705882353
1676865302.5610511 14.11764705882353
1676865302.9461398 14.11764705882353
1676865303.338478 14.11764705882353
1676865303.7597823 14.11764705882353
1676865304.1473627 14.11764705882353
1676865304.5678587 14.11764705882353
1676865304.9608357 14.11764705882353
1676865305.3483179 14.11764705882353
1676865305.7682977 14.11764705882353
1676865306.161759 14.11764705882353
