1676415154.845379 -3.450239 6.732739 -0.175971
1676415154.848215 -3.436439 6.729181 -0.350686
1676415154.858135 -3.436165 6.725457 -0.526609
1676415154.868261 -3.408666 6.721714 -0.696978
1676415154.878258 -3.408214 6.717861 -0.872948
1676415154.894007 -3.367643 6.713970 -1.036599
1676415154.901894 -3.367310 6.710316 -1.212689
1676415154.908881 -3.314779 6.706598 -1.367303
1676415154.918739 -3.314586 6.702703 -1.543045
1676415154.929455 -3.251142 6.698715 -1.686073
1676415154.939464 -3.251996 6.694688 -1.849709
1676415154.949544 -3.178427 6.690609 -1.979903
1676415154.959575 -3.178081 6.686793 -2.155628
1676415154.970153 -3.096047 6.682859 -2.271593
1676415154.980230 -3.095716 6.678821 -2.447386
1676415154.990383 -3.006506 6.674685 -2.548068
1676415155.000552 -3.006082 6.670660 -2.723605
1676415155.010567 -2.910967 6.666593 -2.808046
1676415155.021065 -2.910542 6.662493 -2.984032
1676415155.031124 -2.810967 6.658452 -3.052599
1676415155.041695 -2.815410 6.653790 -3.183573
1676415155.051284 -2.712498 6.649792 -3.237389
1676415155.061569 -2.711904 6.645503 -3.413314
1676415155.071633 -2.606840 6.641670 -3.451103
1676415155.082424 -2.606358 6.637227 -3.627523
1676415155.092652 -2.500514 6.633557 -3.650191
1676415155.102609 -2.499865 6.629026 -3.826171
1676415155.113185 -2.393944 6.625677 -3.833440
1676415155.122903 -2.393196 6.620725 -4.008915
1676415155.133776 -2.288117 6.617463 -4.001521
1676415155.143466 -2.296999 6.611308 -4.089726
1676415155.155228 -2.193127 6.608709 -4.073162
1676415155.164063 -2.192275 6.603549 -4.248925
1676415155.174204 -2.090574 6.601260 -4.219889
1676415155.184280 -2.089457 6.596029 -4.395710
1676415155.194492 -1.990272 6.594467 -4.355106
1676415155.212050 -1.989149 6.588649 -4.530424
1676415155.214714 -1.893132 6.587413 -4.478653
1676415155.225348 -1.892406 6.581529 -4.654428
1676415155.235230 -1.800214 6.581250 -4.593311
1676415155.245820 -1.814586 6.572220 -4.638888
1676415155.255477 -1.725258 6.572643 -4.575731
1676415155.265763 -1.724019 6.566122 -4.751628
1676415155.275761 -1.637985 6.566980 -4.679643
1676415155.287748 -1.636545 6.560346 -4.855149
1676415155.296285 -1.554265 6.562364 -4.775197
1676415155.306641 -1.553268 6.555752 -4.950984
1676415155.316857 -1.475369 6.559162 -4.864446
1676415155.328844 -1.473979 6.551997 -5.040383
1676415155.337575 -1.399697 6.556293 -4.947796
1676415155.347272 -1.419238 6.542272 -4.952979
1676415155.357451 -1.347729 6.546674 -4.863185
1676415155.371637 -1.346462 6.539257 -5.038914
1676415155.380481 -1.278782 6.545085 -4.943690
1676415155.390538 -1.277454 6.537356 -5.119389
1676415155.401088 -1.213400 6.544626 -5.019079
1676415155.410869 -1.211899 6.536678 -5.194547
1676415155.421788 -1.151660 6.545280 -5.090037
1676415155.431308 -1.150291 6.536925 -5.265648
1676415155.442066 -1.093629 6.547343 -5.157372
1676415155.451754 -1.119467 6.525920 -5.126928
1676415155.461964 -1.064402 6.535234 -5.025068
1676415155.472135 -1.063010 6.526604 -5.200600
1676415155.482608 -1.011223 6.537317 -5.095134
1676415155.492687 -1.009736 6.528200 -5.270772
1676415155.502637 -0.961300 6.540641 -5.162061
1676415155.513467 -0.959953 6.531289 -5.337791
1676415155.524507 -0.914456 6.545465 -5.225540
1676415155.534402 -0.912994 6.535823 -5.400680
1676415155.545214 -0.870213 6.551831 -5.286005
1676415155.557174 -0.901847 6.519551 -5.222861
1676415155.566626 -0.859942 6.533365 -5.116903
1676415155.576153 -0.858632 6.523749 -5.292218
1676415155.587477 -0.819399 6.539602 -5.183642
1676415155.597769 -0.818017 6.529853 -5.359172
1676415155.607814 -0.781471 6.547321 -5.247777
1676415155.617510 -0.779867 6.536976 -5.423023
1676415155.628453 -0.745436 6.556383 -5.309317
1676415155.638524 -0.743856 6.545688 -5.484505
1676415155.648406 -0.711778 6.567288 -5.368985
1676415155.662577 -0.749631 6.520880 -5.275378
1676415155.672217 -0.717211 6.538019 -5.169350
1676415155.682412 -0.715714 6.527327 -5.344612
1676415155.692510 -0.685375 6.546508 -5.236218
1676415155.702696 -0.683828 6.535549 -5.411524
1676415155.712997 -0.655553 6.556958 -5.300974
1676415155.721938 -0.654065 6.545749 -5.476422
1676415155.732891 -0.627824 6.569434 -5.364028
1676415155.743556 -0.626049 6.557765 -5.539278
1676415155.753235 -0.601402 6.583570 -5.424952
1676415155.763031 -0.645086 6.519056 -5.301669
1676415155.772891 -0.619229 6.537987 -5.197046
1676415155.782880 -0.617896 6.526726 -5.372631
1676415155.793407 -0.593975 6.548271 -5.266322
1676415155.803063 -0.592672 6.536569 -5.441607
1676415155.813603 -0.570503 6.560483 -5.332917
1676415155.823611 -0.569047 6.548507 -5.507939
1676415155.833826 -0.548342 6.574986 -5.397162
1676415155.843548 -0.546865 6.562750 -5.572164
1676415155.854363 -0.527650 6.591837 -5.459759
