1676862973.602855 -0.173420 -0.095680 7.808684 -0.023424 0.003194 -0.012777
1676862973.614713 -0.203320 -0.114816 7.774000 -0.023424 0.003194 -0.012777
1676862973.630605 -0.203320 -0.089700 7.750080 -0.023424 0.003194 -0.013841
1676862973.650827 -0.208104 -0.083720 7.747688 -0.023424 0.003194 -0.013841
1676862973.661962 -0.212888 -0.106444 7.747688 -0.023424 0.003194 -0.012777
1676862973.676897 -0.214084 -0.096876 7.775196 -0.023424 0.003194 -0.012777
1676862973.689913 -0.214084 -0.096876 7.747688 -0.023424 0.003194 -0.012777
1676862973.709033 -0.212888 -0.100464 7.772804 -0.023424 0.004259 -0.012777
1676862973.715358 -0.187772 -0.112424 7.772804 -0.023424 0.003194 -0.012777
1676862973.739558 -0.202124 -0.104052 7.747688 -0.023424 0.003194 -0.012777
1676862973.742544 -0.202124 -0.104052 7.765628 -0.023424 0.003194 -0.012777
1676862973.759433 -0.230828 -0.110032 7.756060 -0.023424 0.003194 -0.013841
1676862973.772213 -0.230828 -0.110032 7.756060 -0.023424 0.003194 -0.013841
1676862973.786019 -0.218868 -0.107640 7.760844 -0.023424 0.003194 -0.013841
1676862973.803303 -0.214084 -0.098072 7.753668 -0.023424 0.003194 -0.013841
1676862973.817858 -0.214084 -0.098072 7.753668 -0.023424 0.002129 -0.012777
1676862973.820673 -0.217672 -0.074152 7.779980 -0.023424 0.002129 -0.012777
1676862973.835560 -0.216476 -0.101660 7.779980 -0.023424 0.003194 -0.013841
1676862973.846410 -0.216476 -0.101660 7.783568 -0.023424 0.003194 -0.013841
1676862973.855598 -0.200928 -0.099268 7.783568 -0.023424 0.003194 -0.012777
1676862973.867479 -0.200928 -0.099268 7.778784 -0.023424 0.003194 -0.012777
1676862973.874393 -0.200928 -0.099268 7.778784 -0.023424 0.003194 -0.012777
1676862973.884066 -0.223652 -0.106444 7.774000 -0.023424 0.003194 -0.013841
1676862973.897950 -0.190164 -0.119600 7.774000 -0.023424 0.003194 -0.012777
1676862973.908133 -0.190164 -0.119600 7.782372 -0.023424 0.003194 -0.012777
1676862973.922623 -0.217672 -0.104052 7.745296 -0.022359 0.003194 -0.012777
1676862973.932104 -0.217672 -0.104052 7.745296 -0.022359 0.003194 -0.012777
1676862973.944266 -0.202124 -0.104052 7.717788 -0.022359 0.002129 -0.012777
1676862973.959643 -0.206908 -0.114816 7.764432 -0.022359 0.003194 -0.012777
1676862973.970714 -0.206908 -0.114816 7.764432 -0.022359 0.003194 -0.012777
1676862973.980093 -0.216476 -0.093288 7.776392 -0.023424 0.003194 -0.013841
1676862973.995371 -0.216476 -0.104052 7.776392 -0.023424 0.003194 -0.012777
1676862974.004349 -0.203320 -0.104052 7.803900 -0.023424 0.003194 -0.012777
1676862974.012445 -0.203320 -0.104052 7.803900 -0.023424 0.003194 -0.012777
1676862974.027472 -0.227240 -0.108836 7.746492 -0.023424 0.003194 -0.012777
1676862974.036089 -0.205712 -0.105248 7.779980 -0.022359 0.003194 -0.012777
1676862974.054088 -0.205712 -0.105248 7.779980 -0.022359 0.003194 -0.012777
1676862974.060794 -0.197340 -0.101660 7.768020 -0.023424 0.003194 -0.012777
1676862974.077822 -0.197340 -0.101660 7.768020 -0.023424 0.003194 -0.012777
1676862974.090255 -0.215280 -0.105248 7.753668 -0.023424 0.003194 -0.013841
1676862974.093041 -0.215280 -0.105248 7.753668 -0.023424 0.003194 -0.013841
1676862974.106474 -0.214084 -0.101660 7.750080 -0.023424 0.003194 -0.012777
1676862974.118181 -0.218868 -0.107640 7.750080 -0.023424 0.002129 -0.013841
1676862974.128160 -0.218868 -0.107640 7.750080 -0.023424 0.002129 -0.013841
1676862974.142504 -0.214084 -0.096876 7.753668 -0.023424 0.003194 -0.013841
1676862974.151949 -0.214084 -0.096876 7.753668 -0.023424 0.003194 -0.013841
1676862974.160420 -0.211692 -0.096876 7.754864 -0.023424 0.002129 -0.012777
1676862974.174626 -0.211692 -0.096876 7.754864 -0.023424 0.002129 -0.012777
1676862974.184334 -0.193752 -0.096876 7.775196 -0.023424 0.003194 -0.012777
1676862974.199368 -0.199732 -0.084916 7.740512 -0.022359 0.003194 -0.012777
1676862974.209027 -0.199732 -0.084916 7.740512 -0.022359 0.003194 -0.012777
1676862974.223430 -0.212888 -0.111228 7.769216 -0.022359 0.002129 -0.012777
1676862974.234543 -0.212888 -0.111228 7.769216 -0.022359 0.002129 -0.012777
1676862974.245784 -0.199732 -0.100464 7.763236 -0.023424 0.003194 -0.012777
1676862974.260297 -0.224848 -0.126776 7.763236 -0.022359 0.003194 -0.013841
1676862974.268324 -0.224848 -0.126776 7.758452 -0.022359 0.003194 -0.013841
1676862974.275493 -0.224848 -0.126776 7.758452 -0.023424 0.003194 -0.012777
1676862974.286994 -0.229632 -0.105248 7.750080 -0.023424 0.003194 -0.012777
1676862974.299432 -0.226044 -0.101660 7.756060 -0.023424 0.003194 -0.012777
1676862974.310123 -0.226044 -0.101660 7.756060 -0.023424 0.003194 -0.012777
1676862974.322560 -0.198536 -0.110032 7.764432 -0.023424 0.003194 -0.012777
1676862974.332067 -0.198536 -0.110032 7.764432 -0.023424 0.003194 -0.012777
1676862974.342543 -0.193752 -0.108836 7.744100 -0.023424 0.003194 -0.012777
1676862974.355477 -0.193752 -0.108836 7.744100 -0.022359 0.003194 -0.012777
1676862974.366852 -0.214084 -0.095680 7.770412 -0.022359 0.003194 -0.012777
1676862974.376113 -0.217672 -0.117208 7.770412 -0.023424 0.003194 -0.012777
1676862974.391394 -0.217672 -0.117208 7.774000 -0.023424 0.003194 -0.012777
1676862974.400359 -0.193752 -0.095680 7.739316 -0.022359 0.003194 -0.013841
1676862974.414089 -0.193752 -0.095680 7.739316 -0.022359 0.003194 -0.013841
1676862974.423548 -0.210496 -0.096876 7.741708 -0.022359 0.003194 -0.013841
1676862974.432142 -0.210496 -0.096876 7.741708 -0.022359 0.003194 -0.013841
1676862974.448133 -0.204516 -0.110032 7.764432 -0.022359 0.002129 -0.012777
1676862974.463995 -0.184184 -0.120796 7.766824 -0.022359 0.003194 -0.012777
1676862974.478972 -0.184184 -0.120796 7.766824 -0.022359 0.003194 -0.012777
1676862974.485171 -0.240396 -0.096876 7.760844 -0.022359 0.003194 -0.012777
1676862974.495504 -0.240396 -0.096876 7.760844 -0.022359 0.003194 -0.012777
1676862974.504560 -0.196144 -0.086112 7.716592 -0.023424 0.002129 -0.012777
1676862974.518464 -0.196144 -0.086112 7.716592 -0.023424 0.003194 -0.012777
1676862974.528280 -0.203320 -0.092092 7.781176 -0.023424 0.003194 -0.012777
1676862974.545975 -0.203320 -0.093288 7.753668 -0.023424 0.002129 -0.012777
1676862974.554710 -0.203320 -0.093288 7.753668 -0.023424 0.002129 -0.012777
1676862974.564127 -0.206908 -0.107640 7.772804 -0.023424 0.003194 -0.012777
1676862974.578579 -0.206908 -0.111228 7.772804 -0.022359 0.003194 -0.012777
1676862974.590229 -0.218868 -0.111228 7.746492 -0.022359 0.003194 -0.012777
1676862974.600186 -0.204516 -0.108836 7.754864 -0.023424 0.003194 -0.013841
1676862974.614305 -0.204516 -0.108836 7.754864 -0.023424 0.003194 -0.013841
1676862974.626420 -0.204516 -0.096876 7.793136 -0.023424 0.003194 -0.012777
1676862974.636189 -0.204516 -0.110032 7.793136 -0.023424 0.003194 -0.012777
1676862974.649259 -0.218868 -0.110032 7.735728 -0.023424 0.003194 -0.012777
1676862974.664002 -0.217672 -0.116012 7.759648 -0.024489 0.003194 -0.012777
1676862974.670521 -0.217672 -0.116012 7.759648 -0.024489 0.003194 -0.012777
1676862974.683560 -0.224848 -0.111228 7.801508 -0.023424 0.003194 -0.012777
1676862974.695145 -0.224848 -0.111228 7.801508 -0.023424 0.003194 -0.012777
1676862974.704225 -0.229632 -0.123188 7.790744 -0.022359 0.003194 -0.012777
1676862974.711353 -0.229632 -0.123188 7.790744 -0.022359 0.003194 -0.012777
1676862974.723504 -0.210496 -0.121992 7.748884 -0.023424 0.002129 -0.012777
1676862974.733807 -0.210496 -0.121992 7.748884 -0.023424 0.002129 -0.012777
1676862974.745316 -0.197340 -0.123188 7.782372 -0.023424 0.002129 -0.013841
1676862974.760394 -0.205712 -0.098072 7.782372 -0.023424 0.003194 -0.013841
1676862974.778514 -0.205712 -0.098072 7.782372 -0.023424 0.003194 -0.013841
1676862974.786094 -0.196144 -0.102856 7.734532 -0.022359 0.003194 -0.013841
1676862974.796209 -0.196144 -0.094484 7.734532 -0.023424 0.002129 -0.013841
1676862974.810849 -0.196144 -0.094484 7.754864 -0.023424 0.002129 -0.013841
1676862974.826723 -0.216476 -0.101660 7.768020 -0.023424 0.002129 -0.012777
1676862974.836547 -0.216476 -0.101660 7.768020 -0.023424 0.003194 -0.012777
1676862974.857995 -0.224848 -0.104052 7.742904 -0.023424 0.003194 -0.012777
1676862974.866105 -0.234416 -0.099268 7.771608 -0.023424 0.002129 -0.012777
1676862974.882550 -0.218868 -0.120796 7.771608 -0.023424 0.003194 -0.013841
1676862974.896288 -0.218868 -0.113620 7.774000 -0.023424 0.003194 -0.013841
1676862974.906861 -0.216476 -0.113620 7.757256 -0.023424 0.003194 -0.013841
1676862974.922838 -0.230828 -0.119600 7.762040 -0.023424 0.003194 -0.013841
1676862974.929860 -0.230828 -0.119600 7.762040 -0.023424 0.003194 -0.013841
1676862974.943550 -0.232024 -0.106444 7.772804 -0.023424 0.003194 -0.013841
1676862974.951872 -0.232024 -0.106444 7.772804 -0.023424 0.003194 -0.013841
1676862974.963393 -0.221260 -0.114816 7.756060 -0.022359 0.002129 -0.012777
1676862974.975230 -0.221260 -0.114816 7.756060 -0.022359 0.002129 -0.012777
1676862974.982998 -0.204516 -0.098072 7.764432 -0.022359 0.002129 -0.012777
1676862974.992982 -0.204516 -0.098072 7.764432 -0.022359 0.002129 -0.012777
1676862975.006038 -0.211692 -0.080132 7.752472 -0.022359 0.002129 -0.013841
1676862975.015955 -0.211692 -0.080132 7.752472 -0.023424 0.002129 -0.013841
1676862975.026042 -0.211692 -0.111228 7.788352 -0.023424 0.002129 -0.012777
1676862975.039477 -0.198536 -0.086112 7.788352 -0.023424 0.002129 -0.012777
1676862975.055229 -0.198536 -0.086112 7.782372 -0.023424 0.002129 -0.012777
1676862975.063952 -0.214084 -0.089700 7.738120 -0.022359 0.003194 -0.012777
1676862975.071109 -0.214084 -0.089700 7.738120 -0.022359 0.003194 -0.012777
1676862975.083405 -0.202124 -0.104052 7.781176 -0.023424 0.003194 -0.012777
1676862975.100390 -0.218868 -0.111228 7.733336 -0.023424 0.003194 -0.012777
1676862975.115562 -0.218868 -0.111228 7.733336 -0.023424 0.003194 -0.012777
1676862975.126418 -0.205712 -0.093288 7.750080 -0.023424 0.003194 -0.013841
1676862975.135534 -0.205712 -0.093288 7.750080 -0.023424 0.003194 -0.013841
1676862975.146651 -0.202124 -0.098072 7.771608 -0.023424 0.003194 -0.012777
1676862975.154678 -0.202124 -0.098072 7.771608 -0.023424 0.003194 -0.012777
1676862975.166348 -0.211692 -0.090896 7.736924 -0.023424 0.003194 -0.012777
1676862975.178226 -0.211692 -0.100464 7.736924 -0.023424 0.002129 -0.012777
1676862975.190290 -0.199732 -0.100464 7.787156 -0.023424 0.002129 -0.012777
1676862975.202199 -0.217672 -0.119600 7.760844 -0.023424 0.003194 -0.012777
1676862975.214755 -0.217672 -0.119600 7.760844 -0.023424 0.003194 -0.012777
1676862975.226604 -0.214084 -0.110032 7.762040 -0.023424 0.003194 -0.013841
1676862975.238170 -0.214084 -0.110032 7.762040 -0.023424 0.003194 -0.013841
1676862975.251142 -0.210496 -0.093288 7.783568 -0.023424 0.002129 -0.012777
1676862975.263482 -0.210496 -0.126776 7.783568 -0.023424 0.003194 -0.013841
1676862975.274458 -0.210496 -0.126776 7.783568 -0.023424 0.003194 -0.013841
1676862975.284158 -0.216476 -0.094484 7.765628 -0.022359 0.002129 -0.013841
1676862975.302308 -0.216476 -0.099268 7.765628 -0.022359 0.003194 -0.013841
1676862975.312815 -0.216476 -0.099268 7.790744 -0.022359 0.003194 -0.013841
1676862975.324367 -0.214084 -0.116012 7.753668 -0.022359 0.002129 -0.012777
1676862975.339612 -0.218868 -0.106444 7.753668 -0.022359 0.002129 -0.012777
1676862975.349988 -0.218868 -0.106444 7.781176 -0.022359 0.002129 -0.012777
1676862975.360236 -0.226044 -0.107640 7.751276 -0.023424 0.002129 -0.012777
1676862975.368398 -0.226044 -0.107640 7.751276 -0.023424 0.002129 -0.012777
1676862975.386594 -0.223652 -0.123188 7.766824 -0.023424 0.003194 -0.012777
1676862975.395486 -0.223652 -0.123188 7.766824 -0.023424 0.003194 -0.012777
1676862975.404845 -0.223652 -0.102856 7.721376 -0.022359 0.003194 -0.012777
1676862975.415019 -0.223652 -0.102856 7.721376 -0.022359 0.003194 -0.012777
1676862975.427376 -0.208104 -0.116012 7.751276 -0.023424 0.003194 -0.012777
1676862975.440199 -0.198536 -0.105248 7.760844 -0.022359 0.003194 -0.012777
1676862975.457013 -0.198536 -0.105248 7.760844 -0.022359 0.003194 -0.012777
1676862975.468295 -0.215280 -0.094484 7.776392 -0.022359 0.003194 -0.013841
1676862975.475761 -0.215280 -0.094484 7.776392 -0.022359 0.003194 -0.013841
1676862975.489754 -0.203320 -0.104052 7.783568 -0.023424 0.003194 -0.012777
1676862975.499984 -0.232024 -0.108836 7.750080 -0.023424 0.002129 -0.013841
1676862975.513963 -0.232024 -0.108836 7.750080 -0.023424 0.002129 -0.013841
1676862975.527597 -0.211692 -0.094484 7.734532 -0.023424 0.003194 -0.012777
1676862975.539629 -0.216476 -0.101660 7.734532 -0.023424 0.003194 -0.012777
1676862975.549925 -0.216476 -0.101660 7.751276 -0.023424 0.003194 -0.012777
1676862975.559974 -0.218868 -0.099268 7.771608 -0.023424 0.003194 -0.012777
1676862975.588761 -0.218868 -0.099268 7.771608 -0.023424 0.003194 -0.012777
1676862975.595027 -0.192556 -0.100464 7.753668 -0.023424 0.002129 -0.012777
1676862975.606789 -0.202124 -0.092092 7.796724 -0.022359 0.003194 -0.012777
1676862975.618455 -0.202124 -0.092092 7.796724 -0.022359 0.003194 -0.012777
1676862975.624622 -0.193752 -0.096876 7.771608 -0.022359 0.003194 -0.012777
1676862975.633848 -0.193752 -0.096876 7.771608 -0.022359 0.003194 -0.012777
1676862975.647401 -0.194948 -0.123188 7.769216 -0.023424 0.002129 -0.012777
1676862975.655974 -0.194948 -0.123188 7.769216 -0.023424 0.002129 -0.012777
1676862975.664366 -0.222456 -0.102856 7.753668 -0.022359 0.002129 -0.012777
1676862975.679966 -0.206908 -0.098072 7.772804 -0.022359 0.003194 -0.013841
1676862975.694382 -0.206908 -0.098072 7.772804 -0.022359 0.003194 -0.013841
1676862975.704101 -0.218868 -0.096876 7.774000 -0.022359 0.003194 -0.013841
1676862975.721679 -0.218868 -0.096876 7.774000 -0.022359 0.003194 -0.013841
1676862975.730793 -0.238004 -0.098072 7.783568 -0.023424 0.003194 -0.012777
1676862975.739240 -0.206908 -0.117208 7.765628 -0.023424 0.003194 -0.012777
1676862975.754387 -0.206908 -0.117208 7.765628 -0.023424 0.003194 -0.012777
1676862975.764169 -0.199732 -0.102856 7.765628 -0.023424 0.003194 -0.012777
1676862975.780692 -0.212888 -0.116012 7.739316 -0.023424 0.003194 -0.012777
1676862975.793198 -0.212888 -0.116012 7.739316 -0.023424 0.003194 -0.012777
1676862975.807045 -0.210496 -0.090896 7.764432 -0.023424 0.003194 -0.012777
1676862975.815730 -0.210496 -0.090896 7.764432 -0.023424 0.003194 -0.012777
1676862975.825975 -0.187772 -0.100464 7.765628 -0.023424 0.003194 -0.012777
1676862975.837968 -0.187772 -0.100464 7.765628 -0.023424 0.003194 -0.012777
1676862975.852366 -0.193752 -0.098072 7.769216 -0.023424 0.003194 -0.013841
1676862975.864338 -0.221260 -0.110032 7.746492 -0.023424 0.003194 -0.013841
1676862975.876935 -0.221260 -0.110032 7.746492 -0.023424 0.003194 -0.013841
1676862975.886353 -0.199732 -0.094484 7.741708 -0.023424 0.003194 -0.012777
1676862975.896184 -0.199732 -0.094484 7.741708 -0.023424 0.003194 -0.012777
1676862975.911520 -0.222456 -0.096876 7.751276 -0.023424 0.003194 -0.012777
1676862975.925552 -0.200928 -0.093288 7.751276 -0.023424 0.002129 -0.012777
1676862975.934154 -0.200928 -0.093288 7.760844 -0.023424 0.002129 -0.012777
1676862975.954855 -0.194948 -0.100464 7.753668 -0.023424 0.003194 -0.013841
1676862975.962617 -0.188968 -0.113620 7.763236 -0.023424 0.003194 -0.013841
1676862975.978936 -0.188968 -0.117208 7.763236 -0.023424 0.004259 -0.012777
1676862975.995239 -0.203320 -0.117208 7.744100 -0.023424 0.004259 -0.012777
1676862976.010349 -0.214084 -0.106444 7.789548 -0.023424 0.003194 -0.011712
1676862976.021144 -0.214084 -0.114816 7.789548 -0.023424 0.003194 -0.012777
1676862976.034733 -0.202124 -0.114816 7.716592 -0.023424 0.003194 -0.012777
1676862976.050440 -0.198536 -0.087308 7.724964 -0.023424 0.002129 -0.012777
1676862976.060965 -0.211692 -0.099268 7.752472 -0.023424 0.002129 -0.013841
1676862976.074878 -0.211692 -0.099268 7.752472 -0.023424 0.002129 -0.013841
1676862976.082048 -0.209300 -0.106444 7.754864 -0.023424 0.002129 -0.013841
1676862976.094298 -0.209300 -0.106444 7.754864 -0.023424 0.002129 -0.013841
1676862976.107288 -0.211692 -0.127972 7.745296 -0.023424 0.003194 -0.013841
1676862976.116426 -0.211692 -0.127972 7.745296 -0.023424 0.003194 -0.013841
1676862976.131311 -0.192556 -0.112424 7.745296 -0.023424 0.003194 -0.012777
1676862976.145673 -0.210496 -0.108836 7.751276 -0.023424 0.003194 -0.013841
1676862976.159858 -0.220064 -0.112424 7.751276 -0.023424 0.003194 -0.013841
1676862976.169713 -0.220064 -0.112424 7.752472 -0.023424 0.003194 -0.013841
1676862976.182636 -0.215280 -0.099268 7.765628 -0.022359 0.003194 -0.013841
1676862976.195254 -0.215280 -0.099268 7.765628 -0.022359 0.003194 -0.013841
1676862976.206156 -0.205712 -0.106444 7.739316 -0.023424 0.002129 -0.013841
1676862976.212930 -0.205712 -0.106444 7.739316 -0.023424 0.002129 -0.013841
1676862976.226639 -0.212888 -0.095680 7.726160 -0.022359 0.003194 -0.013841
1676862976.238653 -0.212888 -0.095680 7.726160 -0.022359 0.003194 -0.013841
1676862976.248451 -0.206908 -0.116012 7.751276 -0.022359 0.003194 -0.012777
1676862976.256088 -0.206908 -0.116012 7.751276 -0.022359 0.003194 -0.012777
1676862976.272903 -0.224848 -0.108836 7.748884 -0.022359 0.003194 -0.013841
1676862976.286992 -0.215280 -0.114816 7.757256 -0.023424 0.003194 -0.013841
1676862976.297609 -0.215280 -0.114816 7.757256 -0.023424 0.003194 -0.013841
1676862976.310837 -0.215280 -0.104052 7.739316 -0.022359 0.003194 -0.012777
1676862976.320549 -0.198536 -0.108836 7.793136 -0.023424 0.003194 -0.012777
1676862976.334569 -0.198536 -0.108836 7.793136 -0.023424 0.003194 -0.012777
1676862976.344557 -0.216476 -0.118404 7.753668 -0.023424 0.003194 -0.012777
1676862976.358206 -0.216476 -0.124384 7.753668 -0.022359 0.003194 -0.012777
1676862976.370729 -0.217672 -0.124384 7.802704 -0.022359 0.003194 -0.012777
1676862976.378969 -0.215280 -0.113620 7.756060 -0.022359 0.003194 -0.013841
1676862976.389955 -0.215280 -0.113620 7.756060 -0.022359 0.003194 -0.013841
1676862976.403524 -0.200928 -0.111228 7.745296 -0.022359 0.003194 -0.013841
1676862976.414610 -0.200928 -0.111228 7.745296 -0.022359 0.003194 -0.013841
1676862976.427827 -0.193752 -0.107640 7.765628 -0.022359 0.003194 -0.012777
1676862976.435319 -0.193752 -0.107640 7.765628 -0.022359 0.003194 -0.012777
1676862976.442855 -0.202124 -0.105248 7.723768 -0.023424 0.003194 -0.013841
1676862976.452776 -0.202124 -0.105248 7.723768 -0.023424 0.003194 -0.013841
1676862976.463399 -0.230828 -0.100464 7.782372 -0.023424 0.002129 -0.012777
1676862976.472937 -0.230828 -0.100464 7.782372 -0.023424 0.002129 -0.012777
1676862976.483831 -0.221260 -0.111228 7.785960 -0.023424 0.003194 -0.012777
1676862976.493958 -0.221260 -0.111228 7.785960 -0.023424 0.003194 -0.012777
1676862976.504113 -0.209300 -0.111228 7.763236 -0.023424 0.003194 -0.012777
1676862976.515885 -0.209300 -0.111228 7.763236 -0.023424 0.003194 -0.012777
1676862976.524469 -0.209300 -0.100464 7.748884 -0.022359 0.003194 -0.012777
1676862976.535000 -0.209300 -0.100464 7.748884 -0.022359 0.003194 -0.012777
1676862976.544769 -0.193752 -0.111228 7.750080 -0.022359 0.002129 -0.013841
1676862976.555307 -0.193752 -0.111228 7.750080 -0.022359 0.002129 -0.013841
1676862976.566496 -0.196144 -0.093288 7.760844 -0.022359 0.003194 -0.013841
1676862976.575505 -0.196144 -0.093288 7.760844 -0.022359 0.003194 -0.013841
1676862976.585640 -0.211692 -0.110032 7.742904 -0.023424 0.003194 -0.012777
1676862976.595730 -0.211692 -0.110032 7.742904 -0.023424 0.003194 -0.012777
1676862976.606214 -0.205712 -0.114816 7.768020 -0.023424 0.003194 -0.012777
1676862976.616063 -0.205712 -0.114816 7.768020 -0.023424 0.003194 -0.012777
1676862976.632338 -0.204516 -0.107640 7.742904 -0.023424 0.002129 -0.012777
1676862976.646333 -0.196144 -0.104052 7.742904 -0.023424 0.002129 -0.012777
1676862976.658399 -0.196144 -0.104052 7.772804 -0.023424 0.002129 -0.012777
1676862976.671322 -0.218868 -0.119600 7.763236 -0.023424 0.003194 -0.012777
1676862976.682509 -0.220064 -0.106444 7.763236 -0.023424 0.003194 -0.012777
1676862976.694321 -0.220064 -0.106444 7.781176 -0.023424 0.003194 -0.012777
1676862976.709178 -0.192556 -0.126776 7.757256 -0.023424 0.002129 -0.012777
1676862976.734507 -0.210496 -0.090896 7.748884 -0.023424 0.003194 -0.012777
1676862976.742259 -0.210496 -0.105248 7.748884 -0.024489 0.003194 -0.013841
1676862976.751816 -0.215280 -0.105248 7.754864 -0.024489 0.003194 -0.013841
1676862976.758734 -0.216476 -0.108836 7.754864 -0.022359 0.003194 -0.013841
1676862976.770714 -0.216476 -0.108836 7.752472 -0.022359 0.003194 -0.013841
1676862976.782055 -0.194948 -0.116012 7.784764 -0.023424 0.003194 -0.013841
1676862976.791618 -0.194948 -0.116012 7.784764 -0.023424 0.003194 -0.013841
1676862976.812161 -0.235612 -0.114816 7.764432 -0.022359 0.003194 -0.012777
1676862976.819083 -0.202124 -0.117208 7.764432 -0.023424 0.002129 -0.012777
1676862976.830898 -0.202124 -0.117208 7.746492 -0.023424 0.002129 -0.012777
1676862976.841079 -0.194948 -0.088504 7.746492 -0.023424 0.003194 -0.012777
1676862976.847834 -0.194948 -0.088504 7.741708 -0.023424 0.003194 -0.012777
1676862976.858264 -0.194948 -0.088504 7.741708 -0.023424 0.003194 -0.013841
1676862976.868165 -0.210496 -0.093288 7.752472 -0.023424 0.003194 -0.013841
1676862976.878729 -0.210496 -0.101660 7.752472 -0.023424 0.003194 -0.012777
1676862976.888524 -0.221260 -0.101660 7.772804 -0.023424 0.003194 -0.012777
1676862976.899097 -0.181792 -0.118404 7.772804 -0.023424 0.002129 -0.012777
1676862976.908852 -0.181792 -0.118404 7.764432 -0.023424 0.002129 -0.012777
1676862976.920056 -0.218868 -0.124384 7.740512 -0.023424 0.003194 -0.012777
1676862976.929169 -0.218868 -0.124384 7.740512 -0.023424 0.003194 -0.012777
1676862976.939757 -0.192556 -0.101660 7.756060 -0.023424 0.003194 -0.012777
1676862976.949895 -0.192556 -0.101660 7.756060 -0.023424 0.003194 -0.012777
1676862976.960039 -0.206908 -0.108836 7.764432 -0.023424 0.003194 -0.013841
1676862976.975780 -0.206908 -0.108836 7.764432 -0.023424 0.003194 -0.013841
1676862976.984197 -0.216476 -0.100464 7.751276 -0.024489 0.003194 -0.013841
1676862976.994580 -0.216476 -0.100464 7.751276 -0.024489 0.003194 -0.013841
1676862977.004348 -0.223652 -0.098072 7.739316 -0.022359 0.003194 -0.013841
1676862977.014679 -0.223652 -0.098072 7.739316 -0.022359 0.003194 -0.013841
1676862977.024497 -0.186576 -0.107640 7.771608 -0.023424 0.003194 -0.012777
1676862977.034915 -0.186576 -0.107640 7.771608 -0.023424 0.003194 -0.012777
1676862977.049857 -0.199732 -0.096876 7.756060 -0.023424 0.003194 -0.013841
1676862977.055949 -0.199732 -0.096876 7.756060 -0.023424 0.003194 -0.013841
1676862977.071607 -0.202124 -0.116012 7.783568 -0.023424 0.003194 -0.013841
1676862977.084176 -0.229632 -0.112424 7.787156 -0.023424 0.003194 -0.013841
1676862977.098409 -0.229632 -0.112424 7.787156 -0.022359 0.002129 -0.013841
1676862977.106490 -0.235612 -0.135148 7.747688 -0.022359 0.002129 -0.013841
1676862977.116526 -0.235612 -0.135148 7.747688 -0.022359 0.002129 -0.013841
1676862977.126750 -0.194948 -0.118404 7.760844 -0.022359 0.002129 -0.012777
1676862977.145133 -0.175812 -0.110032 7.759648 -0.022359 0.002129 -0.012777
1676862977.152977 -0.175812 -0.110032 7.759648 -0.022359 0.002129 -0.012777
1676862977.164047 -0.190164 -0.078936 7.748884 -0.022359 0.002129 -0.012777
1676862977.178136 -0.190164 -0.078936 7.748884 -0.022359 0.003194 -0.012777
1676862977.190466 -0.200928 -0.108836 7.738120 -0.022359 0.003194 -0.012777
1676862977.201327 -0.234416 -0.102856 7.751276 -0.022359 0.003194 -0.012777
1676862977.215701 -0.234416 -0.102856 7.751276 -0.022359 0.003194 -0.012777
1676862977.226709 -0.235612 -0.105248 7.742904 -0.023424 0.002129 -0.012777
1676862977.235608 -0.235612 -0.105248 7.742904 -0.023424 0.002129 -0.012777
1676862977.250888 -0.215280 -0.086112 7.746492 -0.022359 0.002129 -0.012777
1676862977.262005 -0.218868 -0.100464 7.762040 -0.022359 0.002129 -0.013841
1676862977.275201 -0.218868 -0.100464 7.762040 -0.022359 0.002129 -0.013841
1676862977.284023 -0.202124 -0.111228 7.774000 -0.023424 0.002129 -0.013841
1676862977.292341 -0.202124 -0.111228 7.774000 -0.023424 0.002129 -0.013841
1676862977.310273 -0.197340 -0.106444 7.796724 -0.022359 0.002129 -0.013841
1676862977.321893 -0.211692 -0.107640 7.796724 -0.022359 0.002129 -0.013841
1676862977.335045 -0.211692 -0.107640 7.777588 -0.022359 0.002129 -0.013841
1676862977.344155 -0.205712 -0.094484 7.764432 -0.022359 0.002129 -0.012777
1676862977.358885 -0.205712 -0.094484 7.764432 -0.022359 0.002129 -0.012777
1676862977.367478 -0.208104 -0.101660 7.778784 -0.022359 0.002129 -0.012777
1676862977.379005 -0.208104 -0.101660 7.778784 -0.022359 0.002129 -0.012777
1676862977.388077 -0.212888 -0.105248 7.752472 -0.022359 0.002129 -0.012777
1676862977.401811 -0.235612 -0.105248 7.752472 -0.022359 0.003194 -0.013841
1676862977.413044 -0.235612 -0.105248 7.735728 -0.022359 0.003194 -0.013841
1676862977.422541 -0.202124 -0.107640 7.742904 -0.023424 0.002129 -0.012777
1676862977.432394 -0.202124 -0.107640 7.742904 -0.023424 0.002129 -0.012777
1676862977.448435 -0.188968 -0.095680 7.765628 -0.023424 0.002129 -0.012777
1676862977.463086 -0.188968 -0.095680 7.765628 -0.023424 0.003194 -0.013841
1676862977.472847 -0.180596 -0.095680 7.764432 -0.023424 0.003194 -0.013841
1676862977.486292 -0.205712 -0.098072 7.779980 -0.022359 0.003194 -0.012777
1676862977.500733 -0.205712 -0.098072 7.779980 -0.022359 0.003194 -0.012777
1676862977.508762 -0.214084 -0.105248 7.777588 -0.022359 0.003194 -0.012777
1676862977.519849 -0.228436 -0.101660 7.741708 -0.022359 0.002129 -0.012777
1676862977.531465 -0.228436 -0.101660 7.741708 -0.022359 0.002129 -0.012777
1676862977.542567 -0.205712 -0.083720 7.772804 -0.023424 0.002129 -0.012777
1676862977.552148 -0.205712 -0.083720 7.772804 -0.023424 0.002129 -0.012777
1676862977.564058 -0.205712 -0.075348 7.752472 -0.023424 0.003194 -0.012777
1676862977.578115 -0.205712 -0.075348 7.752472 -0.023424 0.003194 -0.012777
1676862977.586597 -0.224848 -0.096876 7.756060 -0.022359 0.003194 -0.013841
1676862977.603081 -0.223652 -0.114816 7.756060 -0.023424 0.003194 -0.013841
1676862977.606194 -0.223652 -0.114816 7.735728 -0.023424 0.003194 -0.013841
1676862977.621176 -0.223652 -0.114816 7.735728 -0.023424 0.003194 -0.013841
1676862977.633909 -0.226044 -0.119600 7.751276 -0.023424 0.003194 -0.013841
1676862977.649814 -0.187772 -0.118404 7.779980 -0.022359 0.002129 -0.012777
1676862977.656789 -0.187772 -0.118404 7.779980 -0.022359 0.002129 -0.012777
1676862977.667309 -0.205712 -0.119600 7.775196 -0.022359 0.002129 -0.012777
1676862977.683119 -0.210496 -0.100464 7.766824 -0.022359 0.003194 -0.012777
1676862977.693769 -0.210496 -0.100464 7.766824 -0.022359 0.003194 -0.012777
1676862977.705524 -0.216476 -0.100464 7.708220 -0.023424 0.003194 -0.013841
1676862977.716166 -0.216476 -0.100464 7.708220 -0.023424 0.003194 -0.013841
1676862977.729990 -0.193752 -0.098072 7.756060 -0.022359 0.003194 -0.012777
1676862977.736857 -0.193752 -0.098072 7.756060 -0.022359 0.003194 -0.012777
1676862977.749550 -0.232024 -0.099268 7.768020 -0.023424 0.003194 -0.013841
1676862977.758480 -0.232024 -0.099268 7.768020 -0.023424 0.003194 -0.013841
1676862977.768058 -0.212888 -0.099268 7.765628 -0.023424 0.003194 -0.012777
1676862977.777987 -0.212888 -0.099268 7.765628 -0.023424 0.003194 -0.012777
1676862977.787869 -0.191360 -0.104052 7.774000 -0.023424 0.003194 -0.013841
1676862977.798307 -0.191360 -0.104052 7.774000 -0.023424 0.003194 -0.013841
1676862977.808137 -0.220064 -0.090896 7.738120 -0.023424 0.003194 -0.013841
1676862977.818284 -0.220064 -0.090896 7.738120 -0.023424 0.003194 -0.013841
1676862977.828434 -0.209300 -0.113620 7.752472 -0.023424 0.003194 -0.012777
1676862977.838609 -0.209300 -0.113620 7.752472 -0.023424 0.003194 -0.012777
1676862977.848528 -0.222456 -0.107640 7.760844 -0.023424 0.003194 -0.012777
1676862977.858999 -0.222456 -0.107640 7.760844 -0.023424 0.003194 -0.012777
1676862977.869878 -0.215280 -0.094484 7.774000 -0.023424 0.003194 -0.012777
1676862977.879981 -0.198536 -0.070564 7.766824 -0.022359 0.003194 -0.012777
1676862977.889918 -0.198536 -0.070564 7.766824 -0.022359 0.003194 -0.012777
1676862977.899929 -0.229632 -0.092092 7.747688 -0.023424 0.002129 -0.013841
1676862977.910639 -0.229632 -0.092092 7.747688 -0.023424 0.002129 -0.013841
1676862977.920203 -0.214084 -0.105248 7.770412 -0.023424 0.003194 -0.012777
1676862977.930498 -0.214084 -0.105248 7.770412 -0.023424 0.003194 -0.012777
1676862977.940448 -0.199732 -0.108836 7.736924 -0.022359 0.002129 -0.013841
1676862977.951013 -0.199732 -0.108836 7.736924 -0.022359 0.002129 -0.013841
1676862977.960612 -0.206908 -0.088504 7.756060 -0.023424 0.003194 -0.012777
1676862977.971146 -0.206908 -0.088504 7.756060 -0.023424 0.003194 -0.012777
1676862977.980839 -0.210496 -0.101660 7.739316 -0.023424 0.002129 -0.013841
1676862977.991523 -0.210496 -0.101660 7.739316 -0.023424 0.002129 -0.013841
1676862978.001203 -0.182988 -0.101660 7.782372 -0.023424 0.003194 -0.012777
1676862978.011784 -0.182988 -0.101660 7.782372 -0.023424 0.003194 -0.012777
1676862978.021627 -0.185380 -0.111228 7.747688 -0.023424 0.003194 -0.012777
1676862978.031845 -0.185380 -0.111228 7.747688 -0.023424 0.003194 -0.012777
1676862978.041971 -0.196144 -0.129168 7.785960 -0.023424 0.003194 -0.013841
1676862978.052196 -0.196144 -0.129168 7.785960 -0.023424 0.003194 -0.013841
1676862978.062737 -0.217672 -0.124384 7.776392 -0.023424 0.003194 -0.013841
1676862978.072622 -0.217672 -0.124384 7.776392 -0.023424 0.003194 -0.013841
1676862978.083144 -0.210496 -0.102856 7.772804 -0.022359 0.003194 -0.012777
1676862978.092831 -0.210496 -0.102856 7.772804 -0.022359 0.003194 -0.012777
1676862978.110511 -0.226044 -0.088504 7.769216 -0.022359 0.003194 -0.012777
1676862978.114377 -0.226044 -0.088504 7.769216 -0.022359 0.003194 -0.012777
1676862978.126263 -0.226044 -0.089700 7.751276 -0.022359 0.003194 -0.013841
1676862978.144160 -0.226044 -0.089700 7.751276 -0.022359 0.003194 -0.012777
1676862978.165905 -0.209300 -0.082524 7.746492 -0.022359 0.003194 -0.012777
1676862978.174053 -0.210496 -0.086112 7.758452 -0.023424 0.002129 -0.012777
1676862978.194593 -0.203320 -0.112424 7.785960 -0.023424 0.003194 -0.013841
1676862978.204811 -0.204516 -0.099268 7.790744 -0.023424 0.003194 -0.013841
1676862978.214570 -0.204516 -0.099268 7.790744 -0.023424 0.003194 -0.013841
1676862978.227512 -0.211692 -0.104052 7.764432 -0.023424 0.003194 -0.012777
1676862978.236506 -0.211692 -0.104052 7.764432 -0.023424 0.003194 -0.012777
1676862978.251214 -0.229632 -0.125580 7.785960 -0.023424 0.003194 -0.012777
1676862978.262472 -0.229632 -0.125580 7.785960 -0.022359 0.003194 -0.012777
1676862978.274141 -0.214084 -0.101660 7.759648 -0.022359 0.003194 -0.012777
1676862978.282105 -0.216476 -0.089700 7.759648 -0.022359 0.002129 -0.012777
1676862978.291224 -0.216476 -0.089700 7.746492 -0.022359 0.002129 -0.012777
1676862978.301054 -0.204516 -0.071760 7.752472 -0.023424 0.002129 -0.012777
1676862978.311848 -0.204516 -0.071760 7.752472 -0.023424 0.002129 -0.012777
1676862978.322039 -0.193752 -0.072956 7.781176 -0.023424 0.003194 -0.012777
1676862978.331957 -0.193752 -0.072956 7.781176 -0.023424 0.003194 -0.012777
1676862978.342667 -0.216476 -0.080132 7.825428 -0.023424 0.002129 -0.012777
1676862978.352329 -0.216476 -0.080132 7.825428 -0.023424 0.002129 -0.012777
1676862978.362896 -0.210496 -0.072956 7.833800 -0.022359 0.003194 -0.012777
1676862978.372567 -0.210496 -0.072956 7.833800 -0.022359 0.003194 -0.012777
1676862978.386185 -0.209300 -0.104052 7.696260 -0.023424 0.002129 -0.013841
1676862978.392914 -0.209300 -0.104052 7.696260 -0.023424 0.002129 -0.013841
1676862978.403296 -0.185380 -0.107640 7.753668 -0.022359 0.002129 -0.013841
1676862978.415280 -0.185380 -0.107640 7.753668 -0.022359 0.002129 -0.013841
1676862978.425802 -0.208104 -0.119600 7.802704 -0.022359 0.003194 -0.012777
1676862978.435414 -0.208104 -0.119600 7.802704 -0.022359 0.003194 -0.012777
1676862978.444956 -0.217672 -0.111228 7.750080 -0.022359 0.001065 -0.012777
1676862978.455849 -0.217672 -0.111228 7.750080 -0.022359 0.001065 -0.012777
1676862978.465565 -0.238004 -0.117208 7.757256 -0.023424 0.003194 -0.012777
1676862978.475716 -0.238004 -0.117208 7.757256 -0.023424 0.003194 -0.012777
1676862978.486527 -0.251160 -0.099268 7.778784 -0.022359 0.003194 -0.012777
1676862978.496477 -0.251160 -0.099268 7.778784 -0.022359 0.003194 -0.012777
1676862978.507002 -0.227240 -0.074152 7.734532 -0.024489 0.003194 -0.013841
1676862978.516858 -0.227240 -0.074152 7.734532 -0.024489 0.003194 -0.013841
1676862978.528007 -0.226044 -0.098072 7.795528 -0.024489 0.004259 -0.013841
1676862978.537924 -0.226044 -0.098072 7.795528 -0.024489 0.004259 -0.013841
1676862978.548012 -0.215280 -0.148304 7.748884 -0.023424 0.004259 -0.012777
1676862978.566834 -0.194948 -0.169832 7.717788 -0.023424 0.004259 -0.012777
1676862978.582112 -0.194948 -0.169832 7.717788 -0.023424 0.004259 -0.012777
1676862978.585220 -0.212888 -0.133952 7.833800 -0.023424 0.004259 -0.012777
1676862978.595955 -0.212888 -0.133952 7.833800 -0.023424 0.004259 -0.012777
1676862978.610459 -0.196144 -0.124384 7.732140 -0.022359 0.002129 -0.012777
1676862978.622588 -0.196144 -0.124384 7.732140 -0.022359 0.003194 -0.012777
1676862978.630771 -0.196144 -0.058604 7.778784 -0.022359 0.003194 -0.012777
1676862978.643622 -0.192556 -0.066976 7.727356 -0.022359 0.002129 -0.012777
1676862978.652272 -0.192556 -0.066976 7.727356 -0.022359 0.002129 -0.012777
1676862978.665752 -0.194948 -0.080132 7.752472 -0.023424 0.004259 -0.012777
1676862978.678806 -0.194948 -0.080132 7.752472 -0.023424 0.004259 -0.012777
1676862978.691320 -0.221260 -0.088504 7.797920 -0.023424 0.003194 -0.013841
1676862978.700443 -0.221260 -0.088504 7.797920 -0.023424 0.003194 -0.013841
1676862978.712388 -0.212888 -0.077740 7.783568 -0.023424 0.003194 -0.013841
1676862978.727510 -0.191360 -0.107640 7.739316 -0.023424 0.003194 -0.012777
1676862978.737940 -0.191360 -0.107640 7.739316 -0.023424 0.003194 -0.012777
1676862978.747682 -0.196144 -0.100464 7.736924 -0.023424 0.002129 -0.012777
1676862978.759507 -0.196144 -0.100464 7.736924 -0.023424 0.003194 -0.012777
1676862978.770617 -0.203320 -0.136344 7.750080 -0.024489 0.003194 -0.012777
1676862978.782128 -0.203320 -0.136344 7.750080 -0.022359 0.003194 -0.012777
1676862978.794555 -0.240396 -0.133952 7.715396 -0.022359 0.003194 -0.012777
1676862978.805656 -0.239200 -0.148304 7.783568 -0.023424 0.003194 -0.012777
1676862978.819632 -0.239200 -0.148304 7.783568 -0.023424 0.001065 -0.012777
1676862978.830830 -0.226044 -0.147108 7.727356 -0.021294 0.001065 -0.012777
1676862978.843846 -0.192556 -0.099268 7.789548 -0.022359 0.002129 -0.013841
1676862978.853955 -0.192556 -0.099268 7.789548 -0.022359 0.002129 -0.013841
1676862978.864140 -0.184184 -0.096876 7.753668 -0.022359 0.001065 -0.012777
1676862978.878450 -0.184184 -0.096876 7.753668 -0.022359 0.001065 -0.012777
1676862978.887499 -0.198536 -0.105248 7.758452 -0.022359 0.002129 -0.012777
1676862978.897954 -0.198536 -0.105248 7.758452 -0.022359 0.002129 -0.012777
1676862978.908339 -0.204516 -0.112424 7.777588 -0.022359 0.002129 -0.013841
1676862978.922409 -0.204516 -0.112424 7.777588 -0.022359 0.001065 -0.013841
1676862978.932054 -0.204516 -0.138736 7.745296 -0.022359 0.001065 -0.012777
1676862978.945934 -0.187772 -0.100464 7.766824 -0.022359 0.001065 -0.013841
1676862978.955945 -0.187772 -0.100464 7.766824 -0.022359 0.001065 -0.013841
1676862978.970340 -0.186576 -0.078936 7.732140 -0.022359 0.001065 -0.013841
1676862978.980249 -0.186576 -0.078936 7.732140 -0.023424 0.003194 -0.012777
1676862978.992228 -0.173420 -0.051428 7.760844 -0.023424 0.003194 -0.012777
1676862979.006622 -0.221260 -0.066976 7.764432 -0.023424 0.004259 -0.012777
1676862979.015017 -0.221260 -0.066976 7.764432 -0.023424 0.004259 -0.012777
1676862979.035790 -0.248768 -0.072956 7.781176 -0.025553 0.005324 -0.012777
1676862979.043044 -0.248768 -0.072956 7.781176 -0.024489 0.004259 -0.012777
1676862979.051530 -0.242788 -0.092092 7.752472 -0.024489 0.004259 -0.012777
1676862979.062160 -0.242788 -0.096876 7.752472 -0.024489 0.004259 -0.013841
1676862979.075514 -0.247572 -0.096876 7.759648 -0.024489 0.004259 -0.013841
1676862979.085843 -0.228436 -0.118404 7.771608 -0.023424 0.003194 -0.012777
1676862979.099032 -0.228436 -0.118404 7.771608 -0.023424 0.003194 -0.012777
1676862979.110167 -0.184184 -0.107640 7.756060 -0.023424 0.003194 -0.012777
1676862979.120117 -0.184184 -0.107640 7.756060 -0.023424 0.003194 -0.012777
1676862979.134705 -0.177008 -0.126776 7.764432 -0.023424 0.003194 -0.012777
1676862979.143670 -0.184184 -0.107640 7.764432 -0.023424 0.004259 -0.012777
1676862979.154544 -0.184184 -0.107640 7.770412 -0.023424 0.004259 -0.012777
1676862979.162886 -0.185380 -0.095680 7.770412 -0.024489 0.004259 -0.012777
1676862979.175389 -0.185380 -0.095680 7.751276 -0.024489 0.004259 -0.012777
1676862979.186606 -0.226044 -0.098072 7.748884 -0.024489 0.005324 -0.012777
1676862979.196987 -0.226044 -0.098072 7.748884 -0.024489 0.005324 -0.012777
1676862979.222034 -0.254748 -0.100464 7.770412 -0.024489 0.004259 -0.012777
1676862979.238176 -0.267904 -0.139932 7.785960 -0.023424 0.003194 -0.012777
1676862979.248928 -0.247572 -0.141128 7.746492 -0.022359 0.002129 -0.012777
1676862979.258466 -0.247572 -0.141128 7.746492 -0.022359 0.002129 -0.012777
1676862979.275039 -0.216476 -0.121992 7.794332 -0.021294 0.001065 -0.012777
1676862979.285622 -0.185380 -0.111228 7.758452 -0.021294 0.000000 -0.012777
1676862979.306829 -0.203320 -0.089700 7.763236 -0.021294 0.000000 -0.012777
1676862979.317729 -0.203320 -0.089700 7.763236 -0.021294 0.000000 -0.012777
1676862979.331686 -0.192556 -0.068172 7.766824 -0.022359 0.001065 -0.012777
1676862979.340822 -0.192556 -0.068172 7.766824 -0.022359 0.001065 -0.012777
1676862979.369701 -0.196144 -0.088504 7.794332 -0.022359 0.001065 -0.012777
1676862979.375504 -0.194948 -0.092092 7.744100 -0.022359 0.002129 -0.012777
1676862979.384768 -0.197340 -0.092092 7.762040 -0.022359 0.002129 -0.012777
1676862979.398582 -0.197340 -0.092092 7.762040 -0.022359 0.002129 -0.012777
1676862979.411144 -0.198536 -0.082524 7.756060 -0.023424 0.003194 -0.012777
1676862979.420171 -0.198536 -0.082524 7.756060 -0.023424 0.004259 -0.012777
1676862979.435406 -0.193752 -0.098072 7.769216 -0.024489 0.004259 -0.012777
1676862979.442496 -0.205712 -0.102856 7.764432 -0.024489 0.004259 -0.012777
1676862979.456202 -0.205712 -0.102856 7.764432 -0.024489 0.004259 -0.012777
1676862979.472157 -0.241592 -0.147108 7.785960 -0.025553 0.005324 -0.013841
1676862979.488891 -0.245180 -0.147108 7.744100 -0.024489 0.004259 -0.012777
1676862979.495807 -0.245180 -0.147108 7.744100 -0.024489 0.004259 -0.012777
1676862979.508479 -0.245180 -0.141128 7.779980 -0.023424 0.003194 -0.013841
1676862979.520693 -0.245180 -0.141128 7.779980 -0.022359 0.002129 -0.013841
1676862979.528917 -0.214084 -0.101660 7.758452 -0.022359 0.002129 -0.013841
1676862979.542609 -0.200928 -0.057408 7.758452 -0.021294 0.000000 -0.012777
1676862979.554720 -0.200928 -0.057408 7.748884 -0.021294 0.000000 -0.012777
1676862979.564422 -0.202124 -0.055016 7.720180 -0.021294 0.001065 -0.012777
1676862979.575291 -0.202124 -0.055016 7.720180 -0.021294 0.001065 -0.012777
1676862979.587595 -0.188968 -0.060996 7.724964 -0.022359 0.002129 -0.012777
1676862979.602756 -0.188968 -0.060996 7.724964 -0.023424 0.004259 -0.012777
1676862979.606260 -0.235612 -0.098072 7.750080 -0.023424 0.004259 -0.013841
1676862979.616321 -0.235612 -0.098072 7.750080 -0.023424 0.004259 -0.013841
1676862979.628383 -0.255944 -0.105248 7.783568 -0.023424 0.004259 -0.013841
1676862979.636811 -0.255944 -0.105248 7.783568 -0.023424 0.004259 -0.013841
1676862979.655744 -0.245180 -0.118404 7.762040 -0.023424 0.003194 -0.012777
1676862979.658622 -0.245180 -0.118404 7.762040 -0.023424 0.003194 -0.012777
1676862979.674655 -0.208104 -0.104052 7.774000 -0.023424 0.002129 -0.012777
1676862979.687530 -0.194948 -0.089700 7.766824 -0.022359 0.002129 -0.012777
1676862979.699823 -0.194948 -0.089700 7.766824 -0.022359 0.002129 -0.012777
1676862979.707963 -0.181792 -0.093288 7.746492 -0.023424 0.002129 -0.012777
1676862979.720212 -0.181792 -0.093288 7.746492 -0.023424 0.002129 -0.012777
1676862979.731343 -0.199732 -0.099268 7.783568 -0.023424 0.002129 -0.012777
1676862979.741781 -0.199732 -0.099268 7.783568 -0.023424 0.002129 -0.012777
1676862979.756925 -0.218868 -0.120796 7.754864 -0.023424 0.003194 -0.013841
1676862979.768016 -0.224848 -0.139932 7.788352 -0.022359 0.003194 -0.012777
1676862979.782991 -0.224848 -0.139932 7.788352 -0.021294 0.002129 -0.012777
1676862979.792921 -0.210496 -0.132756 7.802704 -0.021294 0.002129 -0.012777
1676862979.810930 -0.181792 -0.136344 7.765628 -0.021294 0.000000 -0.012777
1676862979.827592 -0.153088 -0.090896 7.758452 -0.021294 0.000000 -0.012777
1676862979.843340 -0.150696 -0.089700 7.758452 -0.021294 0.000000 -0.013841
1676862979.847669 -0.150696 -0.089700 7.768020 -0.021294 0.000000 -0.013841
1676862979.860018 -0.150696 -0.089700 7.768020 -0.021294 0.000000 -0.013841
1676862979.873996 -0.181792 -0.066976 7.770412 -0.022359 0.002129 -0.013841
1676862979.893290 -0.238004 -0.062192 7.736924 -0.023424 0.003194 -0.013841
1676862979.906912 -0.230828 -0.053820 7.751276 -0.023424 0.003194 -0.012777
1676862979.918020 -0.230828 -0.053820 7.751276 -0.023424 0.003194 -0.012777
1676862979.931365 -0.217672 -0.074152 7.763236 -0.024489 0.003194 -0.013841
1676862979.940387 -0.217672 -0.074152 7.763236 -0.024489 0.003194 -0.013841
1676862979.948815 -0.209300 -0.070564 7.757256 -0.023424 0.003194 -0.013841
1676862979.962867 -0.209300 -0.070564 7.757256 -0.024489 0.003194 -0.012777
1676862979.971374 -0.185380 -0.071760 7.750080 -0.024489 0.003194 -0.012777
1676862979.982539 -0.185380 -0.071760 7.750080 -0.024489 0.004259 -0.012777
1676862979.994472 -0.215280 -0.104052 7.756060 -0.024489 0.004259 -0.012777
1676862980.010139 -0.228436 -0.116012 7.779980 -0.024489 0.004259 -0.012777
1676862980.016047 -0.228436 -0.116012 7.779980 -0.024489 0.004259 -0.012777
1676862980.030025 -0.218868 -0.136344 7.775196 -0.024489 0.004259 -0.013841
1676862980.039444 -0.218868 -0.136344 7.775196 -0.024489 0.004259 -0.013841
1676862980.047918 -0.235612 -0.163852 7.768020 -0.023424 0.004259 -0.012777
1676862980.060025 -0.235612 -0.163852 7.768020 -0.023424 0.004259 -0.012777
1676862980.074344 -0.215280 -0.136344 7.784764 -0.022359 0.002129 -0.012777
1676862980.084343 -0.193752 -0.132756 7.752472 -0.022359 0.001065 -0.012777
1676862980.098188 -0.193752 -0.132756 7.752472 -0.022359 0.001065 -0.012777
1676862980.108215 -0.194948 -0.095680 7.778784 -0.021294 0.001065 -0.012777
1676862980.126430 -0.199732 -0.094484 7.778784 -0.021294 0.002129 -0.012777
1676862980.135151 -0.199732 -0.094484 7.756060 -0.021294 0.002129 -0.012777
1676862980.143571 -0.218868 -0.106444 7.756060 -0.022359 0.002129 -0.013841
1676862980.154031 -0.218868 -0.106444 7.795528 -0.022359 0.002129 -0.013841
1676862980.166470 -0.198536 -0.093288 7.775196 -0.023424 0.002129 -0.013841
1676862980.178631 -0.198536 -0.093288 7.775196 -0.023424 0.002129 -0.013841
1676862980.192240 -0.221260 -0.095680 7.744100 -0.023424 0.002129 -0.013841
1676862980.200216 -0.221260 -0.095680 7.744100 -0.023424 0.002129 -0.013841
1676862980.212212 -0.217672 -0.086112 7.777588 -0.023424 0.002129 -0.013841
1676862980.223747 -0.202124 -0.110032 7.777588 -0.023424 0.003194 -0.012777
1676862980.235625 -0.202124 -0.110032 7.736924 -0.023424 0.003194 -0.012777
1676862980.244953 -0.203320 -0.104052 7.754864 -0.023424 0.003194 -0.012777
1676862980.252717 -0.203320 -0.104052 7.754864 -0.023424 0.003194 -0.012777
1676862980.268113 -0.216476 -0.104052 7.756060 -0.023424 0.003194 -0.012777
1676862980.276888 -0.216476 -0.104052 7.756060 -0.023424 0.003194 -0.012777
1676862980.290003 -0.234416 -0.092092 7.750080 -0.023424 0.003194 -0.012777
1676862980.301968 -0.234416 -0.092092 7.750080 -0.023424 0.002129 -0.012777
1676862980.326845 -0.230828 -0.099268 7.756060 -0.022359 0.003194 -0.013841
1676862980.339583 -0.230828 -0.099268 7.756060 -0.022359 0.003194 -0.013841
1676862980.352068 -0.200928 -0.098072 7.754864 -0.022359 0.003194 -0.012777
1676862980.371545 -0.215280 -0.077740 7.754864 -0.022359 0.003194 -0.012777
1676862980.381859 -0.215280 -0.077740 7.709416 -0.022359 0.003194 -0.012777
1676862980.396110 -0.224848 -0.078936 7.728552 -0.023424 0.003194 -0.012777
1676862980.414900 -0.214084 -0.087308 7.754864 -0.023424 0.003194 -0.012777
1676862980.430456 -0.233220 -0.112424 7.769216 -0.022359 0.003194 -0.013841
1676862980.441736 -0.233220 -0.112424 7.769216 -0.023424 0.003194 -0.013841
1676862980.457243 -0.205712 -0.129168 7.768020 -0.023424 0.003194 -0.013841
1676862980.473267 -0.186576 -0.126776 7.766824 -0.023424 0.002129 -0.012777
1676862980.482064 -0.186576 -0.126776 7.766824 -0.023424 0.002129 -0.012777
1676862980.495590 -0.186576 -0.124384 7.757256 -0.023424 0.002129 -0.013841
1676862980.505832 -0.198536 -0.119600 7.757256 -0.022359 0.002129 -0.012777
1676862980.520071 -0.198536 -0.119600 7.734532 -0.022359 0.002129 -0.012777
1676862980.531575 -0.200928 -0.093288 7.783568 -0.022359 0.002129 -0.012777
1676862980.539984 -0.200928 -0.093288 7.783568 -0.022359 0.002129 -0.012777
1676862980.548371 -0.210496 -0.074152 7.747688 -0.022359 0.002129 -0.012777
1676862980.565619 -0.224848 -0.065780 7.776392 -0.022359 0.002129 -0.012777
1676862980.579647 -0.224848 -0.065780 7.776392 -0.022359 0.002129 -0.012777
1676862980.590299 -0.236808 -0.066976 7.763236 -0.023424 0.003194 -0.012777
1676862980.602909 -0.236808 -0.066976 7.763236 -0.022359 0.003194 -0.012777
1676862980.614834 -0.226044 -0.099268 7.783568 -0.022359 0.003194 -0.012777
1676862980.624376 -0.206908 -0.105248 7.782372 -0.023424 0.003194 -0.012777
1676862980.637723 -0.206908 -0.105248 7.782372 -0.023424 0.003194 -0.012777
1676862980.652652 -0.198536 -0.116012 7.754864 -0.023424 0.002129 -0.013841
1676862980.660102 -0.198536 -0.116012 7.754864 -0.023424 0.002129 -0.013841
1676862980.674838 -0.167440 -0.108836 7.675928 -0.023424 0.003194 -0.012777
1676862980.690506 -0.182988 -0.063388 7.771608 -0.023424 0.003194 -0.012777
1676862980.694253 -0.182988 -0.063388 7.771608 -0.023424 0.003194 -0.012777
1676862980.706194 -0.223652 -0.069368 7.787156 -0.022359 0.001065 -0.012777
1676862980.718740 -0.223652 -0.069368 7.787156 -0.022359 0.001065 -0.012777
1676862980.728728 -0.190164 -0.100464 7.726160 -0.022359 0.001065 -0.013841
1676862980.737235 -0.190164 -0.100464 7.726160 -0.022359 0.001065 -0.013841
1676862980.753555 -0.190164 -0.065780 7.789548 -0.021294 0.001065 -0.012777
