1676066543.760533 nan nan nan nan nan nan
1676066543.863095 nan nan nan nan nan nan
1676066543.966157 nan nan nan nan nan nan
1676066544.068928 nan nan nan nan nan nan
1676066544.172132 nan nan nan nan nan nan
1676066544.274818 nan nan nan nan nan nan
1676066544.377317 nan nan nan nan nan nan
1676066544.480750 nan nan nan nan nan nan
1676066544.587037 nan nan nan nan nan nan
1676066544.689479 nan nan nan nan nan nan
1676066544.792734 nan nan nan nan nan nan
1676066544.894989 nan nan nan nan nan nan
1676066545.002711 nan nan nan nan nan nan
1676066545.106364 nan nan nan nan nan nan
1676066545.209937 nan nan nan nan nan nan
1676066545.313174 nan nan nan nan nan nan
1676066545.416289 nan nan nan nan nan nan
1676066545.518887 nan nan nan nan nan nan
1676066545.624433 nan nan nan nan nan nan
1676066545.726887 nan nan nan nan nan nan
1676066545.830014 nan nan nan nan nan nan
1676066545.933234 nan nan nan nan nan nan
1676066546.037109 nan nan nan nan nan nan
1676066546.139365 nan nan nan nan nan nan
1676066546.243592 nan nan nan nan nan nan
1676066546.345616 nan nan nan nan nan nan
1676066546.448916 nan nan nan nan nan nan
1676066546.551759 nan nan nan nan nan nan
1676066546.660918 nan nan nan nan nan nan
1676066546.763046 nan nan nan nan nan nan
1676066546.865647 nan nan nan nan nan nan
1676066546.969058 nan nan nan nan nan nan
1676066547.071637 nan nan nan nan nan nan
1676066547.174668 nan nan nan nan nan nan
1676066547.278003 nan nan nan nan nan nan
1676066547.380557 nan nan nan nan nan nan
1676066547.483483 nan nan nan nan nan nan
1676066547.587466 nan nan nan nan nan nan
1676066547.693144 nan nan nan nan nan nan
1676066547.796270 nan nan nan nan nan nan
1676066547.898933 nan nan nan nan nan nan
1676066548.002165 nan nan nan nan nan nan
1676066548.105032 nan nan nan nan nan nan
1676066548.208779 nan nan nan nan nan nan
1676066548.312147 nan nan nan nan nan nan
1676066548.415081 nan nan nan nan nan nan
1676066548.518672 nan nan nan nan nan nan
1676066548.622282 nan nan nan nan nan nan
1676066548.726204 nan nan nan nan nan nan
1676066548.829250 nan nan nan nan nan nan
1676066548.932707 nan nan nan nan nan nan
1676066549.035826 nan nan nan nan nan nan
1676066549.137986 nan nan nan nan nan nan
1676066549.241222 nan nan nan nan nan nan
1676066549.344690 nan nan nan nan nan nan
1676066549.447402 nan nan nan nan nan nan
1676066549.551727 nan nan nan nan nan nan
1676066549.655218 nan nan nan nan nan nan
1676066549.760598 nan nan nan nan nan nan
1676066549.863393 nan nan nan nan nan nan
1676066549.968909 nan nan nan nan nan nan
1676066550.072532 nan nan nan nan nan nan
1676066550.175459 nan nan nan nan nan nan
1676066550.279036 nan nan nan nan nan nan
1676066550.381639 nan nan nan nan nan nan
1676066550.485240 nan nan nan nan nan nan
1676066550.589138 nan nan nan nan nan nan
1676066550.692665 nan nan nan nan nan nan
1676066550.798326 nan nan nan nan nan nan
1676066550.901648 nan nan nan nan nan nan
1676066551.005180 nan nan nan nan nan nan
1676066551.108340 nan nan nan nan nan nan
1676066551.211510 nan nan nan nan nan nan
1676066551.314908 nan nan nan nan nan nan
1676066551.417368 nan nan nan nan nan nan

