1676319738.507081 -0.126776 -0.138736 10.555896 0.653741 -0.053236 0.018100
1676319738.515280 -0.138736 -0.154284 10.525996 0.653741 -0.053236 0.018100
1676319738.523191 -0.123188 -0.130364 10.518820 0.653741 -0.053236 0.018100
1676319738.529563 -0.123188 -0.130364 10.518820 0.653741 -0.053236 0.018100
1676319738.537843 -0.123188 -0.100464 10.518820 0.654805 -0.052171 0.018100
1676319738.544738 -0.194948 -0.100464 10.485332 0.654805 -0.052171 0.018100
1676319738.552731 -0.194948 -0.100464 10.485332 0.654805 -0.052171 0.018100
1676319738.560189 -0.159068 -0.125580 10.524800 0.654805 -0.054301 0.018100
1676319738.568007 -0.159068 -0.125580 10.524800 0.654805 -0.054301 0.018100
1676319738.575887 -0.159068 -0.125580 10.524800 0.653741 -0.054301 0.018100
1676319738.583840 -0.075348 -0.137540 10.546328 0.653741 -0.054301 0.018100
1676319738.590643 -0.075348 -0.137540 10.546328 0.653741 -0.054301 0.018100
1676319738.599367 -0.145912 -0.108836 10.510448 0.654805 -0.052171 0.018100
1676319738.607778 -0.145912 -0.108836 10.510448 0.654805 -0.052171 0.018100
1676319738.615362 -0.145912 -0.108836 10.510448 0.654805 -0.052171 0.018100
1676319738.623643 -0.166244 -0.107640 10.498488 0.654805 -0.053236 0.018100
1676319738.631369 -0.166244 -0.107640 10.498488 0.654805 -0.053236 0.018100
1676319738.638772 -0.123188 -0.149500 10.497292 0.654805 -0.054301 0.018100
1676319738.647785 -0.123188 -0.149500 10.497292 0.654805 -0.054301 0.018100
1676319738.655798 -0.123188 -0.149500 10.497292 0.655870 -0.053236 0.018100
1676319738.663743 -0.139932 -0.139932 10.551112 0.655870 -0.053236 0.018100
1676319738.671695 -0.139932 -0.139932 10.551112 0.655870 -0.053236 0.018100
1676319738.682411 -0.139932 -0.101660 10.512840 0.654805 -0.052171 0.018100
1676319738.692220 -0.139932 -0.101660 10.512840 0.654805 -0.052171 0.018100
1676319738.698971 -0.142324 -0.130364 10.508056 0.654805 -0.053236 0.018100
1676319738.707142 -0.142324 -0.130364 10.508056 0.654805 -0.053236 0.018100
1676319738.714800 -0.142324 -0.130364 10.508056 0.654805 -0.053236 0.018100
1676319738.722647 -0.143520 -0.124384 10.535564 0.654805 -0.053236 0.017036
1676319738.730076 -0.143520 -0.124384 10.535564 0.654805 -0.053236 0.017036
1676319738.739439 -0.144716 -0.112424 10.506860 0.654805 -0.053236 0.017036
1676319738.746740 -0.144716 -0.112424 10.506860 0.654805 -0.053236 0.017036
1676319738.755479 -0.144716 -0.112424 10.506860 0.654805 -0.053236 0.017036
1676319738.762499 -0.144716 -0.124384 10.500880 0.654805 -0.053236 0.017036
1676319738.769793 -0.144716 -0.124384 10.500880 0.654805 -0.053236 0.017036
1676319738.777515 -0.144716 -0.119600 10.512840 0.655870 -0.053236 0.018100
1676319738.786328 -0.144716 -0.119600 10.512840 0.655870 -0.053236 0.018100
1676319738.793083 -0.144716 -0.119600 10.512840 0.655870 -0.053236 0.018100
1676319738.800800 -0.136344 -0.125580 10.537956 0.654805 -0.053236 0.018100
1676319738.809557 -0.136344 -0.125580 10.537956 0.654805 -0.053236 0.018100
1676319738.815642 -0.136344 -0.125580 10.537956 0.654805 -0.052171 0.018100
1676319738.824768 -0.160264 -0.136344 10.503272 0.654805 -0.052171 0.017036
1676319738.831873 -0.160264 -0.136344 10.503272 0.654805 -0.052171 0.017036
1676319738.839873 -0.137540 -0.130364 10.508056 0.654805 -0.053236 0.017036
1676319738.847261 -0.137540 -0.130364 10.508056 0.654805 -0.053236 0.017036
1676319738.855028 -0.137540 -0.130364 10.508056 0.654805 -0.053236 0.017036
1676319738.863782 -0.130364 -0.117208 10.522408 0.654805 -0.053236 0.018100
1676319738.871755 -0.130364 -0.117208 10.522408 0.654805 -0.053236 0.018100
1676319738.879416 -0.132756 -0.112424 10.506860 0.654805 -0.052171 0.018100
1676319738.887643 -0.132756 -0.112424 10.506860 0.654805 -0.052171 0.018100
1676319738.895692 -0.132756 -0.112424 10.506860 0.654805 -0.053236 0.018100
1676319738.902954 -0.121992 -0.142324 10.533172 0.654805 -0.053236 0.018100
1676319738.911568 -0.121992 -0.142324 10.533172 0.654805 -0.053236 0.018100
1676319738.918956 -0.108836 -0.130364 10.543936 0.654805 -0.053236 0.018100
1676319738.927932 -0.108836 -0.130364 10.543936 0.654805 -0.053236 0.018100
1676319738.935218 -0.108836 -0.130364 10.543936 0.654805 -0.053236 0.018100
1676319738.943009 -0.267904 -0.088504 10.444668 0.655870 -0.050042 0.018100
1676319738.951480 -0.267904 -0.088504 10.444668 0.655870 -0.050042 0.018100
1676319738.958913 -0.096876 -0.129168 10.520016 0.654805 -0.054301 0.018100
1676319738.967485 -0.096876 -0.129168 10.520016 0.654805 -0.054301 0.018100
1676319738.975356 -0.096876 -0.129168 10.520016 0.654805 -0.053236 0.018100
1676319738.983375 -0.081328 -0.135148 10.558288 0.654805 -0.053236 0.018100
1676319738.991325 -0.081328 -0.135148 10.558288 0.654805 -0.053236 0.018100
1676319738.999783 -0.172224 -0.137540 10.487724 0.654805 -0.052171 0.018100
1676319739.008089 -0.172224 -0.137540 10.487724 0.654805 -0.052171 0.018100
1676319739.015831 -0.172224 -0.137540 10.487724 0.654805 -0.052171 0.018100
1676319739.022644 -0.178204 -0.119600 10.503272 0.654805 -0.052171 0.018100
1676319739.031458 -0.178204 -0.119600 10.503272 0.654805 -0.052171 0.018100
1676319739.039719 -0.145912 -0.149500 10.512840 0.654805 -0.054301 0.017036
1676319739.047232 -0.145912 -0.149500 10.512840 0.654805 -0.054301 0.017036
1676319739.055356 -0.145912 -0.149500 10.512840 0.654805 -0.053236 0.017036
1676319739.064224 -0.125580 -0.133952 10.528388 0.654805 -0.053236 0.017036
1676319739.071045 -0.125580 -0.133952 10.528388 0.654805 -0.053236 0.017036
1676319739.079559 -0.165048 -0.100464 10.496096 0.654805 -0.052171 0.018100
1676319739.086463 -0.165048 -0.100464 10.496096 0.654805 -0.052171 0.018100
1676319739.094755 -0.165048 -0.100464 10.496096 0.654805 -0.052171 0.018100
1676319739.101801 -0.139932 -0.136344 10.529584 0.653741 -0.052171 0.018100
1676319739.109500 -0.139932 -0.136344 10.529584 0.653741 -0.052171 0.018100
1676319739.118323 -0.142324 -0.127972 10.529584 0.654805 -0.052171 0.017036
1676319739.124112 -0.142324 -0.127972 10.494900 0.654805 -0.052171 0.017036
1676319739.132157 -0.142324 -0.127972 10.494900 0.654805 -0.052171 0.017036
1676319739.140076 -0.155480 -0.124384 10.517624 0.654805 -0.053236 0.017036
1676319739.147999 -0.155480 -0.124384 10.517624 0.654805 -0.053236 0.017036
1676319739.155896 -0.155480 -0.123188 10.517624 0.654805 -0.052171 0.018100
1676319739.163293 -0.136344 -0.123188 10.516428 0.654805 -0.052171 0.018100
1676319739.171598 -0.136344 -0.123188 10.516428 0.654805 -0.052171 0.018100
1676319739.180175 -0.143520 -0.124384 10.527192 0.654805 -0.053236 0.018100
1676319739.188249 -0.143520 -0.124384 10.527192 0.654805 -0.053236 0.018100
1676319739.195365 -0.143520 -0.124384 10.527192 0.653741 -0.053236 0.018100
1676319739.203493 -0.137540 -0.110032 10.504468 0.653741 -0.053236 0.018100
1676319739.211556 -0.137540 -0.110032 10.504468 0.653741 -0.053236 0.018100
1676319739.219837 -0.130364 -0.133952 10.512840 0.654805 -0.052171 0.017036
1676319739.228733 -0.130364 -0.133952 10.512840 0.654805 -0.052171 0.017036
1676319739.235750 -0.130364 -0.133952 10.512840 0.654805 -0.052171 0.017036
1676319739.244326 -0.126776 -0.131560 10.534368 0.654805 -0.052171 0.017036
1676319739.252188 -0.126776 -0.131560 10.534368 0.654805 -0.052171 0.017036
1676319739.260146 -0.147108 -0.120796 10.494900 0.654805 -0.052171 0.017036
1676319739.267576 -0.147108 -0.120796 10.494900 0.654805 -0.052171 0.017036
1676319739.275483 -0.147108 -0.120796 10.494900 0.654805 -0.052171 0.017036
1676319739.284246 -0.137540 -0.101660 10.484136 0.654805 -0.052171 0.017036
1676319739.291438 -0.137540 -0.101660 10.484136 0.654805 -0.052171 0.017036
